------------------------------------------------------------------------------------------------
Begin program
 - Category: b3j4
------------------------------------------------------------------------------------------------
used config file: config/FullMcBkgdSamples_ExtraSystematicSamples_TreeProcessor.xml
 - split TTBar dataset into ...TTJets_ll, TTJets_cc and TTJets_ll
Dataset:  :TTJets_powhegweight1
--- Reader                   : Booking "BDTG method" of type "BDT" from weights/Training_SThut_All_b3j4_BDT.weights.xml.
--- MethodBase               : Reading weight file: weights/Training_SThut_All_b3j4_BDT.weights.xml
--- BDT                      : Read method "BDT" of type "BDT"
--- BDT                      : MVA method was trained with TMVA Version: 4.2.1
--- BDT                      : MVA method was trained with ROOT Version: 6.06/01
--- DataSetInfo              : Added class "Background"	 with internal class number 0
--- DataSetInfo              : Added class "Signal"	 with internal class number 1
--- Reader                   : Booked classifier "BDT" of type: "BDT"
--- Reader                   : Booking "BDTG method" of type "BDT" from weights/Training_TThut_All_b3j4_BDT.weights.xml.
--- MethodBase               : Reading weight file: weights/Training_TThut_All_b3j4_BDT.weights.xml
--- BDT                      : Read method "BDT" of type "BDT"
--- BDT                      : MVA method was trained with TMVA Version: 4.2.1
--- BDT                      : MVA method was trained with ROOT Version: 6.06/01
--- DataSetInfo              : Added class "Background"	 with internal class number 0
--- DataSetInfo              : Added class "Signal"	 with internal class number 1
--- Reader                   : Booked classifier "BDT" of type: "BDT"
--- Reader                   : Booking "BDTG method" of type "BDT" from weights/CombTraining_hut_All_b3j4_BDT.weights.xml.
--- MethodBase               : Reading weight file: weights/CombTraining_hut_All_b3j4_BDT.weights.xml
--- BDT                      : Read method "BDT" of type "BDT"
--- BDT                      : MVA method was trained with TMVA Version: 4.2.1
--- BDT                      : MVA method was trained with ROOT Version: 6.06/01
--- DataSetInfo              : Added class "Background"	 with internal class number 0
--- DataSetInfo              : Added class "Signal"	 with internal class number 1
--- Reader                   : Booked classifier "BDT" of type: "BDT"
                 nEntries: 2602124
Dataset:  :TTJets_powhegweight2
--- Reader                   : Booking "BDTG method" of type "BDT" from weights/Training_SThut_All_b3j4_BDT.weights.xml.
--- MethodBase               : Reading weight file: weights/Training_SThut_All_b3j4_BDT.weights.xml
--- BDT                      : Read method "BDT" of type "BDT"
--- BDT                      : MVA method was trained with TMVA Version: 4.2.1
--- BDT                      : MVA method was trained with ROOT Version: 6.06/01
--- DataSetInfo              : Added class "Background"	 with internal class number 0
--- DataSetInfo              : Added class "Signal"	 with internal class number 1
--- Reader                   : Booked classifier "BDT" of type: "BDT"
--- Reader                   : Booking "BDTG method" of type "BDT" from weights/Training_TThut_All_b3j4_BDT.weights.xml.
--- MethodBase               : Reading weight file: weights/Training_TThut_All_b3j4_BDT.weights.xml
--- BDT                      : Read method "BDT" of type "BDT"
--- BDT                      : MVA method was trained with TMVA Version: 4.2.1
--- BDT                      : MVA method was trained with ROOT Version: 6.06/01
--- DataSetInfo              : Added class "Background"	 with internal class number 0
--- DataSetInfo              : Added class "Signal"	 with internal class number 1
--- Reader                   : Booked classifier "BDT" of type: "BDT"
--- Reader                   : Booking "BDTG method" of type "BDT" from weights/CombTraining_hut_All_b3j4_BDT.weights.xml.
--- MethodBase               : Reading weight file: weights/CombTraining_hut_All_b3j4_BDT.weights.xml
--- BDT                      : Read method "BDT" of type "BDT"
--- BDT                      : MVA method was trained with TMVA Version: 4.2.1
--- BDT                      : MVA method was trained with ROOT Version: 6.06/01
--- DataSetInfo              : Added class "Background"	 with internal class number 0
--- DataSetInfo              : Added class "Signal"	 with internal class number 1
--- Reader                   : Booked classifier "BDT" of type: "BDT"
                 nEntries: 2602124
Dataset:  :TTJets_powhegweight3
--- Reader                   : Booking "BDTG method" of type "BDT" from weights/Training_SThut_All_b3j4_BDT.weights.xml.
--- MethodBase               : Reading weight file: weights/Training_SThut_All_b3j4_BDT.weights.xml
--- BDT                      : Read method "BDT" of type "BDT"
--- BDT                      : MVA method was trained with TMVA Version: 4.2.1
--- BDT                      : MVA method was trained with ROOT Version: 6.06/01
--- DataSetInfo              : Added class "Background"	 with internal class number 0
--- DataSetInfo              : Added class "Signal"	 with internal class number 1
--- Reader                   : Booked classifier "BDT" of type: "BDT"
--- Reader                   : Booking "BDTG method" of type "BDT" from weights/Training_TThut_All_b3j4_BDT.weights.xml.
--- MethodBase               : Reading weight file: weights/Training_TThut_All_b3j4_BDT.weights.xml
--- BDT                      : Read method "BDT" of type "BDT"
--- BDT                      : MVA method was trained with TMVA Version: 4.2.1
--- BDT                      : MVA method was trained with ROOT Version: 6.06/01
--- DataSetInfo              : Added class "Background"	 with internal class number 0
--- DataSetInfo              : Added class "Signal"	 with internal class number 1
--- Reader                   : Booked classifier "BDT" of type: "BDT"
--- Reader                   : Booking "BDTG method" of type "BDT" from weights/CombTraining_hut_All_b3j4_BDT.weights.xml.
--- MethodBase               : Reading weight file: weights/CombTraining_hut_All_b3j4_BDT.weights.xml
--- BDT                      : Read method "BDT" of type "BDT"
--- BDT                      : MVA method was trained with TMVA Version: 4.2.1
--- BDT                      : MVA method was trained with ROOT Version: 6.06/01
--- DataSetInfo              : Added class "Background"	 with internal class number 0
--- DataSetInfo              : Added class "Signal"	 with internal class number 1
--- Reader                   : Booked classifier "BDT" of type: "BDT"
                 nEntries: 2602124
Dataset:  :TTJets_powhegweight4
--- Reader                   : Booking "BDTG method" of type "BDT" from weights/Training_SThut_All_b3j4_BDT.weights.xml.
--- MethodBase               : Reading weight file: weights/Training_SThut_All_b3j4_BDT.weights.xml
--- BDT                      : Read method "BDT" of type "BDT"
--- BDT                      : MVA method was trained with TMVA Version: 4.2.1
--- BDT                      : MVA method was trained with ROOT Version: 6.06/01
--- DataSetInfo              : Added class "Background"	 with internal class number 0
--- DataSetInfo              : Added class "Signal"	 with internal class number 1
--- Reader                   : Booked classifier "BDT" of type: "BDT"
--- Reader                   : Booking "BDTG method" of type "BDT" from weights/Training_TThut_All_b3j4_BDT.weights.xml.
--- MethodBase               : Reading weight file: weights/Training_TThut_All_b3j4_BDT.weights.xml
--- BDT                      : Read method "BDT" of type "BDT"
--- BDT                      : MVA method was trained with TMVA Version: 4.2.1
--- BDT                      : MVA method was trained with ROOT Version: 6.06/01
--- DataSetInfo              : Added class "Background"	 with internal class number 0
--- DataSetInfo              : Added class "Signal"	 with internal class number 1
--- Reader                   : Booked classifier "BDT" of type: "BDT"
--- Reader                   : Booking "BDTG method" of type "BDT" from weights/CombTraining_hut_All_b3j4_BDT.weights.xml.
--- MethodBase               : Reading weight file: weights/CombTraining_hut_All_b3j4_BDT.weights.xml
--- BDT                      : Read method "BDT" of type "BDT"
--- BDT                      : MVA method was trained with TMVA Version: 4.2.1
--- BDT                      : MVA method was trained with ROOT Version: 6.06/01
--- DataSetInfo              : Added class "Background"	 with internal class number 0
--- DataSetInfo              : Added class "Signal"	 with internal class number 1
--- Reader                   : Booked classifier "BDT" of type: "BDT"
                 nEntries: 2602124
Dataset:  :TTJets_powhegweight6
--- Reader                   : Booking "BDTG method" of type "BDT" from weights/Training_SThut_All_b3j4_BDT.weights.xml.
--- MethodBase               : Reading weight file: weights/Training_SThut_All_b3j4_BDT.weights.xml
--- BDT                      : Read method "BDT" of type "BDT"
--- BDT                      : MVA method was trained with TMVA Version: 4.2.1
--- BDT                      : MVA method was trained with ROOT Version: 6.06/01
--- DataSetInfo              : Added class "Background"	 with internal class number 0
--- DataSetInfo              : Added class "Signal"	 with internal class number 1
--- Reader                   : Booked classifier "BDT" of type: "BDT"
--- Reader                   : Booking "BDTG method" of type "BDT" from weights/Training_TThut_All_b3j4_BDT.weights.xml.
--- MethodBase               : Reading weight file: weights/Training_TThut_All_b3j4_BDT.weights.xml
--- BDT                      : Read method "BDT" of type "BDT"
--- BDT                      : MVA method was trained with TMVA Version: 4.2.1
--- BDT                      : MVA method was trained with ROOT Version: 6.06/01
--- DataSetInfo              : Added class "Background"	 with internal class number 0
--- DataSetInfo              : Added class "Signal"	 with internal class number 1
--- Reader                   : Booked classifier "BDT" of type: "BDT"
--- Reader                   : Booking "BDTG method" of type "BDT" from weights/CombTraining_hut_All_b3j4_BDT.weights.xml.
--- MethodBase               : Reading weight file: weights/CombTraining_hut_All_b3j4_BDT.weights.xml
--- BDT                      : Read method "BDT" of type "BDT"
--- BDT                      : MVA method was trained with TMVA Version: 4.2.1
--- BDT                      : MVA method was trained with ROOT Version: 6.06/01
--- DataSetInfo              : Added class "Background"	 with internal class number 0
--- DataSetInfo              : Added class "Signal"	 with internal class number 1
--- Reader                   : Booked classifier "BDT" of type: "BDT"
                 nEntries: 2602124
Dataset:  :TTJets_powhegweight8
--- Reader                   : Booking "BDTG method" of type "BDT" from weights/Training_SThut_All_b3j4_BDT.weights.xml.
--- MethodBase               : Reading weight file: weights/Training_SThut_All_b3j4_BDT.weights.xml
--- BDT                      : Read method "BDT" of type "BDT"
--- BDT                      : MVA method was trained with TMVA Version: 4.2.1
--- BDT                      : MVA method was trained with ROOT Version: 6.06/01
--- DataSetInfo              : Added class "Background"	 with internal class number 0
--- DataSetInfo              : Added class "Signal"	 with internal class number 1
--- Reader                   : Booked classifier "BDT" of type: "BDT"
--- Reader                   : Booking "BDTG method" of type "BDT" from weights/Training_TThut_All_b3j4_BDT.weights.xml.
--- MethodBase               : Reading weight file: weights/Training_TThut_All_b3j4_BDT.weights.xml
--- BDT                      : Read method "BDT" of type "BDT"
--- BDT                      : MVA method was trained with TMVA Version: 4.2.1
--- BDT                      : MVA method was trained with ROOT Version: 6.06/01
--- DataSetInfo              : Added class "Background"	 with internal class number 0
--- DataSetInfo              : Added class "Signal"	 with internal class number 1
--- Reader                   : Booked classifier "BDT" of type: "BDT"
--- Reader                   : Booking "BDTG method" of type "BDT" from weights/CombTraining_hut_All_b3j4_BDT.weights.xml.
--- MethodBase               : Reading weight file: weights/CombTraining_hut_All_b3j4_BDT.weights.xml
--- BDT                      : Read method "BDT" of type "BDT"
--- BDT                      : MVA method was trained with TMVA Version: 4.2.1
--- BDT                      : MVA method was trained with ROOT Version: 6.06/01
--- DataSetInfo              : Added class "Background"	 with internal class number 0
--- DataSetInfo              : Added class "Signal"	 with internal class number 1
--- Reader                   : Booked classifier "BDT" of type: "BDT"
                 nEntries: 2602124
Dataset:  :TTJets_powheg_isrup
--- Reader                   : Booking "BDTG method" of type "BDT" from weights/Training_SThut_All_b3j4_BDT.weights.xml.
--- MethodBase               : Reading weight file: weights/Training_SThut_All_b3j4_BDT.weights.xml
--- BDT                      : Read method "BDT" of type "BDT"
--- BDT                      : MVA method was trained with TMVA Version: 4.2.1
--- BDT                      : MVA method was trained with ROOT Version: 6.06/01
--- DataSetInfo              : Added class "Background"	 with internal class number 0
--- DataSetInfo              : Added class "Signal"	 with internal class number 1
--- Reader                   : Booked classifier "BDT" of type: "BDT"
--- Reader                   : Booking "BDTG method" of type "BDT" from weights/Training_TThut_All_b3j4_BDT.weights.xml.
--- MethodBase               : Reading weight file: weights/Training_TThut_All_b3j4_BDT.weights.xml
--- BDT                      : Read method "BDT" of type "BDT"
--- BDT                      : MVA method was trained with TMVA Version: 4.2.1
--- BDT                      : MVA method was trained with ROOT Version: 6.06/01
--- DataSetInfo              : Added class "Background"	 with internal class number 0
--- DataSetInfo              : Added class "Signal"	 with internal class number 1
--- Reader                   : Booked classifier "BDT" of type: "BDT"
--- Reader                   : Booking "BDTG method" of type "BDT" from weights/CombTraining_hut_All_b3j4_BDT.weights.xml.
--- MethodBase               : Reading weight file: weights/CombTraining_hut_All_b3j4_BDT.weights.xml
--- BDT                      : Read method "BDT" of type "BDT"
--- BDT                      : MVA method was trained with TMVA Version: 4.2.1
--- BDT                      : MVA method was trained with ROOT Version: 6.06/01
--- DataSetInfo              : Added class "Background"	 with internal class number 0
--- DataSetInfo              : Added class "Signal"	 with internal class number 1
--- Reader                   : Booked classifier "BDT" of type: "BDT"
                 nEntries: 1862043
Dataset:  :TTJets_powheg_isrdown
--- Reader                   : Booking "BDTG method" of type "BDT" from weights/Training_SThut_All_b3j4_BDT.weights.xml.
--- MethodBase               : Reading weight file: weights/Training_SThut_All_b3j4_BDT.weights.xml
--- BDT                      : Read method "BDT" of type "BDT"
--- BDT                      : MVA method was trained with TMVA Version: 4.2.1
--- BDT                      : MVA method was trained with ROOT Version: 6.06/01
--- DataSetInfo              : Added class "Background"	 with internal class number 0
--- DataSetInfo              : Added class "Signal"	 with internal class number 1
--- Reader                   : Booked classifier "BDT" of type: "BDT"
--- Reader                   : Booking "BDTG method" of type "BDT" from weights/Training_TThut_All_b3j4_BDT.weights.xml.
--- MethodBase               : Reading weight file: weights/Training_TThut_All_b3j4_BDT.weights.xml
--- BDT                      : Read method "BDT" of type "BDT"
--- BDT                      : MVA method was trained with TMVA Version: 4.2.1
--- BDT                      : MVA method was trained with ROOT Version: 6.06/01
--- DataSetInfo              : Added class "Background"	 with internal class number 0
--- DataSetInfo              : Added class "Signal"	 with internal class number 1
--- Reader                   : Booked classifier "BDT" of type: "BDT"
--- Reader                   : Booking "BDTG method" of type "BDT" from weights/CombTraining_hut_All_b3j4_BDT.weights.xml.
--- MethodBase               : Reading weight file: weights/CombTraining_hut_All_b3j4_BDT.weights.xml
--- BDT                      : Read method "BDT" of type "BDT"
--- BDT                      : MVA method was trained with TMVA Version: 4.2.1
--- BDT                      : MVA method was trained with ROOT Version: 6.06/01
--- DataSetInfo              : Added class "Background"	 with internal class number 0
--- DataSetInfo              : Added class "Signal"	 with internal class number 1
--- Reader                   : Booked classifier "BDT" of type: "BDT"
                 nEntries: 674778
Dataset:  :TTJets_powheg_fsrup
--- Reader                   : Booking "BDTG method" of type "BDT" from weights/Training_SThut_All_b3j4_BDT.weights.xml.
--- MethodBase               : Reading weight file: weights/Training_SThut_All_b3j4_BDT.weights.xml
--- BDT                      : Read method "BDT" of type "BDT"
--- BDT                      : MVA method was trained with TMVA Version: 4.2.1
--- BDT                      : MVA method was trained with ROOT Version: 6.06/01
--- DataSetInfo              : Added class "Background"	 with internal class number 0
--- DataSetInfo              : Added class "Signal"	 with internal class number 1
--- Reader                   : Booked classifier "BDT" of type: "BDT"
--- Reader                   : Booking "BDTG method" of type "BDT" from weights/Training_TThut_All_b3j4_BDT.weights.xml.
--- MethodBase               : Reading weight file: weights/Training_TThut_All_b3j4_BDT.weights.xml
--- BDT                      : Read method "BDT" of type "BDT"
--- BDT                      : MVA method was trained with TMVA Version: 4.2.1
--- BDT                      : MVA method was trained with ROOT Version: 6.06/01
--- DataSetInfo              : Added class "Background"	 with internal class number 0
--- DataSetInfo              : Added class "Signal"	 with internal class number 1
--- Reader                   : Booked classifier "BDT" of type: "BDT"
--- Reader                   : Booking "BDTG method" of type "BDT" from weights/CombTraining_hut_All_b3j4_BDT.weights.xml.
--- MethodBase               : Reading weight file: weights/CombTraining_hut_All_b3j4_BDT.weights.xml
--- BDT                      : Read method "BDT" of type "BDT"
--- BDT                      : MVA method was trained with TMVA Version: 4.2.1
--- BDT                      : MVA method was trained with ROOT Version: 6.06/01
--- DataSetInfo              : Added class "Background"	 with internal class number 0
--- DataSetInfo              : Added class "Signal"	 with internal class number 1
--- Reader                   : Booked classifier "BDT" of type: "BDT"
                 nEntries: 817056
Dataset:  :TTJets_powheg_fsrdown
--- Reader                   : Booking "BDTG method" of type "BDT" from weights/Training_SThut_All_b3j4_BDT.weights.xml.
--- MethodBase               : Reading weight file: weights/Training_SThut_All_b3j4_BDT.weights.xml
--- BDT                      : Read method "BDT" of type "BDT"
--- BDT                      : MVA method was trained with TMVA Version: 4.2.1
--- BDT                      : MVA method was trained with ROOT Version: 6.06/01
--- DataSetInfo              : Added class "Background"	 with internal class number 0
--- DataSetInfo              : Added class "Signal"	 with internal class number 1
--- Reader                   : Booked classifier "BDT" of type: "BDT"
--- Reader                   : Booking "BDTG method" of type "BDT" from weights/Training_TThut_All_b3j4_BDT.weights.xml.
--- MethodBase               : Reading weight file: weights/Training_TThut_All_b3j4_BDT.weights.xml
--- BDT                      : Read method "BDT" of type "BDT"
--- BDT                      : MVA method was trained with TMVA Version: 4.2.1
--- BDT                      : MVA method was trained with ROOT Version: 6.06/01
--- DataSetInfo              : Added class "Background"	 with internal class number 0
--- DataSetInfo              : Added class "Signal"	 with internal class number 1
--- Reader                   : Booked classifier "BDT" of type: "BDT"
--- Reader                   : Booking "BDTG method" of type "BDT" from weights/CombTraining_hut_All_b3j4_BDT.weights.xml.
--- MethodBase               : Reading weight file: weights/CombTraining_hut_All_b3j4_BDT.weights.xml
--- BDT                      : Read method "BDT" of type "BDT"
--- BDT                      : MVA method was trained with TMVA Version: 4.2.1
--- BDT                      : MVA method was trained with ROOT Version: 6.06/01
--- DataSetInfo              : Added class "Background"	 with internal class number 0
--- DataSetInfo              : Added class "Signal"	 with internal class number 1
--- Reader                   : Booked classifier "BDT" of type: "BDT"
                 nEntries: 1063332
Dataset:  :TTJets_powheg_hdampup
--- Reader                   : Booking "BDTG method" of type "BDT" from weights/Training_SThut_All_b3j4_BDT.weights.xml.
--- MethodBase               : Reading weight file: weights/Training_SThut_All_b3j4_BDT.weights.xml
--- BDT                      : Read method "BDT" of type "BDT"
--- BDT                      : MVA method was trained with TMVA Version: 4.2.1
--- BDT                      : MVA method was trained with ROOT Version: 6.06/01
--- DataSetInfo              : Added class "Background"	 with internal class number 0
--- DataSetInfo              : Added class "Signal"	 with internal class number 1
--- Reader                   : Booked classifier "BDT" of type: "BDT"
--- Reader                   : Booking "BDTG method" of type "BDT" from weights/Training_TThut_All_b3j4_BDT.weights.xml.
--- MethodBase               : Reading weight file: weights/Training_TThut_All_b3j4_BDT.weights.xml
--- BDT                      : Read method "BDT" of type "BDT"
--- BDT                      : MVA method was trained with TMVA Version: 4.2.1
--- BDT                      : MVA method was trained with ROOT Version: 6.06/01
--- DataSetInfo              : Added class "Background"	 with internal class number 0
--- DataSetInfo              : Added class "Signal"	 with internal class number 1
--- Reader                   : Booked classifier "BDT" of type: "BDT"
--- Reader                   : Booking "BDTG method" of type "BDT" from weights/CombTraining_hut_All_b3j4_BDT.weights.xml.
--- MethodBase               : Reading weight file: weights/CombTraining_hut_All_b3j4_BDT.weights.xml
--- BDT                      : Read method "BDT" of type "BDT"
--- BDT                      : MVA method was trained with TMVA Version: 4.2.1
--- BDT                      : MVA method was trained with ROOT Version: 6.06/01
--- DataSetInfo              : Added class "Background"	 with internal class number 0
--- DataSetInfo              : Added class "Signal"	 with internal class number 1
--- Reader                   : Booked classifier "BDT" of type: "BDT"
                 nEntries: 994539
Dataset:  :TTJets_powheg_hdampdown
--- Reader                   : Booking "BDTG method" of type "BDT" from weights/Training_SThut_All_b3j4_BDT.weights.xml.
--- MethodBase               : Reading weight file: weights/Training_SThut_All_b3j4_BDT.weights.xml
--- BDT                      : Read method "BDT" of type "BDT"
--- BDT                      : MVA method was trained with TMVA Version: 4.2.1
--- BDT                      : MVA method was trained with ROOT Version: 6.06/01
--- DataSetInfo              : Added class "Background"	 with internal class number 0
--- DataSetInfo              : Added class "Signal"	 with internal class number 1
--- Reader                   : Booked classifier "BDT" of type: "BDT"
--- Reader                   : Booking "BDTG method" of type "BDT" from weights/Training_TThut_All_b3j4_BDT.weights.xml.
--- MethodBase               : Reading weight file: weights/Training_TThut_All_b3j4_BDT.weights.xml
--- BDT                      : Read method "BDT" of type "BDT"
--- BDT                      : MVA method was trained with TMVA Version: 4.2.1
--- BDT                      : MVA method was trained with ROOT Version: 6.06/01
--- DataSetInfo              : Added class "Background"	 with internal class number 0
--- DataSetInfo              : Added class "Signal"	 with internal class number 1
--- Reader                   : Booked classifier "BDT" of type: "BDT"
--- Reader                   : Booking "BDTG method" of type "BDT" from weights/CombTraining_hut_All_b3j4_BDT.weights.xml.
--- MethodBase               : Reading weight file: weights/CombTraining_hut_All_b3j4_BDT.weights.xml
--- BDT                      : Read method "BDT" of type "BDT"
--- BDT                      : MVA method was trained with TMVA Version: 4.2.1
--- BDT                      : MVA method was trained with ROOT Version: 6.06/01
--- DataSetInfo              : Added class "Background"	 with internal class number 0
--- DataSetInfo              : Added class "Signal"	 with internal class number 1
--- Reader                   : Booked classifier "BDT" of type: "BDT"
                 nEntries: 964848
Dataset:  :TTJets_powheg_UEup
--- Reader                   : Booking "BDTG method" of type "BDT" from weights/Training_SThut_All_b3j4_BDT.weights.xml.
--- MethodBase               : Reading weight file: weights/Training_SThut_All_b3j4_BDT.weights.xml
--- BDT                      : Read method "BDT" of type "BDT"
--- BDT                      : MVA method was trained with TMVA Version: 4.2.1
--- BDT                      : MVA method was trained with ROOT Version: 6.06/01
--- DataSetInfo              : Added class "Background"	 with internal class number 0
--- DataSetInfo              : Added class "Signal"	 with internal class number 1
--- Reader                   : Booked classifier "BDT" of type: "BDT"
--- Reader                   : Booking "BDTG method" of type "BDT" from weights/Training_TThut_All_b3j4_BDT.weights.xml.
--- MethodBase               : Reading weight file: weights/Training_TThut_All_b3j4_BDT.weights.xml
--- BDT                      : Read method "BDT" of type "BDT"
--- BDT                      : MVA method was trained with TMVA Version: 4.2.1
--- BDT                      : MVA method was trained with ROOT Version: 6.06/01
--- DataSetInfo              : Added class "Background"	 with internal class number 0
--- DataSetInfo              : Added class "Signal"	 with internal class number 1
--- Reader                   : Booked classifier "BDT" of type: "BDT"
--- Reader                   : Booking "BDTG method" of type "BDT" from weights/CombTraining_hut_All_b3j4_BDT.weights.xml.
--- MethodBase               : Reading weight file: weights/CombTraining_hut_All_b3j4_BDT.weights.xml
--- BDT                      : Read method "BDT" of type "BDT"
--- BDT                      : MVA method was trained with TMVA Version: 4.2.1
--- BDT                      : MVA method was trained with ROOT Version: 6.06/01
--- DataSetInfo              : Added class "Background"	 with internal class number 0
--- DataSetInfo              : Added class "Signal"	 with internal class number 1
--- Reader                   : Booked classifier "BDT" of type: "BDT"
                 nEntries: 1007098
Dataset:  :TTJets_powheg_UEdown
--- Reader                   : Booking "BDTG method" of type "BDT" from weights/Training_SThut_All_b3j4_BDT.weights.xml.
--- MethodBase               : Reading weight file: weights/Training_SThut_All_b3j4_BDT.weights.xml
--- BDT                      : Read method "BDT" of type "BDT"
--- BDT                      : MVA method was trained with TMVA Version: 4.2.1
--- BDT                      : MVA method was trained with ROOT Version: 6.06/01
--- DataSetInfo              : Added class "Background"	 with internal class number 0
--- DataSetInfo              : Added class "Signal"	 with internal class number 1
--- Reader                   : Booked classifier "BDT" of type: "BDT"
--- Reader                   : Booking "BDTG method" of type "BDT" from weights/Training_TThut_All_b3j4_BDT.weights.xml.
--- MethodBase               : Reading weight file: weights/Training_TThut_All_b3j4_BDT.weights.xml
--- BDT                      : Read method "BDT" of type "BDT"
--- BDT                      : MVA method was trained with TMVA Version: 4.2.1
--- BDT                      : MVA method was trained with ROOT Version: 6.06/01
--- DataSetInfo              : Added class "Background"	 with internal class number 0
--- DataSetInfo              : Added class "Signal"	 with internal class number 1
--- Reader                   : Booked classifier "BDT" of type: "BDT"
--- Reader                   : Booking "BDTG method" of type "BDT" from weights/CombTraining_hut_All_b3j4_BDT.weights.xml.
--- MethodBase               : Reading weight file: weights/CombTraining_hut_All_b3j4_BDT.weights.xml
--- BDT                      : Read method "BDT" of type "BDT"
--- BDT                      : MVA method was trained with TMVA Version: 4.2.1
--- BDT                      : MVA method was trained with ROOT Version: 6.06/01
--- DataSetInfo              : Added class "Background"	 with internal class number 0
--- DataSetInfo              : Added class "Signal"	 with internal class number 1
--- Reader                   : Booked classifier "BDT" of type: "BDT"
                 nEntries: 894569
Dataset:  :TTJets_powheg
--- Reader                   : Booking "BDTG method" of type "BDT" from weights/Training_SThut_All_b3j4_BDT.weights.xml.
--- MethodBase               : Reading weight file: weights/Training_SThut_All_b3j4_BDT.weights.xml
--- BDT                      : Read method "BDT" of type "BDT"
--- BDT                      : MVA method was trained with TMVA Version: 4.2.1
--- BDT                      : MVA method was trained with ROOT Version: 6.06/01
--- DataSetInfo              : Added class "Background"	 with internal class number 0
--- DataSetInfo              : Added class "Signal"	 with internal class number 1
--- Reader                   : Booked classifier "BDT" of type: "BDT"
--- Reader                   : Booking "BDTG method" of type "BDT" from weights/Training_TThut_All_b3j4_BDT.weights.xml.
--- MethodBase               : Reading weight file: weights/Training_TThut_All_b3j4_BDT.weights.xml
--- BDT                      : Read method "BDT" of type "BDT"
--- BDT                      : MVA method was trained with TMVA Version: 4.2.1
--- BDT                      : MVA method was trained with ROOT Version: 6.06/01
--- DataSetInfo              : Added class "Background"	 with internal class number 0
--- DataSetInfo              : Added class "Signal"	 with internal class number 1
--- Reader                   : Booked classifier "BDT" of type: "BDT"
--- Reader                   : Booking "BDTG method" of type "BDT" from weights/CombTraining_hut_All_b3j4_BDT.weights.xml.
--- MethodBase               : Reading weight file: weights/CombTraining_hut_All_b3j4_BDT.weights.xml
--- BDT                      : Read method "BDT" of type "BDT"
--- BDT                      : MVA method was trained with TMVA Version: 4.2.1
--- BDT                      : MVA method was trained with ROOT Version: 6.06/01
--- DataSetInfo              : Added class "Background"	 with internal class number 0
--- DataSetInfo              : Added class "Signal"	 with internal class number 1
--- Reader                   : Booked classifier "BDT" of type: "BDT"
                 nEntries: 2602124
Making directory :MSPlots/MSPlots_All/_12_5_2017/b3j4
maxSTandTT_ttbb
____________________
 
1) binContentDown = 0
1) binContentUp = 0
 
2) binContentDown = 0
2) binContentUp = 0
 
3) binContentDown = 0
3) binContentUp = 0
 
4) binContentDown = 2.79443
4) binContentUp = 2.79443
 
5) binContentDown = 115.202
5) binContentUp = 115.851
 
6) binContentDown = 523.1
6) binContentUp = 526.185
 
7) binContentDown = 804.567
7) binContentUp = 807.271
 
8) binContentDown = 1288.45
8) binContentUp = 1293.12
 
9) binContentDown = 1765.25
9) binContentUp = 1771.68
 
10) binContentDown = 1972.67
10) binContentUp = 1980.12
 
11) binContentDown = 1619.49
11) binContentUp = 1625.18
 
12) binContentDown = 1156.65
12) binContentUp = 1161.18
 
13) binContentDown = 839.488
13) binContentUp = 843.099
 
14) binContentDown = 634.323
14) binContentUp = 636.507
 
15) binContentDown = 396.105
15) binContentUp = 397.481
 
16) binContentDown = 207.097
16) binContentUp = 208.143
 
17) binContentDown = 58.3705
17) binContentUp = 58.5644
 
18) binContentDown = 2.72327
18) binContentUp = 2.72327
 
19) binContentDown = 0
19) binContentUp = 0
ST_ttbb
____________________
 
1) binContentDown = 0
1) binContentUp = 0
 
2) binContentDown = 0
2) binContentUp = 0
 
3) binContentDown = 10.1511
3) binContentUp = 10.2911
 
4) binContentDown = 157.304
4) binContentUp = 158.508
 
5) binContentDown = 704.573
5) binContentUp = 707.566
 
6) binContentDown = 1219.19
6) binContentUp = 1222.97
 
7) binContentDown = 1469.44
7) binContentUp = 1474.84
 
8) binContentDown = 1734.67
8) binContentUp = 1739.57
 
9) binContentDown = 1755.6
9) binContentUp = 1763.71
 
10) binContentDown = 1476.81
10) binContentUp = 1482.63
 
11) binContentDown = 1161.26
11) binContentUp = 1165.34
 
12) binContentDown = 778.084
12) binContentUp = 781.515
 
13) binContentDown = 481.581
13) binContentUp = 483.405
 
14) binContentDown = 295.151
14) binContentUp = 296.418
 
15) binContentDown = 102.406
15) binContentUp = 102.871
 
16) binContentDown = 33.237
16) binContentUp = 33.3773
 
17) binContentDown = 6.81914
17) binContentUp = 6.81914
 
18) binContentDown = 0
18) binContentUp = 0
 
19) binContentDown = 0
19) binContentUp = 0
TT_ttbb
____________________
 
1) binContentDown = 0
1) binContentUp = 0
 
2) binContentDown = 0
2) binContentUp = 0
 
3) binContentDown = 0
3) binContentUp = 0
 
4) binContentDown = 19.0194
4) binContentUp = 19.0499
 
5) binContentDown = 269.508
5) binContentUp = 270.754
 
6) binContentDown = 824.709
6) binContentUp = 828.658
 
7) binContentDown = 1070.54
7) binContentUp = 1075.23
 
8) binContentDown = 1486.13
8) binContentUp = 1492.07
 
9) binContentDown = 1855.63
9) binContentUp = 1861.55
 
10) binContentDown = 1861.12
10) binContentUp = 1868.16
 
11) binContentDown = 1354.82
11) binContentUp = 1359.87
 
12) binContentDown = 888.908
12) binContentUp = 891.92
 
13) binContentDown = 659.246
13) binContentUp = 662.027
 
14) binContentDown = 504.758
14) binContentUp = 506.199
 
15) binContentDown = 345.856
15) binContentUp = 347.045
 
16) binContentDown = 189.235
16) binContentUp = 190.226
 
17) binContentDown = 54.0708
17) binContentUp = 54.2647
 
18) binContentDown = 2.72327
18) binContentUp = 2.72327
 
19) binContentDown = 0
19) binContentUp = 0
combSTandTT_ttbb
____________________
 
1) binContentDown = 0
1) binContentUp = 0
 
2) binContentDown = 0
2) binContentUp = 0
 
3) binContentDown = 0
3) binContentUp = 0
 
4) binContentDown = 9.7906
4) binContentUp = 9.81018
 
5) binContentDown = 288.516
5) binContentUp = 289.564
 
6) binContentDown = 783.784
6) binContentUp = 786.872
 
7) binContentDown = 1148.55
7) binContentUp = 1153.94
 
8) binContentDown = 1520.42
8) binContentUp = 1526.62
 
9) binContentDown = 1799.19
9) binContentUp = 1805.48
 
10) binContentDown = 1751.51
10) binContentUp = 1757.73
 
11) binContentDown = 1401.18
11) binContentUp = 1406.77
 
12) binContentDown = 980.492
12) binContentUp = 983.734
 
13) binContentDown = 686.165
13) binContentUp = 688.765
 
14) binContentDown = 494.404
14) binContentUp = 496.042
 
15) binContentDown = 311.504
15) binContentUp = 312.821
 
16) binContentDown = 168.631
16) binContentUp = 169.239
 
17) binContentDown = 36.6454
17) binContentUp = 36.8349
 
18) binContentDown = 5.49842
18) binContentUp = 5.49842
 
19) binContentDown = 0
19) binContentUp = 0
combSTandTT_cutCount_ttbb
____________________
maxSTandTT_ttcc
____________________
 
1) binContentDown = 0
1) binContentUp = 0
 
2) binContentDown = 0
2) binContentUp = 0
 
3) binContentDown = 0
3) binContentUp = 0
 
4) binContentDown = 3.68128
4) binContentUp = 3.68128
 
5) binContentDown = 161.86
5) binContentUp = 162.172
 
6) binContentDown = 537.099
6) binContentUp = 537.784
 
7) binContentDown = 760.724
7) binContentUp = 761.78
 
8) binContentDown = 1293.27
8) binContentUp = 1294.61
 
9) binContentDown = 1766.81
9) binContentUp = 1768.7
 
10) binContentDown = 1830.26
10) binContentUp = 1832.84
 
11) binContentDown = 1429.61
11) binContentUp = 1431.13
 
12) binContentDown = 925.122
12) binContentUp = 926.149
 
13) binContentDown = 534.756
13) binContentUp = 535.632
 
14) binContentDown = 312.12
14) binContentUp = 312.597
 
15) binContentDown = 134.575
15) binContentUp = 134.816
 
16) binContentDown = 51.9345
16) binContentUp = 52.07
 
17) binContentDown = 15.4132
17) binContentUp = 15.4132
 
18) binContentDown = 0.572075
18) binContentUp = 0.572075
 
19) binContentDown = 0
19) binContentUp = 0
ST_ttcc
____________________
 
1) binContentDown = 0
1) binContentUp = 0
 
2) binContentDown = 0
2) binContentUp = 0
 
3) binContentDown = 6.65528
3) binContentUp = 6.65528
 
4) binContentDown = 163.178
4) binContentUp = 163.346
 
5) binContentDown = 639.626
5) binContentUp = 640.363
 
6) binContentDown = 1084.37
6) binContentUp = 1085.59
 
7) binContentDown = 1436.34
7) binContentUp = 1438.43
 
8) binContentDown = 1666.96
8) binContentUp = 1668.64
 
9) binContentDown = 1574.96
9) binContentUp = 1576.6
 
10) binContentDown = 1235.3
10) binContentUp = 1236.96
 
11) binContentDown = 894.885
11) binContentUp = 895.795
 
12) binContentDown = 549.71
12) binContentUp = 550.482
 
13) binContentDown = 287.19
13) binContentUp = 287.76
 
14) binContentDown = 150.285
14) binContentUp = 150.52
 
15) binContentDown = 46.1353
15) binContentUp = 46.3499
 
16) binContentDown = 17.6993
16) binContentUp = 17.7363
 
17) binContentDown = 4.42814
17) binContentUp = 4.42814
 
18) binContentDown = 0
18) binContentUp = 0
 
19) binContentDown = 0
19) binContentUp = 0
TT_ttcc
____________________
 
1) binContentDown = 0
1) binContentUp = 0
 
2) binContentDown = 0
2) binContentUp = 0
 
3) binContentDown = 0
3) binContentUp = 0
 
4) binContentDown = 28.8934
4) binContentUp = 28.9848
 
5) binContentDown = 367.305
5) binContentUp = 368.002
 
6) binContentDown = 838.774
6) binContentUp = 839.946
 
7) binContentDown = 1066.49
7) binContentUp = 1067.78
 
8) binContentDown = 1490.68
8) binContentUp = 1492.1
 
9) binContentDown = 1848.08
9) binContentUp = 1850.64
 
10) binContentDown = 1673.82
10) binContentUp = 1676.14
 
11) binContentDown = 1075.12
11) binContentUp = 1076
 
12) binContentDown = 634.059
12) binContentUp = 634.664
 
13) binContentDown = 359.016
13) binContentUp = 359.576
 
14) binContentDown = 221.531
14) binContentUp = 221.977
 
15) binContentDown = 105.233
15) binContentUp = 105.358
 
16) binContentDown = 36.4677
16) binContentUp = 36.567
 
17) binContentDown = 11.5572
17) binContentUp = 11.5572
 
18) binContentDown = 0.572075
18) binContentUp = 0.572075
 
19) binContentDown = 0
19) binContentUp = 0
combSTandTT_ttcc
____________________
 
1) binContentDown = 0
1) binContentUp = 0
 
2) binContentDown = 0
2) binContentUp = 0
 
3) binContentDown = 0
3) binContentUp = 0
 
4) binContentDown = 20.1746
4) binContentUp = 20.214
 
5) binContentDown = 357.655
5) binContentUp = 358.285
 
6) binContentDown = 817.402
6) binContentUp = 818.277
 
7) binContentDown = 1125.21
7) binContentUp = 1126.49
 
8) binContentDown = 1516.93
8) binContentUp = 1518.28
 
9) binContentDown = 1763.21
9) binContentUp = 1765.58
 
10) binContentDown = 1631.75
10) binContentUp = 1634.12
 
11) binContentDown = 1090.18
11) binContentUp = 1091.44
 
12) binContentDown = 706.307
12) binContentUp = 706.98
 
13) binContentDown = 382.338
13) binContentUp = 382.969
 
14) binContentDown = 198.24
14) binContentUp = 198.567
 
15) binContentDown = 101.348
15) binContentUp = 101.532
 
16) binContentDown = 38.3486
16) binContentUp = 38.4358
 
17) binContentDown = 5.9056
17) binContentUp = 5.91346
 
18) binContentDown = 2.69672
18) binContentUp = 2.69672
 
19) binContentDown = 0
19) binContentUp = 0
combSTandTT_cutCount_ttcc
____________________
maxSTandTT_ttlf
____________________
 
1) binContentDown = 0
1) binContentUp = 0
 
2) binContentDown = 0
2) binContentUp = 0
 
3) binContentDown = 0
3) binContentUp = 0
 
4) binContentDown = 5.69345
4) binContentUp = 5.7208
 
5) binContentDown = 219.647
5) binContentUp = 220.357
 
6) binContentDown = 868.435
6) binContentUp = 869.969
 
7) binContentDown = 1749.99
7) binContentUp = 1752.13
 
8) binContentDown = 3309.88
8) binContentUp = 3313.96
 
9) binContentDown = 5118.26
9) binContentUp = 5124.46
 
10) binContentDown = 5676.03
10) binContentUp = 5682.97
 
11) binContentDown = 4675.57
11) binContentUp = 4681.26
 
12) binContentDown = 3279.2
12) binContentUp = 3283.78
 
13) binContentDown = 1988.42
13) binContentUp = 1991.17
 
14) binContentDown = 1157.83
14) binContentUp = 1159.8
 
15) binContentDown = 551.454
15) binContentUp = 552.244
 
16) binContentDown = 208.268
16) binContentUp = 208.565
 
17) binContentDown = 49.566
17) binContentUp = 49.7271
 
18) binContentDown = 2.75832
18) binContentUp = 2.75832
 
19) binContentDown = 0
19) binContentUp = 0
ST_ttlf
____________________
 
1) binContentDown = 0
1) binContentUp = 0
 
2) binContentDown = 0
2) binContentUp = 0
 
3) binContentDown = 8.57166
3) binContentUp = 8.58579
 
4) binContentDown = 213.803
4) binContentUp = 214.207
 
5) binContentDown = 1106.93
5) binContentUp = 1108.63
 
6) binContentDown = 2505.36
6) binContentUp = 2508.53
 
7) binContentDown = 3729.19
7) binContentUp = 3733.63
 
8) binContentDown = 4853.11
8) binContentUp = 4859.48
 
9) binContentDown = 5083.13
9) binContentUp = 5089.21
 
10) binContentDown = 4282.15
10) binContentUp = 4287.8
 
11) binContentDown = 3125.62
11) binContentUp = 3129.75
 
12) binContentDown = 1980.36
12) binContentUp = 1983.35
 
13) binContentDown = 1130.58
13) binContentUp = 1132.33
 
14) binContentDown = 556.156
14) binContentUp = 557.101
 
15) binContentDown = 207.604
15) binContentUp = 207.963
 
16) binContentDown = 65.5702
16) binContentUp = 65.6645
 
17) binContentDown = 10.9604
17) binContentUp = 11.0392
 
18) binContentDown = 1.96914
18) binContentUp = 1.96914
 
19) binContentDown = 0
19) binContentUp = 0
TT_ttlf
____________________
 
1) binContentDown = 0
1) binContentUp = 0
 
2) binContentDown = 0
2) binContentUp = 0
 
3) binContentDown = 1.28601
3) binContentUp = 1.31337
 
4) binContentDown = 60.6028
4) binContentUp = 60.8525
 
5) binContentDown = 606.445
5) binContentUp = 607.839
 
6) binContentDown = 1640.77
6) binContentUp = 1643.16
 
7) binContentDown = 2745.63
7) binContentUp = 2749.23
 
8) binContentDown = 4302.18
8) binContentUp = 4307.25
 
9) binContentDown = 5546.48
9) binContentUp = 5553.2
 
10) binContentDown = 5212.1
10) binContentUp = 5218.48
 
11) binContentDown = 3629.86
11) binContentUp = 3634.39
 
12) binContentDown = 2331.36
12) binContentUp = 2334.31
 
13) binContentDown = 1361.71
13) binContentUp = 1363.8
 
14) binContentDown = 809.965
14) binContentUp = 811.356
 
15) binContentDown = 411.594
15) binContentUp = 412.155
 
16) binContentDown = 158.877
16) binContentUp = 159.151
 
17) binContentDown = 41.2887
17) binContentUp = 41.3738
 
18) binContentDown = 0.789179
18) binContentUp = 0.789179
 
19) binContentDown = 0
19) binContentUp = 0
combSTandTT_ttlf
____________________
 
1) binContentDown = 0
1) binContentUp = 0
 
2) binContentDown = 0
2) binContentUp = 0
 
3) binContentDown = 0.586715
3) binContentUp = 0.586715
 
4) binContentDown = 46.4567
4) binContentUp = 46.6406
 
5) binContentDown = 544.065
5) binContentUp = 545.002
 
6) binContentDown = 1564.99
6) binContentUp = 1567.33
 
7) binContentDown = 2842.14
7) binContentUp = 2845.47
 
8) binContentDown = 4262.3
8) binContentUp = 4267.88
 
9) binContentDown = 5352.34
9) binContentUp = 5358.62
 
10) binContentDown = 5048.69
10) binContentUp = 5054.74
 
11) binContentDown = 3780.36
11) binContentUp = 3785.62
 
12) binContentDown = 2512.26
12) binContentUp = 2515.54
 
13) binContentDown = 1497.94
13) binContentUp = 1500.64
 
14) binContentDown = 836.65
14) binContentUp = 837.814
 
15) binContentDown = 373.615
15) binContentUp = 374.052
 
16) binContentDown = 162.43
16) binContentUp = 162.882
 
17) binContentDown = 31.899
17) binContentUp = 31.9758
 
18) binContentDown = 4.28736
18) binContentUp = 4.28736
 
19) binContentDown = 0
19) binContentUp = 0
combSTandTT_cutCount_ttlf
____________________
It took us 2519.63 to run the program
********************************************
           End of the program !!            
********************************************
