------------------------------------------------------------------------------------------------
Begin program
 - Category: b4j4
------------------------------------------------------------------------------------------------
used config file: config/FullMcBkgdSamples_ExtraSystematicSamples_TreeProcessor.xml
 - split TTBar dataset into ...TTJets_ll, TTJets_cc and TTJets_ll
Dataset:  :TTJets_powhegweight1
--- Reader                   : Booking "BDTG method" of type "BDT" from weights/Training_SThut_All_b4j4_BDT.weights.xml.
--- MethodBase               : Reading weight file: weights/Training_SThut_All_b4j4_BDT.weights.xml
--- BDT                      : Read method "BDT" of type "BDT"
--- BDT                      : MVA method was trained with TMVA Version: 4.2.1
--- BDT                      : MVA method was trained with ROOT Version: 6.06/01
--- DataSetInfo              : Added class "Background"	 with internal class number 0
--- DataSetInfo              : Added class "Signal"	 with internal class number 1
--- Reader                   : Booked classifier "BDT" of type: "BDT"
--- Reader                   : Booking "BDTG method" of type "BDT" from weights/Training_TThut_All_b4j4_BDT.weights.xml.
--- MethodBase               : Reading weight file: weights/Training_TThut_All_b4j4_BDT.weights.xml
--- BDT                      : Read method "BDT" of type "BDT"
--- BDT                      : MVA method was trained with TMVA Version: 4.2.1
--- BDT                      : MVA method was trained with ROOT Version: 6.06/01
--- DataSetInfo              : Added class "Background"	 with internal class number 0
--- DataSetInfo              : Added class "Signal"	 with internal class number 1
--- Reader                   : Booked classifier "BDT" of type: "BDT"
--- Reader                   : Booking "BDTG method" of type "BDT" from weights/CombTraining_hut_All_b4j4_BDT.weights.xml.
--- MethodBase               : Reading weight file: weights/CombTraining_hut_All_b4j4_BDT.weights.xml
--- BDT                      : Read method "BDT" of type "BDT"
--- BDT                      : MVA method was trained with TMVA Version: 4.2.1
--- BDT                      : MVA method was trained with ROOT Version: 6.06/01
--- DataSetInfo              : Added class "Background"	 with internal class number 0
--- DataSetInfo              : Added class "Signal"	 with internal class number 1
--- Reader                   : Booked classifier "BDT" of type: "BDT"
                 nEntries: 2602124
Dataset:  :TTJets_powhegweight2
--- Reader                   : Booking "BDTG method" of type "BDT" from weights/Training_SThut_All_b4j4_BDT.weights.xml.
--- MethodBase               : Reading weight file: weights/Training_SThut_All_b4j4_BDT.weights.xml
--- BDT                      : Read method "BDT" of type "BDT"
--- BDT                      : MVA method was trained with TMVA Version: 4.2.1
--- BDT                      : MVA method was trained with ROOT Version: 6.06/01
--- DataSetInfo              : Added class "Background"	 with internal class number 0
--- DataSetInfo              : Added class "Signal"	 with internal class number 1
--- Reader                   : Booked classifier "BDT" of type: "BDT"
--- Reader                   : Booking "BDTG method" of type "BDT" from weights/Training_TThut_All_b4j4_BDT.weights.xml.
--- MethodBase               : Reading weight file: weights/Training_TThut_All_b4j4_BDT.weights.xml
--- BDT                      : Read method "BDT" of type "BDT"
--- BDT                      : MVA method was trained with TMVA Version: 4.2.1
--- BDT                      : MVA method was trained with ROOT Version: 6.06/01
--- DataSetInfo              : Added class "Background"	 with internal class number 0
--- DataSetInfo              : Added class "Signal"	 with internal class number 1
--- Reader                   : Booked classifier "BDT" of type: "BDT"
--- Reader                   : Booking "BDTG method" of type "BDT" from weights/CombTraining_hut_All_b4j4_BDT.weights.xml.
--- MethodBase               : Reading weight file: weights/CombTraining_hut_All_b4j4_BDT.weights.xml
--- BDT                      : Read method "BDT" of type "BDT"
--- BDT                      : MVA method was trained with TMVA Version: 4.2.1
--- BDT                      : MVA method was trained with ROOT Version: 6.06/01
--- DataSetInfo              : Added class "Background"	 with internal class number 0
--- DataSetInfo              : Added class "Signal"	 with internal class number 1
--- Reader                   : Booked classifier "BDT" of type: "BDT"
                 nEntries: 2602124
Dataset:  :TTJets_powhegweight3
--- Reader                   : Booking "BDTG method" of type "BDT" from weights/Training_SThut_All_b4j4_BDT.weights.xml.
--- MethodBase               : Reading weight file: weights/Training_SThut_All_b4j4_BDT.weights.xml
--- BDT                      : Read method "BDT" of type "BDT"
--- BDT                      : MVA method was trained with TMVA Version: 4.2.1
--- BDT                      : MVA method was trained with ROOT Version: 6.06/01
--- DataSetInfo              : Added class "Background"	 with internal class number 0
--- DataSetInfo              : Added class "Signal"	 with internal class number 1
--- Reader                   : Booked classifier "BDT" of type: "BDT"
--- Reader                   : Booking "BDTG method" of type "BDT" from weights/Training_TThut_All_b4j4_BDT.weights.xml.
--- MethodBase               : Reading weight file: weights/Training_TThut_All_b4j4_BDT.weights.xml
--- BDT                      : Read method "BDT" of type "BDT"
--- BDT                      : MVA method was trained with TMVA Version: 4.2.1
--- BDT                      : MVA method was trained with ROOT Version: 6.06/01
--- DataSetInfo              : Added class "Background"	 with internal class number 0
--- DataSetInfo              : Added class "Signal"	 with internal class number 1
--- Reader                   : Booked classifier "BDT" of type: "BDT"
--- Reader                   : Booking "BDTG method" of type "BDT" from weights/CombTraining_hut_All_b4j4_BDT.weights.xml.
--- MethodBase               : Reading weight file: weights/CombTraining_hut_All_b4j4_BDT.weights.xml
--- BDT                      : Read method "BDT" of type "BDT"
--- BDT                      : MVA method was trained with TMVA Version: 4.2.1
--- BDT                      : MVA method was trained with ROOT Version: 6.06/01
--- DataSetInfo              : Added class "Background"	 with internal class number 0
--- DataSetInfo              : Added class "Signal"	 with internal class number 1
--- Reader                   : Booked classifier "BDT" of type: "BDT"
                 nEntries: 2602124
Dataset:  :TTJets_powhegweight4
--- Reader                   : Booking "BDTG method" of type "BDT" from weights/Training_SThut_All_b4j4_BDT.weights.xml.
--- MethodBase               : Reading weight file: weights/Training_SThut_All_b4j4_BDT.weights.xml
--- BDT                      : Read method "BDT" of type "BDT"
--- BDT                      : MVA method was trained with TMVA Version: 4.2.1
--- BDT                      : MVA method was trained with ROOT Version: 6.06/01
--- DataSetInfo              : Added class "Background"	 with internal class number 0
--- DataSetInfo              : Added class "Signal"	 with internal class number 1
--- Reader                   : Booked classifier "BDT" of type: "BDT"
--- Reader                   : Booking "BDTG method" of type "BDT" from weights/Training_TThut_All_b4j4_BDT.weights.xml.
--- MethodBase               : Reading weight file: weights/Training_TThut_All_b4j4_BDT.weights.xml
--- BDT                      : Read method "BDT" of type "BDT"
--- BDT                      : MVA method was trained with TMVA Version: 4.2.1
--- BDT                      : MVA method was trained with ROOT Version: 6.06/01
--- DataSetInfo              : Added class "Background"	 with internal class number 0
--- DataSetInfo              : Added class "Signal"	 with internal class number 1
--- Reader                   : Booked classifier "BDT" of type: "BDT"
--- Reader                   : Booking "BDTG method" of type "BDT" from weights/CombTraining_hut_All_b4j4_BDT.weights.xml.
--- MethodBase               : Reading weight file: weights/CombTraining_hut_All_b4j4_BDT.weights.xml
--- BDT                      : Read method "BDT" of type "BDT"
--- BDT                      : MVA method was trained with TMVA Version: 4.2.1
--- BDT                      : MVA method was trained with ROOT Version: 6.06/01
--- DataSetInfo              : Added class "Background"	 with internal class number 0
--- DataSetInfo              : Added class "Signal"	 with internal class number 1
--- Reader                   : Booked classifier "BDT" of type: "BDT"
                 nEntries: 2602124
Dataset:  :TTJets_powhegweight6
--- Reader                   : Booking "BDTG method" of type "BDT" from weights/Training_SThut_All_b4j4_BDT.weights.xml.
--- MethodBase               : Reading weight file: weights/Training_SThut_All_b4j4_BDT.weights.xml
--- BDT                      : Read method "BDT" of type "BDT"
--- BDT                      : MVA method was trained with TMVA Version: 4.2.1
--- BDT                      : MVA method was trained with ROOT Version: 6.06/01
--- DataSetInfo              : Added class "Background"	 with internal class number 0
--- DataSetInfo              : Added class "Signal"	 with internal class number 1
--- Reader                   : Booked classifier "BDT" of type: "BDT"
--- Reader                   : Booking "BDTG method" of type "BDT" from weights/Training_TThut_All_b4j4_BDT.weights.xml.
--- MethodBase               : Reading weight file: weights/Training_TThut_All_b4j4_BDT.weights.xml
--- BDT                      : Read method "BDT" of type "BDT"
--- BDT                      : MVA method was trained with TMVA Version: 4.2.1
--- BDT                      : MVA method was trained with ROOT Version: 6.06/01
--- DataSetInfo              : Added class "Background"	 with internal class number 0
--- DataSetInfo              : Added class "Signal"	 with internal class number 1
--- Reader                   : Booked classifier "BDT" of type: "BDT"
--- Reader                   : Booking "BDTG method" of type "BDT" from weights/CombTraining_hut_All_b4j4_BDT.weights.xml.
--- MethodBase               : Reading weight file: weights/CombTraining_hut_All_b4j4_BDT.weights.xml
--- BDT                      : Read method "BDT" of type "BDT"
--- BDT                      : MVA method was trained with TMVA Version: 4.2.1
--- BDT                      : MVA method was trained with ROOT Version: 6.06/01
--- DataSetInfo              : Added class "Background"	 with internal class number 0
--- DataSetInfo              : Added class "Signal"	 with internal class number 1
--- Reader                   : Booked classifier "BDT" of type: "BDT"
                 nEntries: 2602124
Dataset:  :TTJets_powhegweight8
--- Reader                   : Booking "BDTG method" of type "BDT" from weights/Training_SThut_All_b4j4_BDT.weights.xml.
--- MethodBase               : Reading weight file: weights/Training_SThut_All_b4j4_BDT.weights.xml
--- BDT                      : Read method "BDT" of type "BDT"
--- BDT                      : MVA method was trained with TMVA Version: 4.2.1
--- BDT                      : MVA method was trained with ROOT Version: 6.06/01
--- DataSetInfo              : Added class "Background"	 with internal class number 0
--- DataSetInfo              : Added class "Signal"	 with internal class number 1
--- Reader                   : Booked classifier "BDT" of type: "BDT"
--- Reader                   : Booking "BDTG method" of type "BDT" from weights/Training_TThut_All_b4j4_BDT.weights.xml.
--- MethodBase               : Reading weight file: weights/Training_TThut_All_b4j4_BDT.weights.xml
--- BDT                      : Read method "BDT" of type "BDT"
--- BDT                      : MVA method was trained with TMVA Version: 4.2.1
--- BDT                      : MVA method was trained with ROOT Version: 6.06/01
--- DataSetInfo              : Added class "Background"	 with internal class number 0
--- DataSetInfo              : Added class "Signal"	 with internal class number 1
--- Reader                   : Booked classifier "BDT" of type: "BDT"
--- Reader                   : Booking "BDTG method" of type "BDT" from weights/CombTraining_hut_All_b4j4_BDT.weights.xml.
--- MethodBase               : Reading weight file: weights/CombTraining_hut_All_b4j4_BDT.weights.xml
--- BDT                      : Read method "BDT" of type "BDT"
--- BDT                      : MVA method was trained with TMVA Version: 4.2.1
--- BDT                      : MVA method was trained with ROOT Version: 6.06/01
--- DataSetInfo              : Added class "Background"	 with internal class number 0
--- DataSetInfo              : Added class "Signal"	 with internal class number 1
--- Reader                   : Booked classifier "BDT" of type: "BDT"
                 nEntries: 2602124
Dataset:  :TTJets_powheg_isrup
--- Reader                   : Booking "BDTG method" of type "BDT" from weights/Training_SThut_All_b4j4_BDT.weights.xml.
--- MethodBase               : Reading weight file: weights/Training_SThut_All_b4j4_BDT.weights.xml
--- BDT                      : Read method "BDT" of type "BDT"
--- BDT                      : MVA method was trained with TMVA Version: 4.2.1
--- BDT                      : MVA method was trained with ROOT Version: 6.06/01
--- DataSetInfo              : Added class "Background"	 with internal class number 0
--- DataSetInfo              : Added class "Signal"	 with internal class number 1
--- Reader                   : Booked classifier "BDT" of type: "BDT"
--- Reader                   : Booking "BDTG method" of type "BDT" from weights/Training_TThut_All_b4j4_BDT.weights.xml.
--- MethodBase               : Reading weight file: weights/Training_TThut_All_b4j4_BDT.weights.xml
--- BDT                      : Read method "BDT" of type "BDT"
--- BDT                      : MVA method was trained with TMVA Version: 4.2.1
--- BDT                      : MVA method was trained with ROOT Version: 6.06/01
--- DataSetInfo              : Added class "Background"	 with internal class number 0
--- DataSetInfo              : Added class "Signal"	 with internal class number 1
--- Reader                   : Booked classifier "BDT" of type: "BDT"
--- Reader                   : Booking "BDTG method" of type "BDT" from weights/CombTraining_hut_All_b4j4_BDT.weights.xml.
--- MethodBase               : Reading weight file: weights/CombTraining_hut_All_b4j4_BDT.weights.xml
--- BDT                      : Read method "BDT" of type "BDT"
--- BDT                      : MVA method was trained with TMVA Version: 4.2.1
--- BDT                      : MVA method was trained with ROOT Version: 6.06/01
--- DataSetInfo              : Added class "Background"	 with internal class number 0
--- DataSetInfo              : Added class "Signal"	 with internal class number 1
--- Reader                   : Booked classifier "BDT" of type: "BDT"
                 nEntries: 1862043
Dataset:  :TTJets_powheg_isrdown
--- Reader                   : Booking "BDTG method" of type "BDT" from weights/Training_SThut_All_b4j4_BDT.weights.xml.
--- MethodBase               : Reading weight file: weights/Training_SThut_All_b4j4_BDT.weights.xml
--- BDT                      : Read method "BDT" of type "BDT"
--- BDT                      : MVA method was trained with TMVA Version: 4.2.1
--- BDT                      : MVA method was trained with ROOT Version: 6.06/01
--- DataSetInfo              : Added class "Background"	 with internal class number 0
--- DataSetInfo              : Added class "Signal"	 with internal class number 1
--- Reader                   : Booked classifier "BDT" of type: "BDT"
--- Reader                   : Booking "BDTG method" of type "BDT" from weights/Training_TThut_All_b4j4_BDT.weights.xml.
--- MethodBase               : Reading weight file: weights/Training_TThut_All_b4j4_BDT.weights.xml
--- BDT                      : Read method "BDT" of type "BDT"
--- BDT                      : MVA method was trained with TMVA Version: 4.2.1
--- BDT                      : MVA method was trained with ROOT Version: 6.06/01
--- DataSetInfo              : Added class "Background"	 with internal class number 0
--- DataSetInfo              : Added class "Signal"	 with internal class number 1
--- Reader                   : Booked classifier "BDT" of type: "BDT"
--- Reader                   : Booking "BDTG method" of type "BDT" from weights/CombTraining_hut_All_b4j4_BDT.weights.xml.
--- MethodBase               : Reading weight file: weights/CombTraining_hut_All_b4j4_BDT.weights.xml
--- BDT                      : Read method "BDT" of type "BDT"
--- BDT                      : MVA method was trained with TMVA Version: 4.2.1
--- BDT                      : MVA method was trained with ROOT Version: 6.06/01
--- DataSetInfo              : Added class "Background"	 with internal class number 0
--- DataSetInfo              : Added class "Signal"	 with internal class number 1
--- Reader                   : Booked classifier "BDT" of type: "BDT"
                 nEntries: 674778
Dataset:  :TTJets_powheg_fsrup
--- Reader                   : Booking "BDTG method" of type "BDT" from weights/Training_SThut_All_b4j4_BDT.weights.xml.
--- MethodBase               : Reading weight file: weights/Training_SThut_All_b4j4_BDT.weights.xml
--- BDT                      : Read method "BDT" of type "BDT"
--- BDT                      : MVA method was trained with TMVA Version: 4.2.1
--- BDT                      : MVA method was trained with ROOT Version: 6.06/01
--- DataSetInfo              : Added class "Background"	 with internal class number 0
--- DataSetInfo              : Added class "Signal"	 with internal class number 1
--- Reader                   : Booked classifier "BDT" of type: "BDT"
--- Reader                   : Booking "BDTG method" of type "BDT" from weights/Training_TThut_All_b4j4_BDT.weights.xml.
--- MethodBase               : Reading weight file: weights/Training_TThut_All_b4j4_BDT.weights.xml
--- BDT                      : Read method "BDT" of type "BDT"
--- BDT                      : MVA method was trained with TMVA Version: 4.2.1
--- BDT                      : MVA method was trained with ROOT Version: 6.06/01
--- DataSetInfo              : Added class "Background"	 with internal class number 0
--- DataSetInfo              : Added class "Signal"	 with internal class number 1
--- Reader                   : Booked classifier "BDT" of type: "BDT"
--- Reader                   : Booking "BDTG method" of type "BDT" from weights/CombTraining_hut_All_b4j4_BDT.weights.xml.
--- MethodBase               : Reading weight file: weights/CombTraining_hut_All_b4j4_BDT.weights.xml
--- BDT                      : Read method "BDT" of type "BDT"
--- BDT                      : MVA method was trained with TMVA Version: 4.2.1
--- BDT                      : MVA method was trained with ROOT Version: 6.06/01
--- DataSetInfo              : Added class "Background"	 with internal class number 0
--- DataSetInfo              : Added class "Signal"	 with internal class number 1
--- Reader                   : Booked classifier "BDT" of type: "BDT"
                 nEntries: 817056
Dataset:  :TTJets_powheg_fsrdown
--- Reader                   : Booking "BDTG method" of type "BDT" from weights/Training_SThut_All_b4j4_BDT.weights.xml.
--- MethodBase               : Reading weight file: weights/Training_SThut_All_b4j4_BDT.weights.xml
--- BDT                      : Read method "BDT" of type "BDT"
--- BDT                      : MVA method was trained with TMVA Version: 4.2.1
--- BDT                      : MVA method was trained with ROOT Version: 6.06/01
--- DataSetInfo              : Added class "Background"	 with internal class number 0
--- DataSetInfo              : Added class "Signal"	 with internal class number 1
--- Reader                   : Booked classifier "BDT" of type: "BDT"
--- Reader                   : Booking "BDTG method" of type "BDT" from weights/Training_TThut_All_b4j4_BDT.weights.xml.
--- MethodBase               : Reading weight file: weights/Training_TThut_All_b4j4_BDT.weights.xml
--- BDT                      : Read method "BDT" of type "BDT"
--- BDT                      : MVA method was trained with TMVA Version: 4.2.1
--- BDT                      : MVA method was trained with ROOT Version: 6.06/01
--- DataSetInfo              : Added class "Background"	 with internal class number 0
--- DataSetInfo              : Added class "Signal"	 with internal class number 1
--- Reader                   : Booked classifier "BDT" of type: "BDT"
--- Reader                   : Booking "BDTG method" of type "BDT" from weights/CombTraining_hut_All_b4j4_BDT.weights.xml.
--- MethodBase               : Reading weight file: weights/CombTraining_hut_All_b4j4_BDT.weights.xml
--- BDT                      : Read method "BDT" of type "BDT"
--- BDT                      : MVA method was trained with TMVA Version: 4.2.1
--- BDT                      : MVA method was trained with ROOT Version: 6.06/01
--- DataSetInfo              : Added class "Background"	 with internal class number 0
--- DataSetInfo              : Added class "Signal"	 with internal class number 1
--- Reader                   : Booked classifier "BDT" of type: "BDT"
                 nEntries: 1063332
Dataset:  :TTJets_powheg_hdampup
--- Reader                   : Booking "BDTG method" of type "BDT" from weights/Training_SThut_All_b4j4_BDT.weights.xml.
--- MethodBase               : Reading weight file: weights/Training_SThut_All_b4j4_BDT.weights.xml
--- BDT                      : Read method "BDT" of type "BDT"
--- BDT                      : MVA method was trained with TMVA Version: 4.2.1
--- BDT                      : MVA method was trained with ROOT Version: 6.06/01
--- DataSetInfo              : Added class "Background"	 with internal class number 0
--- DataSetInfo              : Added class "Signal"	 with internal class number 1
--- Reader                   : Booked classifier "BDT" of type: "BDT"
--- Reader                   : Booking "BDTG method" of type "BDT" from weights/Training_TThut_All_b4j4_BDT.weights.xml.
--- MethodBase               : Reading weight file: weights/Training_TThut_All_b4j4_BDT.weights.xml
--- BDT                      : Read method "BDT" of type "BDT"
--- BDT                      : MVA method was trained with TMVA Version: 4.2.1
--- BDT                      : MVA method was trained with ROOT Version: 6.06/01
--- DataSetInfo              : Added class "Background"	 with internal class number 0
--- DataSetInfo              : Added class "Signal"	 with internal class number 1
--- Reader                   : Booked classifier "BDT" of type: "BDT"
--- Reader                   : Booking "BDTG method" of type "BDT" from weights/CombTraining_hut_All_b4j4_BDT.weights.xml.
--- MethodBase               : Reading weight file: weights/CombTraining_hut_All_b4j4_BDT.weights.xml
--- BDT                      : Read method "BDT" of type "BDT"
--- BDT                      : MVA method was trained with TMVA Version: 4.2.1
--- BDT                      : MVA method was trained with ROOT Version: 6.06/01
--- DataSetInfo              : Added class "Background"	 with internal class number 0
--- DataSetInfo              : Added class "Signal"	 with internal class number 1
--- Reader                   : Booked classifier "BDT" of type: "BDT"
                 nEntries: 994539
Dataset:  :TTJets_powheg_hdampdown
--- Reader                   : Booking "BDTG method" of type "BDT" from weights/Training_SThut_All_b4j4_BDT.weights.xml.
--- MethodBase               : Reading weight file: weights/Training_SThut_All_b4j4_BDT.weights.xml
--- BDT                      : Read method "BDT" of type "BDT"
--- BDT                      : MVA method was trained with TMVA Version: 4.2.1
--- BDT                      : MVA method was trained with ROOT Version: 6.06/01
--- DataSetInfo              : Added class "Background"	 with internal class number 0
--- DataSetInfo              : Added class "Signal"	 with internal class number 1
--- Reader                   : Booked classifier "BDT" of type: "BDT"
--- Reader                   : Booking "BDTG method" of type "BDT" from weights/Training_TThut_All_b4j4_BDT.weights.xml.
--- MethodBase               : Reading weight file: weights/Training_TThut_All_b4j4_BDT.weights.xml
--- BDT                      : Read method "BDT" of type "BDT"
--- BDT                      : MVA method was trained with TMVA Version: 4.2.1
--- BDT                      : MVA method was trained with ROOT Version: 6.06/01
--- DataSetInfo              : Added class "Background"	 with internal class number 0
--- DataSetInfo              : Added class "Signal"	 with internal class number 1
--- Reader                   : Booked classifier "BDT" of type: "BDT"
--- Reader                   : Booking "BDTG method" of type "BDT" from weights/CombTraining_hut_All_b4j4_BDT.weights.xml.
--- MethodBase               : Reading weight file: weights/CombTraining_hut_All_b4j4_BDT.weights.xml
--- BDT                      : Read method "BDT" of type "BDT"
--- BDT                      : MVA method was trained with TMVA Version: 4.2.1
--- BDT                      : MVA method was trained with ROOT Version: 6.06/01
--- DataSetInfo              : Added class "Background"	 with internal class number 0
--- DataSetInfo              : Added class "Signal"	 with internal class number 1
--- Reader                   : Booked classifier "BDT" of type: "BDT"
                 nEntries: 964848
Dataset:  :TTJets_powheg_UEup
--- Reader                   : Booking "BDTG method" of type "BDT" from weights/Training_SThut_All_b4j4_BDT.weights.xml.
--- MethodBase               : Reading weight file: weights/Training_SThut_All_b4j4_BDT.weights.xml
--- BDT                      : Read method "BDT" of type "BDT"
--- BDT                      : MVA method was trained with TMVA Version: 4.2.1
--- BDT                      : MVA method was trained with ROOT Version: 6.06/01
--- DataSetInfo              : Added class "Background"	 with internal class number 0
--- DataSetInfo              : Added class "Signal"	 with internal class number 1
--- Reader                   : Booked classifier "BDT" of type: "BDT"
--- Reader                   : Booking "BDTG method" of type "BDT" from weights/Training_TThut_All_b4j4_BDT.weights.xml.
--- MethodBase               : Reading weight file: weights/Training_TThut_All_b4j4_BDT.weights.xml
--- BDT                      : Read method "BDT" of type "BDT"
--- BDT                      : MVA method was trained with TMVA Version: 4.2.1
--- BDT                      : MVA method was trained with ROOT Version: 6.06/01
--- DataSetInfo              : Added class "Background"	 with internal class number 0
--- DataSetInfo              : Added class "Signal"	 with internal class number 1
--- Reader                   : Booked classifier "BDT" of type: "BDT"
--- Reader                   : Booking "BDTG method" of type "BDT" from weights/CombTraining_hut_All_b4j4_BDT.weights.xml.
--- MethodBase               : Reading weight file: weights/CombTraining_hut_All_b4j4_BDT.weights.xml
--- BDT                      : Read method "BDT" of type "BDT"
--- BDT                      : MVA method was trained with TMVA Version: 4.2.1
--- BDT                      : MVA method was trained with ROOT Version: 6.06/01
--- DataSetInfo              : Added class "Background"	 with internal class number 0
--- DataSetInfo              : Added class "Signal"	 with internal class number 1
--- Reader                   : Booked classifier "BDT" of type: "BDT"
                 nEntries: 1007098
Dataset:  :TTJets_powheg_UEdown
--- Reader                   : Booking "BDTG method" of type "BDT" from weights/Training_SThut_All_b4j4_BDT.weights.xml.
--- MethodBase               : Reading weight file: weights/Training_SThut_All_b4j4_BDT.weights.xml
--- BDT                      : Read method "BDT" of type "BDT"
--- BDT                      : MVA method was trained with TMVA Version: 4.2.1
--- BDT                      : MVA method was trained with ROOT Version: 6.06/01
--- DataSetInfo              : Added class "Background"	 with internal class number 0
--- DataSetInfo              : Added class "Signal"	 with internal class number 1
--- Reader                   : Booked classifier "BDT" of type: "BDT"
--- Reader                   : Booking "BDTG method" of type "BDT" from weights/Training_TThut_All_b4j4_BDT.weights.xml.
--- MethodBase               : Reading weight file: weights/Training_TThut_All_b4j4_BDT.weights.xml
--- BDT                      : Read method "BDT" of type "BDT"
--- BDT                      : MVA method was trained with TMVA Version: 4.2.1
--- BDT                      : MVA method was trained with ROOT Version: 6.06/01
--- DataSetInfo              : Added class "Background"	 with internal class number 0
--- DataSetInfo              : Added class "Signal"	 with internal class number 1
--- Reader                   : Booked classifier "BDT" of type: "BDT"
--- Reader                   : Booking "BDTG method" of type "BDT" from weights/CombTraining_hut_All_b4j4_BDT.weights.xml.
--- MethodBase               : Reading weight file: weights/CombTraining_hut_All_b4j4_BDT.weights.xml
--- BDT                      : Read method "BDT" of type "BDT"
--- BDT                      : MVA method was trained with TMVA Version: 4.2.1
--- BDT                      : MVA method was trained with ROOT Version: 6.06/01
--- DataSetInfo              : Added class "Background"	 with internal class number 0
--- DataSetInfo              : Added class "Signal"	 with internal class number 1
--- Reader                   : Booked classifier "BDT" of type: "BDT"
                 nEntries: 894569
Dataset:  :TTJets_powheg
--- Reader                   : Booking "BDTG method" of type "BDT" from weights/Training_SThut_All_b4j4_BDT.weights.xml.
--- MethodBase               : Reading weight file: weights/Training_SThut_All_b4j4_BDT.weights.xml
--- BDT                      : Read method "BDT" of type "BDT"
--- BDT                      : MVA method was trained with TMVA Version: 4.2.1
--- BDT                      : MVA method was trained with ROOT Version: 6.06/01
--- DataSetInfo              : Added class "Background"	 with internal class number 0
--- DataSetInfo              : Added class "Signal"	 with internal class number 1
--- Reader                   : Booked classifier "BDT" of type: "BDT"
--- Reader                   : Booking "BDTG method" of type "BDT" from weights/Training_TThut_All_b4j4_BDT.weights.xml.
--- MethodBase               : Reading weight file: weights/Training_TThut_All_b4j4_BDT.weights.xml
--- BDT                      : Read method "BDT" of type "BDT"
--- BDT                      : MVA method was trained with TMVA Version: 4.2.1
--- BDT                      : MVA method was trained with ROOT Version: 6.06/01
--- DataSetInfo              : Added class "Background"	 with internal class number 0
--- DataSetInfo              : Added class "Signal"	 with internal class number 1
--- Reader                   : Booked classifier "BDT" of type: "BDT"
--- Reader                   : Booking "BDTG method" of type "BDT" from weights/CombTraining_hut_All_b4j4_BDT.weights.xml.
--- MethodBase               : Reading weight file: weights/CombTraining_hut_All_b4j4_BDT.weights.xml
--- BDT                      : Read method "BDT" of type "BDT"
--- BDT                      : MVA method was trained with TMVA Version: 4.2.1
--- BDT                      : MVA method was trained with ROOT Version: 6.06/01
--- DataSetInfo              : Added class "Background"	 with internal class number 0
--- DataSetInfo              : Added class "Signal"	 with internal class number 1
--- Reader                   : Booked classifier "BDT" of type: "BDT"
                 nEntries: 2602124
Making directory :MSPlots/MSPlots_All/_12_5_2017/b4j4
maxSTandTT_ttbb
____________________
 
1) binContentDown = 0
1) binContentUp = 0
 
2) binContentDown = 0
2) binContentUp = 0
 
3) binContentDown = 0
3) binContentUp = 0
 
4) binContentDown = 0
4) binContentUp = 0
 
5) binContentDown = 0
5) binContentUp = 0
 
6) binContentDown = 0.746585
6) binContentUp = 0.746585
 
7) binContentDown = 14.5891
7) binContentUp = 14.6079
 
8) binContentDown = 89.4554
8) binContentUp = 89.5532
 
9) binContentDown = 281.225
9) binContentUp = 281.997
 
10) binContentDown = 395.686
10) binContentUp = 396.621
 
11) binContentDown = 352.261
11) binContentUp = 353.245
 
12) binContentDown = 156.612
12) binContentUp = 156.963
 
13) binContentDown = 65.9579
13) binContentUp = 66.1637
 
14) binContentDown = 11.9212
14) binContentUp = 12.0104
 
15) binContentDown = 0
15) binContentUp = 0
 
16) binContentDown = 0
16) binContentUp = 0
 
17) binContentDown = 0
17) binContentUp = 0
 
18) binContentDown = 0
18) binContentUp = 0
 
19) binContentDown = 0
19) binContentUp = 0
ST_ttbb
____________________
 
1) binContentDown = 0
1) binContentUp = 0
 
2) binContentDown = 0
2) binContentUp = 0
 
3) binContentDown = 2.59499
3) binContentUp = 2.59499
 
4) binContentDown = 13.4562
4) binContentUp = 13.5517
 
5) binContentDown = 67.934
5) binContentUp = 67.9885
 
6) binContentDown = 155.871
6) binContentUp = 156.5
 
7) binContentDown = 201.629
7) binContentUp = 201.828
 
8) binContentDown = 263.059
8) binContentUp = 263.536
 
9) binContentDown = 258.738
9) binContentUp = 259.512
 
10) binContentDown = 178.233
10) binContentUp = 178.575
 
11) binContentDown = 125.445
11) binContentUp = 125.936
 
12) binContentDown = 62.5717
12) binContentUp = 62.7819
 
13) binContentDown = 33.2469
13) binContentUp = 33.3404
 
14) binContentDown = 5.68352
14) binContentUp = 5.77275
 
15) binContentDown = 0
15) binContentUp = 0
 
16) binContentDown = 0
16) binContentUp = 0
 
17) binContentDown = 0
17) binContentUp = 0
 
18) binContentDown = 0
18) binContentUp = 0
 
19) binContentDown = 0
19) binContentUp = 0
TT_ttbb
____________________
 
1) binContentDown = 0
1) binContentUp = 0
 
2) binContentDown = 0
2) binContentUp = 0
 
3) binContentDown = 0
3) binContentUp = 0
 
4) binContentDown = 0
4) binContentUp = 0
 
5) binContentDown = 0
5) binContentUp = 0
 
6) binContentDown = 2.86062
6) binContentUp = 2.86062
 
7) binContentDown = 27.6533
7) binContentUp = 27.6721
 
8) binContentDown = 144.29
8) binContentUp = 144.662
 
9) binContentDown = 313.925
9) binContentUp = 314.573
 
10) binContentDown = 401.57
10) binContentUp = 402.774
 
11) binContentDown = 306.012
11) binContentUp = 306.758
 
12) binContentDown = 126.634
12) binContentUp = 126.938
 
13) binContentDown = 39.2712
13) binContentUp = 39.4324
 
14) binContentDown = 6.23766
14) binContentUp = 6.23766
 
15) binContentDown = 0
15) binContentUp = 0
 
16) binContentDown = 0
16) binContentUp = 0
 
17) binContentDown = 0
17) binContentUp = 0
 
18) binContentDown = 0
18) binContentUp = 0
 
19) binContentDown = 0
19) binContentUp = 0
combSTandTT_ttbb
____________________
 
1) binContentDown = 0
1) binContentUp = 0
 
2) binContentDown = 0
2) binContentUp = 0
 
3) binContentDown = 0
3) binContentUp = 0
 
4) binContentDown = 0
4) binContentUp = 0
 
5) binContentDown = 0.164529
5) binContentUp = 0.164529
 
6) binContentDown = 5.6411
6) binContentUp = 5.6411
 
7) binContentDown = 29.5246
7) binContentUp = 29.5363
 
8) binContentDown = 139.916
8) binContentUp = 140.481
 
9) binContentDown = 317.778
9) binContentUp = 318.356
 
10) binContentDown = 375.044
10) binContentUp = 375.942
 
11) binContentDown = 305.922
11) binContentUp = 306.769
 
12) binContentDown = 138.34
12) binContentUp = 138.711
 
13) binContentDown = 51.6408
13) binContentUp = 51.7998
 
14) binContentDown = 4.49055
14) binContentUp = 4.49055
 
15) binContentDown = 0
15) binContentUp = 0
 
16) binContentDown = 0
16) binContentUp = 0
 
17) binContentDown = 0
17) binContentUp = 0
 
18) binContentDown = 0
18) binContentUp = 0
 
19) binContentDown = 0
19) binContentUp = 0
combSTandTT_cutCount_ttbb
____________________
maxSTandTT_ttcc
____________________
 
1) binContentDown = 0
1) binContentUp = 0
 
2) binContentDown = 0
2) binContentUp = 0
 
3) binContentDown = 0
3) binContentUp = 0
 
4) binContentDown = 0
4) binContentUp = 0
 
5) binContentDown = 0
5) binContentUp = 0
 
6) binContentDown = 1.56039
6) binContentUp = 1.56039
 
7) binContentDown = 5.06939
7) binContentUp = 5.06939
 
8) binContentDown = 41.3527
8) binContentUp = 41.4145
 
9) binContentDown = 97.2128
9) binContentUp = 97.3732
 
10) binContentDown = 152.665
10) binContentUp = 152.775
 
11) binContentDown = 115.65
11) binContentUp = 115.768
 
12) binContentDown = 39.4274
12) binContentUp = 39.4851
 
13) binContentDown = 13.6284
13) binContentUp = 13.6612
 
14) binContentDown = 1.581
14) binContentUp = 1.581
 
15) binContentDown = 0
15) binContentUp = 0
 
16) binContentDown = 0
16) binContentUp = 0
 
17) binContentDown = 0
17) binContentUp = 0
 
18) binContentDown = 0
18) binContentUp = 0
 
19) binContentDown = 0
19) binContentUp = 0
ST_ttcc
____________________
 
1) binContentDown = 0
1) binContentUp = 0
 
2) binContentDown = 0
2) binContentUp = 0
 
3) binContentDown = 0.827623
3) binContentUp = 0.827623
 
4) binContentDown = 7.19767
4) binContentUp = 7.20446
 
5) binContentDown = 25.5131
5) binContentUp = 25.5836
 
6) binContentDown = 47.8025
6) binContentUp = 47.8756
 
7) binContentDown = 82.0769
7) binContentUp = 82.1368
 
8) binContentDown = 88.9693
8) binContentUp = 89.2152
 
9) binContentDown = 73.1231
9) binContentUp = 73.2596
 
10) binContentDown = 67.0533
10) binContentUp = 67.1978
 
11) binContentDown = 53.4696
11) binContentUp = 53.5454
 
12) binContentDown = 14.8999
12) binContentUp = 14.8999
 
13) binContentDown = 5.52747
13) binContentUp = 5.52747
 
14) binContentDown = 1.581
14) binContentUp = 1.581
 
15) binContentDown = 0
15) binContentUp = 0
 
16) binContentDown = 0
16) binContentUp = 0
 
17) binContentDown = 0
17) binContentUp = 0
 
18) binContentDown = 0
18) binContentUp = 0
 
19) binContentDown = 0
19) binContentUp = 0
TT_ttcc
____________________
 
1) binContentDown = 0
1) binContentUp = 0
 
2) binContentDown = 0
2) binContentUp = 0
 
3) binContentDown = 0
3) binContentUp = 0
 
4) binContentDown = 0
4) binContentUp = 0
 
5) binContentDown = 0
5) binContentUp = 0
 
6) binContentDown = 1.57541
6) binContentUp = 1.57541
 
7) binContentDown = 12.839
7) binContentUp = 12.8843
 
8) binContentDown = 60.3145
8) binContentUp = 60.3938
 
9) binContentDown = 115.69
9) binContentUp = 115.818
 
10) binContentDown = 147.587
10) binContentUp = 147.728
 
11) binContentDown = 92.0903
11) binContentUp = 92.2329
 
12) binContentDown = 29.9074
12) binContentUp = 29.9652
 
13) binContentDown = 8.10092
13) binContentUp = 8.13378
 
14) binContentDown = 0
14) binContentUp = 0
 
15) binContentDown = 0
15) binContentUp = 0
 
16) binContentDown = 0
16) binContentUp = 0
 
17) binContentDown = 0
17) binContentUp = 0
 
18) binContentDown = 0
18) binContentUp = 0
 
19) binContentDown = 0
19) binContentUp = 0
combSTandTT_ttcc
____________________
 
1) binContentDown = 0
1) binContentUp = 0
 
2) binContentDown = 0
2) binContentUp = 0
 
3) binContentDown = 0
3) binContentUp = 0
 
4) binContentDown = 0
4) binContentUp = 0
 
5) binContentDown = 0
5) binContentUp = 0
 
6) binContentDown = 1.58369
6) binContentUp = 1.58369
 
7) binContentDown = 13.6131
7) binContentUp = 13.6181
 
8) binContentDown = 62.7206
8) binContentUp = 62.8589
 
9) binContentDown = 118.993
9) binContentUp = 119.161
 
10) binContentDown = 150.35
10) binContentUp = 150.473
 
11) binContentDown = 79.4911
11) binContentUp = 79.565
 
12) binContentDown = 30.8986
12) binContentUp = 30.914
 
13) binContentDown = 8.97177
13) binContentUp = 8.97177
 
14) binContentDown = 1.55528
14) binContentUp = 1.55528
 
15) binContentDown = 0
15) binContentUp = 0
 
16) binContentDown = 0
16) binContentUp = 0
 
17) binContentDown = 0
17) binContentUp = 0
 
18) binContentDown = 0
18) binContentUp = 0
 
19) binContentDown = 0
19) binContentUp = 0
combSTandTT_cutCount_ttcc
____________________
maxSTandTT_ttlf
____________________
 
1) binContentDown = 0
1) binContentUp = 0
 
2) binContentDown = 0
2) binContentUp = 0
 
3) binContentDown = 0
3) binContentUp = 0
 
4) binContentDown = 0
4) binContentUp = 0
 
5) binContentDown = 0
5) binContentUp = 0
 
6) binContentDown = 0
6) binContentUp = 0
 
7) binContentDown = 3.09923
7) binContentUp = 3.09948
 
8) binContentDown = 28.524
8) binContentUp = 28.5644
 
9) binContentDown = 100.632
9) binContentUp = 100.709
 
10) binContentDown = 162.444
10) binContentUp = 162.612
 
11) binContentDown = 150.963
11) binContentUp = 151.21
 
12) binContentDown = 57.9987
12) binContentUp = 58.2741
 
13) binContentDown = 19.4032
13) binContentUp = 19.5053
 
14) binContentDown = 0.94987
14) binContentUp = 0.970477
 
15) binContentDown = 0
15) binContentUp = 0
 
16) binContentDown = 0
16) binContentUp = 0
 
17) binContentDown = 0
17) binContentUp = 0
 
18) binContentDown = 0
18) binContentUp = 0
 
19) binContentDown = 0
19) binContentUp = 0
ST_ttlf
____________________
 
1) binContentDown = 0
1) binContentUp = 0
 
2) binContentDown = 0
2) binContentUp = 0
 
3) binContentDown = 0
3) binContentUp = 0
 
4) binContentDown = 4.67432
4) binContentUp = 4.70946
 
5) binContentDown = 13.1237
5) binContentUp = 13.1444
 
6) binContentDown = 36.7641
6) binContentUp = 36.7646
 
7) binContentDown = 57.5323
7) binContentUp = 57.6189
 
8) binContentDown = 84.8375
8) binContentUp = 84.904
 
9) binContentDown = 97.1717
9) binContentUp = 97.3339
 
10) binContentDown = 105.154
10) binContentUp = 105.248
 
11) binContentDown = 79.5845
11) binContentUp = 79.6994
 
12) binContentDown = 30.0994
12) binContentUp = 30.3865
 
13) binContentDown = 15.0592
13) binContentUp = 15.1227
 
14) binContentDown = 0
14) binContentUp = 0
 
15) binContentDown = 0
15) binContentUp = 0
 
16) binContentDown = 0
16) binContentUp = 0
 
17) binContentDown = 0
17) binContentUp = 0
 
18) binContentDown = 0
18) binContentUp = 0
 
19) binContentDown = 0
19) binContentUp = 0
TT_ttlf
____________________
 
1) binContentDown = 0
1) binContentUp = 0
 
2) binContentDown = 0
2) binContentUp = 0
 
3) binContentDown = 0
3) binContentUp = 0
 
4) binContentDown = 0
4) binContentUp = 0
 
5) binContentDown = 0
5) binContentUp = 0
 
6) binContentDown = 2.26235
6) binContentUp = 2.26235
 
7) binContentDown = 22.6787
7) binContentUp = 22.8108
 
8) binContentDown = 63.5766
8) binContentUp = 63.6876
 
9) binContentDown = 144.908
9) binContentUp = 145.06
 
10) binContentDown = 145.163
10) binContentUp = 145.352
 
11) binContentDown = 101.528
11) binContentUp = 101.653
 
12) binContentDown = 36.6942
12) binContentUp = 36.7904
 
13) binContentDown = 6.25417
13) binContentUp = 6.36872
 
14) binContentDown = 0.94987
14) binContentUp = 0.970477
 
15) binContentDown = 0
15) binContentUp = 0
 
16) binContentDown = 0
16) binContentUp = 0
 
17) binContentDown = 0
17) binContentUp = 0
 
18) binContentDown = 0
18) binContentUp = 0
 
19) binContentDown = 0
19) binContentUp = 0
combSTandTT_ttlf
____________________
 
1) binContentDown = 0
1) binContentUp = 0
 
2) binContentDown = 0
2) binContentUp = 0
 
3) binContentDown = 0
3) binContentUp = 0
 
4) binContentDown = 0
4) binContentUp = 0
 
5) binContentDown = 0
5) binContentUp = 0
 
6) binContentDown = 0.219002
6) binContentUp = 0.219002
 
7) binContentDown = 17.3492
7) binContentUp = 17.3494
 
8) binContentDown = 59.6173
8) binContentUp = 59.7258
 
9) binContentDown = 144.155
9) binContentUp = 144.319
 
10) binContentDown = 141.927
10) binContentUp = 142.118
 
11) binContentDown = 107.767
11) binContentUp = 107.87
 
12) binContentDown = 37.2376
12) binContentUp = 37.2815
 
13) binContentDown = 12.4632
13) binContentUp = 12.6755
 
14) binContentDown = 3.32247
14) binContentUp = 3.38636
 
15) binContentDown = 0
15) binContentUp = 0
 
16) binContentDown = 0
16) binContentUp = 0
 
17) binContentDown = 0
17) binContentUp = 0
 
18) binContentDown = 0
18) binContentUp = 0
 
19) binContentDown = 0
19) binContentUp = 0
combSTandTT_cutCount_ttlf
____________________
It took us 1799.2 to run the program
********************************************
           End of the program !!            
********************************************
