512+0 records in
512+0 records out
524288 bytes (524 kB) copied, 0.00270661 s, 194 MB/s
No correct signal selected
Training factory is empty
SysError in <TFile::Flush>: error flushing file weights/.root (Stale file handle)
*** glibc detected *** ./TreeProcessor_EventTraining_STandTTCombined: corrupted double-linked list: 0x00000000023a4f80 ***
======= Backtrace: =========
/lib64/libc.so.6[0x38f8a75f3e]
/lib64/libc.so.6[0x38f8a7a6f4]
/lib64/libc.so.6(__libc_malloc+0x5c)[0x38f8a7abfc]
/cvmfs/cms.cern.ch/slc6_amd64_gcc530/external/gcc/5.3.0/lib64/libstdc++.so.6(_Znwm+0x18)[0x7f1c23b8ef68]
/cvmfs/cms.cern.ch/slc6_amd64_gcc530/cms/cmssw-patch/CMSSW_8_0_26_patch1/external/slc6_amd64_gcc530/lib/libCling.so(_ZNK6TCling23CreateListOfBaseClassesEP6TClass+0x173)[0x7f1c209a0853]
/cvmfs/cms.cern.ch/slc6_amd64_gcc530/cms/cmssw-patch/CMSSW_8_0_26_patch1/external/slc6_amd64_gcc530/lib/libCore.so(_ZN6TClass14GetListOfBasesEv+0x169)[0x7f1c24dc2229]
/cvmfs/cms.cern.ch/slc6_amd64_gcc530/cms/cmssw-patch/CMSSW_8_0_26_patch1/external/slc6_amd64_gcc530/lib/libCore.so(_ZN8TQObject23CollectClassSignalListsER5TListP6TClass+0x68)[0x7f1c24d443e8]
/cvmfs/cms.cern.ch/slc6_amd64_gcc530/cms/cmssw-patch/CMSSW_8_0_26_patch1/external/slc6_amd64_gcc530/lib/libCore.so(_ZN8TQObject4EmitEPKc+0xb5)[0x7f1c24d44c35]
/cvmfs/cms.cern.ch/slc6_amd64_gcc530/cms/cmssw-patch/CMSSW_8_0_26_patch1/external/slc6_amd64_gcc530/lib/libCore.so(_ZN15TMessageHandler6NotifyEv+0x64)[0x7f1c24d422e4]
/cvmfs/cms.cern.ch/slc6_amd64_gcc530/cms/cmssw-patch/CMSSW_8_0_26_patch1/external/slc6_amd64_gcc530/lib/libCore.so(_ZN15TMessageHandler13HandleMessageEiPK7TObject+0x4b)[0x7f1c24d4210b]
/cvmfs/cms.cern.ch/slc6_amd64_gcc530/cms/cmssw-patch/CMSSW_8_0_26_patch1/external/slc6_amd64_gcc530/lib/libCore.so(_ZN5TROOT7MessageEiPK7TObject+0x3e)[0x7f1c24c7a41e]
/cvmfs/cms.cern.ch/slc6_amd64_gcc530/cms/cmssw-patch/CMSSW_8_0_26_patch1/external/slc6_amd64_gcc530/lib/libCore.so(_ZNK7TObject8SysErrorEPKcS1_z+0xb2)[0x7f1c24d02ed2]
/cvmfs/cms.cern.ch/slc6_amd64_gcc530/cms/cmssw-patch/CMSSW_8_0_26_patch1/external/slc6_amd64_gcc530/lib/libRIO.so(_ZN5TFile11WriteHeaderEv+0x16e)[0x7f1c24a9680e]
/cvmfs/cms.cern.ch/slc6_amd64_gcc530/cms/cmssw-patch/CMSSW_8_0_26_patch1/external/slc6_amd64_gcc530/lib/libRIO.so(_ZN5TFile5CloseEPKc+0x211)[0x7f1c24aa13a1]
/cvmfs/cms.cern.ch/slc6_amd64_gcc530/cms/cmssw-patch/CMSSW_8_0_26_patch1/external/slc6_amd64_gcc530/lib/libRIO.so(_ZN5TFileD1Ev+0x27)[0x7f1c24aa1767]
/cvmfs/cms.cern.ch/slc6_amd64_gcc530/cms/cmssw-patch/CMSSW_8_0_26_patch1/external/slc6_amd64_gcc530/lib/libRIO.so(_ZN5TFileD0Ev+0x9)[0x7f1c24aa1aa9]
/cvmfs/cms.cern.ch/slc6_amd64_gcc530/cms/cmssw-patch/CMSSW_8_0_26_patch1/external/slc6_amd64_gcc530/lib/libCore.so(_ZN5TList6DeleteEPKc+0x26d)[0x7f1c24d86b7d]
/cvmfs/cms.cern.ch/slc6_amd64_gcc530/cms/cmssw-patch/CMSSW_8_0_26_patch1/external/slc6_amd64_gcc530/lib/libCore.so(_ZN5TROOTD1Ev+0xe9)[0x7f1c24c76e29]
/lib64/libc.so.6(exit+0xe2)[0x38f8a35ae2]
/lib64/libc.so.6(__libc_start_main+0x104)[0x38f8a1ed24]
./TreeProcessor_EventTraining_STandTTCombined[0x414549]
======= Memory map: ========
00400000-0042d000 r-xp 00000000 00:24 422251382                          /storage_mnt/storage/user/kderoove/FCNC/TopTreeFramework_Run2/CMSSW_8_0_26_patch1/src/TopBrussels/FCNCAnalysis/TreeProcessor_EventTraining_STandTTCombined
0042d000-00430000 rw-p 0002c000 00:24 422251382                          /storage_mnt/storage/user/kderoove/FCNC/TopTreeFramework_Run2/CMSSW_8_0_26_patch1/src/TopBrussels/FCNCAnalysis/TreeProcessor_EventTraining_STandTTCombined
0078c000-02a52000 rw-p 00000000 00:00 0                                  [heap]
38f8600000-38f8620000 r-xp 00000000 08:01 368871                         /lib64/ld-2.12.so
38f881f000-38f8821000 r--p 0001f000 08:01 368871                         /lib64/ld-2.12.so
38f8821000-38f8822000 rw-p 00021000 08:01 368871                         /lib64/ld-2.12.so
38f8822000-38f8823000 rw-p 00000000 00:00 0 
38f8a00000-38f8b8a000 r-xp 00000000 08:01 368876                         /lib64/libc-2.12.so
38f8b8a000-38f8d8a000 ---p 0018a000 08:01 368876                         /lib64/libc-2.12.so
38f8d8a000-38f8d8e000 r--p 0018a000 08:01 368876                         /lib64/libc-2.12.so
38f8d8e000-38f8d90000 rw-p 0018e000 08:01 368876                         /lib64/libc-2.12.so
38f8d90000-38f8d94000 rw-p 00000000 00:00 0 
38f8e00000-38f8e83000 r-xp 00000000 08:01 369143                         /lib64/libm-2.12.so
38f8e83000-38f9082000 ---p 00083000 08:01 369143                         /lib64/libm-2.12.so
38f9082000-38f9083000 r--p 00082000 08:01 369143                         /lib64/libm-2.12.so
38f9083000-38f9084000 rw-p 00083000 08:01 369143                         /lib64/libm-2.12.so
38f9200000-38f9202000 r-xp 00000000 08:01 369142                         /lib64/libdl-2.12.so
38f9202000-38f9402000 ---p 00002000 08:01 369142                         /lib64/libdl-2.12.so
38f9402000-38f9403000 r--p 00002000 08:01 369142                         /lib64/libdl-2.12.so
38f9403000-38f9404000 rw-p 00003000 08:01 369142                         /lib64/libdl-2.12.so
38f9600000-38f9617000 r-xp 00000000 08:01 368877                         /lib64/libpthread-2.12.so
38f9617000-38f9817000 ---p 00017000 08:01 368877                         /lib64/libpthread-2.12.so
38f9817000-38f9818000 r--p 00017000 08:01 368877                         /lib64/libpthread-2.12.so
38f9818000-38f9819000 rw-p 00018000 08:01 368877                         /lib64/libpthread-2.12.so
38f9819000-38f981d000 rw-p 00000000 00:00 0 
38f9e00000-38f9e07000 r-xp 00000000 08:01 368961                         /lib64/librt-2.12.so
38f9e07000-38fa006000 ---p 00007000 08:01 368961                         /lib64/librt-2.12.so
38fa006000-38fa007000 r--p 00006000 08:01 368961                         /lib64/librt-2.12.so
38fa007000-38fa008000 rw-p 00007000 08:01 368961                         /lib64/librt-2.12.so
38faa00000-38faa16000 r-xp 00000000 08:01 368693                         /lib64/libresolv-2.12.so
38faa16000-38fac16000 ---p 00016000 08:01 368693                         /lib64/libresolv-2.12.so
38fac16000-38fac17000 r--p 00016000 08:01 368693                         /lib64/libresolv-2.12.so
38fac17000-38fac18000 rw-p 00017000 08:01 368693                         /lib64/libresolv-2.12.so
38fac18000-38fac1a000 rw-p 00000000 00:00 0 
38fae00000-38fae1d000 r-xp 00000000 08:01 369154                         /lib64/libselinux.so.1
38fae1d000-38fb01c000 ---p 0001d000 08:01 369154                         /lib64/libselinux.so.1
38fb01c000-38fb01d000 r--p 0001c000 08:01 369154                         /lib64/libselinux.so.1
38fb01d000-38fb01e000 rw-p 0001d000 08:01 369154                         /lib64/libselinux.so.1
38fb01e000-38fb01f000 rw-p 00000000 00:00 0 
38fbe00000-38fbe03000 r-xp 00000000 08:01 369162                         /lib64/libcom_err.so.2.1
38fbe03000-38fc002000 ---p 00003000 08:01 369162                         /lib64/libcom_err.so.2.1
38fc002000-38fc003000 r--p 00002000 08:01 369162                         /lib64/libcom_err.so.2.1
38fc003000-38fc004000 rw-p 00003000 08:01 369162                         /lib64/libcom_err.so.2.1
38fc200000-38fc241000 r-xp 00000000 08:01 369164                         /lib64/libgssapi_krb5.so.2.2
38fc241000-38fc441000 ---p 00041000 08:01 369164                         /lib64/libgssapi_krb5.so.2.2
38fc441000-38fc442000 r--p 00041000 08:01 369164                         /lib64/libgssapi_krb5.so.2.2
38fc442000-38fc444000 rw-p 00042000 08:01 369164                         /lib64/libgssapi_krb5.so.2.2
38fc600000-38fc60a000 r-xp 00000000 08:01 369160                         /lib64/libkrb5support.so.0.1
38fc60a000-38fc809000 ---p 0000a000 08:01 369160                         /lib64/libkrb5support.so.0.1
38fc809000-38fc80a000 r--p 00009000 08:01 369160                         /lib64/libkrb5support.so.0.1
38fc80a000-38fc80b000 rw-p 0000a000 08:01 369160                         /lib64/libkrb5support.so.0.1
38fca00000-38fcadb000 r-xp 00000000 08:01 369163                         /lib64/libkrb5.so.3.3
38fcadb000-38fccdb000 ---p 000db000 08:01 369163                         /lib64/libkrb5.so.3.3
38fccdb000-38fcce5000 r--p 000db000 08:01 369163                         /lib64/libkrb5.so.3.3
38fcce5000-38fcce7000 rw-p 000e5000 08:01 369163                         /lib64/libkrb5.so.3.3
38fd200000-38fd202000 r-xp 00000000 08:01 368767                         /lib64/libkeyutils.so.1.3
38fd202000-38fd401000 ---p 00002000 08:01 368767                         /lib64/libkeyutils.so.1.3
38fd401000-38fd402000 r--p 00001000 08:01 368767                         /lib64/libkeyutils.so.1.3
38fd402000-38fd403000 rw-p 00002000 08:01 368767                         /lib64/libkeyutils.so.1.3
38fd600000-38fd629000 r-xp 00000000 08:01 369161                         /lib64/libk5crypto.so.3.1
38fd629000-38fd829000 ---p 00029000 08:01 369161                         /lib64/libk5crypto.so.3.1
38fd829000-38fd82a000 r--p 00029000 08:01 369161                         /lib64/libk5crypto.so.3.1
38fd82a000-38fd82b000 rw-p 0002a000 08:01 369161                         /lib64/libk5crypto.so.3.1
38fd82b000-38fd82c000 rw-p 00000000 00:00 0 
3905400000-390541d000 r-xp 00000000 08:01 369180                         /lib64/libtinfo.so.5.7
390541d000-390561c000 ---p 0001d000 08:01 369180                         /lib64/libtinfo.so.5.7
390561c000-3905620000 rw-p 0001c000 08:01 369180                         /lib64/libtinfo.so.5.7
3905620000-3905621000 rw-p 00000000 00:00 0 
3f71600000-3f71607000 r-xp 00000000 08:01 368791                         /lib64/libcrypt-2.12.so
3f71607000-3f71807000 ---p 00007000 08:01 368791                         /lib64/libcrypt-2.12.so
3f71807000-3f71808000 r--p 00007000 08:01 368791                         /lib64/libcrypt-2.12.so
3f71808000-3f71809000 rw-p 00008000 08:01 368791                         /lib64/libcrypt-2.12.so
3f71809000-3f71837000 rw-p 00000000 00:00 0 
3f71a00000-3f71a02000 r-xp 00000000 08:01 368786                         /lib64/libfreebl3.so
3f71a02000-3f71c01000 ---p 00002000 08:01 368786                         /lib64/libfreebl3.so
3f71c01000-3f71c02000 r--p 00001000 08:01 368786                         /lib64/libfreebl3.so
3f71c02000-3f71c03000 rw-p 00002000 08:01 368786                         /lib64/libfreebl3.so
7f1c14000000-7f1c14021000 rw-p 00000000 00:00 0 
7f1c14021000-7f1c18000000 ---p 00000000 00:00 0 
7f1c18e1b000-7f1c18f07000 rw-p 00000000 00:00 0 
7f1c18f6a000-7f1c19923000 rw-p 00000000 00:00 0 
7f1c19954000-7f1c206ac000 r--p 00000000 00:27 848095127                  /cvmfs/cms.cern.ch/slc6_amd64_gcc530/lcg/root/6.06.00-ikhhed6/etc/allDict.cxx.pch
7f1c206ac000-7f1c206d6000 rw-p 00000000 00:00 0 
7f1c206d6000-7f1c223dd000 r-xp 00000000 00:27 848095126                  /cvmfs/cms.cern.ch/slc6_amd64_gcc530/lcg/root/6.06.00-ikhhed6/lib/libCling.so
7f1c223dd000-7f1c22515000 rw-p 01d07000 00:27 848095126                  /cvmfs/cms.cern.ch/slc6_amd64_gcc530/lcg/root/6.06.00-ikhhed6/lib/libCling.so
7f1c22515000-7f1c22522000 rw-p 00000000 00:00 0 
7f1c22522000-7f1c22527000 r-xp 00000000 08:01 368669                     /lib64/libnss_dns-2.12.so
7f1c22527000-7f1c22726000 ---p 00005000 08:01 368669                     /lib64/libnss_dns-2.12.so
7f1c22726000-7f1c22727000 r--p 00004000 08:01 368669                     /lib64/libnss_dns-2.12.so
7f1c22727000-7f1c22728000 rw-p 00005000 08:01 368669                     /lib64/libnss_dns-2.12.so
7f1c22728000-7f1c22735000 r-xp 00000000 08:01 368670                     /lib64/libnss_files-2.12.so
7f1c22735000-7f1c22934000 ---p 0000d000 08:01 368670                     /lib64/libnss_files-2.12.so
7f1c22934000-7f1c22935000 r--p 0000c000 08:01 368670                     /lib64/libnss_files-2.12.so
7f1c22935000-7f1c22936000 rw-p 0000d000 08:01 368670                     /lib64/libnss_files-2.12.so
7f1c22936000-7f1c22947000 rw-p 00000000 00:00 0 
7f1c22947000-7f1c22984000 r-xp 00000000 00:27 895720879                  /cvmfs/cms.cern.ch/slc6_amd64_gcc530/external/gsl/1.16/lib/libgslcblas.so.0.0.0
7f1c22984000-7f1c22985000 rw-p 0003c000 00:27 895720879                  /cvmfs/cms.cern.ch/slc6_amd64_gcc530/external/gsl/1.16/lib/libgslcblas.so.0.0.0
7f1c22985000-7f1c22986000 rw-p 00000000 00:00 0 
7f1c22986000-7f1c22b9e000 r-xp 00000000 00:27 895720880                  /cvmfs/cms.cern.ch/slc6_amd64_gcc530/external/gsl/1.16/lib/libgsl.so.0.17.0
7f1c22b9e000-7f1c22bb1000 rw-p 00217000 00:27 895720880                  /cvmfs/cms.cern.ch/slc6_amd64_gcc530/external/gsl/1.16/lib/libgsl.so.0.17.0
7f1c22bb1000-7f1c22bb2000 rw-p 00000000 00:00 0 
7f1c22bb2000-7f1c22c43000 r-xp 00000000 00:27 476326548                  /cvmfs/cms.cern.ch/slc6_amd64_gcc530/external/freetype/2.5.3/lib/libfreetype.so.6.11.2
7f1c22c43000-7f1c22c49000 rw-p 00090000 00:27 476326548                  /cvmfs/cms.cern.ch/slc6_amd64_gcc530/external/freetype/2.5.3/lib/libfreetype.so.6.11.2
7f1c22c49000-7f1c22c4a000 rw-p 00000000 00:00 0 
7f1c22c4a000-7f1c22e00000 r-xp 00000000 00:27 4792963                    /cvmfs/cms.cern.ch/slc6_amd64_gcc530/external/openssl/1.0.2d/lib/libcrypto.so.10
7f1c22e00000-7f1c22e1b000 r--p 001b5000 00:27 4792963                    /cvmfs/cms.cern.ch/slc6_amd64_gcc530/external/openssl/1.0.2d/lib/libcrypto.so.10
7f1c22e1b000-7f1c22e27000 rw-p 001d0000 00:27 4792963                    /cvmfs/cms.cern.ch/slc6_amd64_gcc530/external/openssl/1.0.2d/lib/libcrypto.so.10
7f1c22e27000-7f1c22e2b000 rw-p 00000000 00:00 0 
7f1c22e2b000-7f1c22e98000 r-xp 00000000 00:27 4792957                    /cvmfs/cms.cern.ch/slc6_amd64_gcc530/external/openssl/1.0.2d/lib/libssl.so.10
7f1c22e98000-7f1c22e9d000 r--p 0006c000 00:27 4792957                    /cvmfs/cms.cern.ch/slc6_amd64_gcc530/external/openssl/1.0.2d/lib/libssl.so.10
7f1c22e9d000-7f1c22ea4000 rw-p 00071000 00:27 4792957                    /cvmfs/cms.cern.ch/slc6_amd64_gcc530/external/openssl/1.0.2d/lib/libssl.so.10
7f1c22ea4000-7f1c22ea5000 rw-p 00000000 00:00 0 
7f1c22ea5000-7f1c22ebe000 r-xp 00000000 00:27 4792837                    /cvmfs/cms.cern.ch/slc6_amd64_gcc530/external/zlib/1.2.8/lib/libz.so.1.2.8
7f1c22ebe000-7f1c22ebf000 rw-p 00018000 00:27 4792837                    /cvmfs/cms.cern.ch/slc6_amd64_gcc530/external/zlib/1.2.8/lib/libz.so.1.2.8
7f1c22ebf000-7f1c22eed000 r-xp 00000000 00:27 476302760                  /cvmfs/cms.cern.ch/slc6_amd64_gcc530/external/xz/5.2.1/lib/liblzma.so.5.2.1
7f1c22eed000-7f1c22eee000 rw-p 0002d000 00:27 476302760                  /cvmfs/cms.cern.ch/slc6_amd64_gcc530/external/xz/5.2.1/lib/liblzma.so.5.2.1
7f1c22eee000-7f1c22eef000 rw-p 00000000 00:00 0 
7f1c22eef000-7f1c22f31000 r-xp 00000000 00:27 476302514                  /cvmfs/cms.cern.ch/slc6_amd64_gcc530/external/pcre/8.37/lib/libpcre.so.1.2.5
7f1c22f31000-7f1c22f32000 rw-p 00041000 00:27 476302514                  /cvmfs/cms.cern.ch/slc6_amd64_gcc530/external/pcre/8.37/lib/libpcre.so.1.2.5
7f1c22f32000-7f1c22f64000 r-xp 00000000 00:27 1072365547                 /cvmfs/cms.cern.ch/slc6_amd64_gcc530/lcg/root/6.06.00-ikhhed6/lib/libEG.so
7f1c22f64000-7f1c22f67000 rw-p 00032000 00:27 1072365547                 /cvmfs/cms.cern.ch/slc6_amd64_gcc530/lcg/root/6.06.00-ikhhed6/lib/libEG.so
7f1c22f67000-7f1c22fc6000 rw-p 00000000 00:00 0 
7f1c22fc6000-7f1c22fe7000 r-xp 00000000 00:27 894965296                  /cvmfs/cms.cern.ch/slc6_amd64_gcc530/lcg/root/6.06.00-ikhhed6/lib/libFoam.so
7f1c22fe7000-7f1c22fea000 rw-p 00020000 00:27 894965296                  /cvmfs/cms.cern.ch/slc6_amd64_gcc530/lcg/root/6.06.00-ikhhed6/lib/libFoam.so
7f1c22fea000-7f1c23162000 r-xp 00000000 00:27 1072365766                 /cvmfs/cms.cern.ch/slc6_amd64_gcc530/lcg/root/6.06.00-ikhhed6/lib/libRooStats.so
7f1c23162000-7f1c23170000 rw-p 00177000 00:27 1072365766                 /cvmfs/cms.cern.ch/slc6_amd64_gcc530/lcg/root/6.06.00-ikhhed6/lib/libRooStats.so
7f1c23170000-7f1c23177000 rw-p 00000000 00:00 0 
7f1c23177000-7f1c2338d000 r-xp 00000000 00:27 894965361                  /cvmfs/cms.cern.ch/slc6_amd64_gcc530/lcg/root/6.06.00-ikhhed6/lib/libRooFit.so
7f1c2338d000-7f1c233b8000 rw-p 00215000 00:27 894965361                  /cvmfs/cms.cern.ch/slc6_amd64_gcc530/lcg/root/6.06.00-ikhhed6/lib/libRooFit.so
7f1c233b8000-7f1c233c0000 rw-p 00000000 00:00 0 
7f1c233c0000-7f1c238cd000 r-xp 00000000 00:27 894965326                  /cvmfs/cms.cern.ch/slc6_amd64_gcc530/lcg/root/6.06.00-ikhhed6/lib/libRooFitCore.so
7f1c238cd000-7f1c2390e000 rw-p 0050d000 00:27 894965326                  /cvmfs/cms.cern.ch/slc6_amd64_gcc530/lcg/root/6.06.00-ikhhed6/lib/libRooFitCore.so
7f1c2390e000-7f1c23928000 rw-p 00000000 00:00 0 
7f1c23928000-7f1c239ef000 r-xp 00000000 00:27 1001353411                 /cvmfs/cms.cern.ch/slc6_amd64_gcc530/lcg/root/6.06.00-ikhhed6/lib/libMinuit2.so
7f1c239ef000-7f1c239f3000 rw-p 000c7000 00:27 1001353411                 /cvmfs/cms.cern.ch/slc6_amd64_gcc530/lcg/root/6.06.00-ikhhed6/lib/libMinuit2.so
7f1c239f3000-7f1c239f6000 rw-p 00000000 00:00 0 
7f1c239f6000-7f1c23a77000 r-xp 00000000 00:27 894965478                  /cvmfs/cms.cern.ch/slc6_amd64_gcc530/lcg/root/6.06.00-ikhhed6/lib/libMathMore.so
7f1c23a77000-7f1c23a7d000 rw-p 00080000 00:27 894965478                  /cvmfs/cms.cern.ch/slc6_amd64_gcc530/lcg/root/6.06.00-ikhhed6/lib/libMathMore.so
7f1c23a7d000-7f1c23a81000 rw-p 00000000 00:00 0 
7f1c23a81000-7f1c23ae4000 r-xp 00000000 00:27 894965125                  /cvmfs/cms.cern.ch/slc6_amd64_gcc530/lcg/root/6.06.00-ikhhed6/lib/libMinuit.so
7f1c23ae4000-7f1c23ae8000 rw-p 00063000 00:27 894965125                  /cvmfs/cms.cern.ch/slc6_amd64_gcc530/lcg/root/6.06.00-ikhhed6/lib/libMinuit.so
7f1c23ae8000-7f1c23ae9000 rw-p 00000000 00:00 0 
7f1c23ae9000-7f1c23aff000 r-xp 00000000 00:27 4792782                    /cvmfs/cms.cern.ch/slc6_amd64_gcc530/external/gcc/5.3.0/lib64/libgcc_s.so.1
7f1c23aff000-7f1c23b00000 rw-p 00015000 00:27 4792782                    /cvmfs/cms.cern.ch/slc6_amd64_gcc530/external/gcc/5.3.0/lib64/libgcc_s.so.1
7f1c23b00000-7f1c23b01000 rw-p 00000000 00:00 0 
7f1c23b01000-7f1c23c6d000 r-xp 00000000 00:27 4792799                    /cvmfs/cms.cern.ch/slc6_amd64_gcc530/external/gcc/5.3.0/lib64/libstdc++.so.6.0.21
7f1c23c6d000-7f1c23c6e000 ---p 0016c000 00:27 4792799                    /cvmfs/cms.cern.ch/slc6_amd64_gcc530/external/gcc/5.3.0/lib64/libstdc++.so.6.0.21
7f1c23c6e000-7f1c23c78000 r--p 0016c000 00:27 4792799                    /cvmfs/cms.cern.ch/slc6_amd64_gcc530/external/gcc/5.3.0/lib64/libstdc++.so.6.0.21
7f1c23c78000-7f1c23c7a000 rw-p 00176000 00:27 4792799                    /cvmfs/cms.cern.ch/slc6_amd64_gcc530/external/gcc/5.3.0/lib64/libstdc++.so.6.0.21
7f1c23c7a000-7f1c23c7e000 rw-p 00000000 00:00 0 
7f1c23c81000-7f1c23c82000 rw-p 00000000 00:00 0 
7f1c23c82000-7f1c23ca0000 r-xp 00000000 00:00 0 
7f1c23ca0000-7f1c23ca1000 rw-p 00000000 00:00 0 
7f1c23ca1000-7f1c23ca2000 r-xp 00000000 00:00 0 
7f1c23ca2000-7f1c23ca3000 rw-p 00000000 00:00 0 
7f1c23ca3000-7f1c23cb1000 r-xp 00000000 00:27 1072365539                 /cvmfs/cms.cern.ch/slc6_amd64_gcc530/lcg/root/6.06.00-ikhhed6/lib/libMultiProc.so
7f1c23cb1000-7f1c23cb2000 rw-p 0000d000 00:27 1072365539                 /cvmfs/cms.cern.ch/slc6_amd64_gcc530/lcg/root/6.06.00-ikhhed6/lib/libMultiProc.so
7f1c23cb2000-7f1c23cb4000 rw-p 00000000 00:00 0 
7f1c23cb4000-7f1c23cd9000 r-xp 00000000 00:27 848093747                  /cvmfs/cms.cern.ch/slc6_amd64_gcc530/lcg/root/6.06.00-ikhhed6/lib/libThread.so
7f1c23cd9000-7f1c23cdd000 rw-p 00025000 00:27 848093747                  /cvmfs/cms.cern.ch/slc6_amd64_gcc530/lcg/root/6.06.00-ikhhed6/lib/libThread.so
7f1c23cdd000-7f1c23cde000 rw-p 00000000 00:00 0 
7f1c23cde000-7f1c23e52000 r-xp 00000000 00:27 848094010                  /cvmfs/cms.cern.ch/slc6_amd64_gcc530/lcg/root/6.06.00-ikhhed6/lib/libMathCore.so
7f1c23e52000-7f1c23e5b000 rw-p 00174000 00:27 848094010                  /cvmfs/cms.cern.ch/slc6_amd64_gcc530/lcg/root/6.06.00-ikhhed6/lib/libMathCore.so
7f1c23e5b000-7f1c23e64000 rw-p 00000000 00:00 0 
7f1c23e64000-7f1c23ea6000 r-xp 00000000 00:27 894965176                  /cvmfs/cms.cern.ch/slc6_amd64_gcc530/lcg/root/6.06.00-ikhhed6/lib/libPhysics.so
7f1c23ea6000-7f1c23eaa000 rw-p 00041000 00:27 894965176                  /cvmfs/cms.cern.ch/slc6_amd64_gcc530/lcg/root/6.06.00-ikhhed6/lib/libPhysics.so
7f1c23eaa000-7f1c23fee000 r-xp 00000000 00:27 848094009                  /cvmfs/cms.cern.ch/slc6_amd64_gcc530/lcg/root/6.06.00-ikhhed6/lib/libMatrix.so
7f1c23fee000-7f1c23ff7000 rw-p 00143000 00:27 848094009                  /cvmfs/cms.cern.ch/slc6_amd64_gcc530/lcg/root/6.06.00-ikhhed6/lib/libMatrix.so
7f1c23ff7000-7f1c23ffb000 rw-p 00000000 00:00 0 
7f1c23ffb000-7f1c24053000 r-xp 00000000 00:27 894965182                  /cvmfs/cms.cern.ch/slc6_amd64_gcc530/lcg/root/6.06.00-ikhhed6/lib/libPostscript.so
7f1c24053000-7f1c2405a000 rw-p 00058000 00:27 894965182                  /cvmfs/cms.cern.ch/slc6_amd64_gcc530/lcg/root/6.06.00-ikhhed6/lib/libPostscript.so
7f1c2405a000-7f1c2405c000 rw-p 00000000 00:00 0 
7f1c2405c000-7f1c2407f000 r-xp 00000000 00:27 1072365763                 /cvmfs/cms.cern.ch/slc6_amd64_gcc530/lcg/root/6.06.00-ikhhed6/lib/libRint.so
7f1c2407f000-7f1c24081000 rw-p 00023000 00:27 1072365763                 /cvmfs/cms.cern.ch/slc6_amd64_gcc530/lcg/root/6.06.00-ikhhed6/lib/libRint.so
7f1c24081000-7f1c241af000 r-xp 00000000 00:27 848093764                  /cvmfs/cms.cern.ch/slc6_amd64_gcc530/lcg/root/6.06.00-ikhhed6/lib/libTree.so
7f1c241af000-7f1c241c0000 rw-p 0012d000 00:27 848093764                  /cvmfs/cms.cern.ch/slc6_amd64_gcc530/lcg/root/6.06.00-ikhhed6/lib/libTree.so
7f1c241c0000-7f1c241c5000 rw-p 00000000 00:00 0 
7f1c241c5000-7f1c24263000 r-xp 00000000 00:27 848093852                  /cvmfs/cms.cern.ch/slc6_amd64_gcc530/lcg/root/6.06.00-ikhhed6/lib/libGpad.so
7f1c24263000-7f1c2426e000 rw-p 0009d000 00:27 848093852                  /cvmfs/cms.cern.ch/slc6_amd64_gcc530/lcg/root/6.06.00-ikhhed6/lib/libGpad.so
7f1c2426e000-7f1c2426f000 rw-p 00000000 00:00 0 
7f1c2426f000-7f1c242fa000 r-xp 00000000 00:27 848093950                  /cvmfs/cms.cern.ch/slc6_amd64_gcc530/lcg/root/6.06.00-ikhhed6/lib/libGraf3d.so
7f1c242fa000-7f1c24305000 rw-p 0008a000 00:27 848093950                  /cvmfs/cms.cern.ch/slc6_amd64_gcc530/lcg/root/6.06.00-ikhhed6/lib/libGraf3d.so
7f1c24305000-7f1c24309000 rw-p 00000000 00:00 0 
7f1c24309000-7f1c2442c000 r-xp 00000000 00:27 848093781                  /cvmfs/cms.cern.ch/slc6_amd64_gcc530/lcg/root/6.06.00-ikhhed6/lib/libGraf.so
7f1c2442c000-7f1c2443c000 rw-p 00123000 00:27 848093781                  /cvmfs/cms.cern.ch/slc6_amd64_gcc530/lcg/root/6.06.00-ikhhed6/lib/libGraf.so
7f1c2443c000-7f1c2444b000 rw-p 00000000 00:00 0 
7f1c2444b000-7f1c2479a000 r-xp 00000000 00:27 848094082                  /cvmfs/cms.cern.ch/slc6_amd64_gcc530/lcg/root/6.06.00-ikhhed6/lib/libHist.so
7f1c2479a000-7f1c247c6000 rw-p 0034e000 00:27 848094082                  /cvmfs/cms.cern.ch/slc6_amd64_gcc530/lcg/root/6.06.00-ikhhed6/lib/libHist.so
7f1c247c6000-7f1c247d0000 rw-p 00000000 00:00 0 
7f1c247d0000-7f1c24883000 r-xp 00000000 00:27 848093911                  /cvmfs/cms.cern.ch/slc6_amd64_gcc530/lcg/root/6.06.00-ikhhed6/lib/libNet.so
7f1c24883000-7f1c24890000 rw-p 000b2000 00:27 848093911                  /cvmfs/cms.cern.ch/slc6_amd64_gcc530/lcg/root/6.06.00-ikhhed6/lib/libNet.so
7f1c24890000-7f1c24898000 rw-p 00000000 00:00 0 
7f1c24898000-7f1c24b1d000 r-xp 00000000 00:27 848093952                  /cvmfs/cms.cern.ch/slc6_amd64_gcc530/lcg/root/6.06.00-ikhhed6/lib/libRIO.so
7f1c24b1d000-7f1c24b2a000 rw-p 00284000 00:27 848093952                  /cvmfs/cms.cern.ch/slc6_amd64_gcc530/lcg/root/6.06.00-ikhhed6/lib/libRIO.so
7f1c24b2a000-7f1c24b2d000 rw-p 00000000 00:00 0 
7f1c24b2d000-7f1c24ea7000 r-xp 00000000 00:27 848094020                  /cvmfs/cms.cern.ch/slc6_amd64_gcc530/lcg/root/6.06.00-ikhhed6/lib/libCore.so
7f1c24ea7000-7f1c24ed6000 rw-p 00379000 00:27 848094020                  /cvmfs/cms.cern.ch/slc6_amd64_gcc530/lcg/root/6.06.00-ikhhed6/lib/libCore.so
7f1c24ed6000-7f1c24f0c000 rw-p 00000000 00:00 0 
7f1c24f0c000-7f1c24f66000 r-xp 00000000 00:27 894965088                  /cvmfs/cms.cern.ch/slc6_amd64_gcc530/lcg/root/6.06.00-ikhhed6/lib/libXMLIO.so
7f1c24f66000-7f1c24f6a000 rw-p 00059000 00:27 894965088                  /cvmfs/cms.cern.ch/slc6_amd64_gcc530/lcg/root/6.06.00-ikhhed6/lib/libXMLIO.so
7f1c24f6a000-7f1c24f6b000 rw-p 00000000 00:00 0 
7f1c24f6b000-7f1c252d0000 r-xp 00000000 00:27 894965327                  /cvmfs/cms.cern.ch/slc6_amd64_gcc530/lcg/root/6.06.00-ikhhed6/lib/libTMVA.so
7f1c252d0000-7f1c252f2000 rw-p 00364000 00:27 894965327                  /cvmfs/cms.cern.ch/slc6_amd64_gcc530/lcg/root/6.06.00-ikhhed6/lib/libTMVA.so
7f1c252f2000-7f1c252fc000 rw-p 00000000 00:00 0 
7f1c252fc000-7f1c25419000 r-xp 00000000 00:27 848093973                  /cvmfs/cms.cern.ch/slc6_amd64_gcc530/lcg/root/6.06.00-ikhhed6/lib/libTreePlayer.so
7f1c25419000-7f1c25425000 rw-p 0011c000 00:27 848093973                  /cvmfs/cms.cern.ch/slc6_amd64_gcc530/lcg/root/6.06.00-ikhhed6/lib/libTreePlayer.so
7f1c25425000-7f1c2542c000 rw-p 00000000 00:00 0 
7f1c2542c000-7f1c25455000 r-xp 00000000 00:27 894965362                  /cvmfs/cms.cern.ch/slc6_amd64_gcc530/lcg/root/6.06.00-ikhhed6/lib/libMLP.so
7f1c25455000-7f1c25465000 rw-p 00029000 00:27 894965362                  /cvmfs/cms.cern.ch/slc6_amd64_gcc530/lcg/root/6.06.00-ikhhed6/lib/libMLP.so
7f1c25465000-7f1c2565d000 r-xp 00000000 00:24 343589901                  /storage_mnt/storage/user/kderoove/lib/libTopTreeAna80.so
7f1c2565d000-7f1c25665000 rw-p 001f8000 00:24 343589901                  /storage_mnt/storage/user/kderoove/lib/libTopTreeAna80.so
7f1c25665000-7f1c25707000 r-xp 00000000 00:24 343589902                  /storage_mnt/storage/user/kderoove/lib/libTopTreeAnaContent80.so
7f1c25707000-7f1c2570e000 rw-p 000a2000 00:24 343589902                  /storage_mnt/storage/user/kderoove/lib/libTopTreeAnaContent80.so
7f1c2570e000-7f1c25713000 rw-p 00000000 00:00 0 
7fffb7aa1000-7fffb7ca5000 rw-p 00000000 00:00 0                          [stack]
7fffb7cde000-7fffb7cdf000 r-xp 00000000 00:00 0                          [vdso]
ffffffffff600000-ffffffffff601000 r-xp 00000000 00:00 0                  [vsyscall]
/var/torque/mom_priv/jobs/14776712.cream02.iihe.ac.be.SC: line 16: 31603 Aborted                 ./TreeProcessor_EventTraining_STandTTCombined 3 3 2D _All _18_3_2017 0 0 0 0
