512+0 records in
512+0 records out
524288 bytes (524 kB) copied, 0.00286302 s, 183 MB/s
/var/torque/mom_priv/jobs/13904281.cream02.iihe.ac.be.SC: line 9: cmsenv: command not found
Info in <TCanvas::Print>: eps file MSPlots/MSPlots_All/_18_3_2017/b2j3/HiggsBJet1CSVv2_TOPHLEPBB_hct_Normalized.eps has been created
Info in <TCanvas::Print>: eps file MSPlots/MSPlots_All/_18_3_2017/b2j3/HiggsBJet1CSVv2_TOPHLEPBB_hct_Stack.eps has been created
Info in <TCanvas::Print>: eps file MSPlots/MSPlots_All/_18_3_2017/b2j3/HiggsBJet1CSVv2_TOPHLEPBB_hct_StackLogY.eps has been created
Info in <TCanvas::Print>: eps file MSPlots/MSPlots_All/_18_3_2017/b2j3/HiggsBJet1CSVv2_TOPHLEPBB_hct_StackAreaNorm.eps has been created
Info in <TCanvas::Print>: eps file MSPlots/MSPlots_All/_18_3_2017/b2j3/HiggsBJet1CSVv2_TOPHLEPBB_hct_StackAreaNormLogY.eps has been created
Info in <TCanvas::Print>: eps file MSPlots/MSPlots_All/_18_3_2017/b2j3/HiggsBJet1CSVv2_TOPHLEPBB_hut_Normalized.eps has been created
Info in <TCanvas::Print>: eps file MSPlots/MSPlots_All/_18_3_2017/b2j3/HiggsBJet1CSVv2_TOPHLEPBB_hut_Stack.eps has been created
Info in <TCanvas::Print>: eps file MSPlots/MSPlots_All/_18_3_2017/b2j3/HiggsBJet1CSVv2_TOPHLEPBB_hut_StackLogY.eps has been created
Info in <TCanvas::Print>: eps file MSPlots/MSPlots_All/_18_3_2017/b2j3/HiggsBJet1CSVv2_TOPHLEPBB_hut_StackAreaNorm.eps has been created
Info in <TCanvas::Print>: eps file MSPlots/MSPlots_All/_18_3_2017/b2j3/HiggsBJet1CSVv2_TOPHLEPBB_hut_StackAreaNormLogY.eps has been created
Info in <TCanvas::Print>: eps file MSPlots/MSPlots_All/_18_3_2017/b2j3/HiggsBJet1E_TOPHLEPBB_hct_Normalized.eps has been created
Info in <TCanvas::Print>: eps file MSPlots/MSPlots_All/_18_3_2017/b2j3/HiggsBJet1E_TOPHLEPBB_hct_Stack.eps has been created
Info in <TCanvas::Print>: eps file MSPlots/MSPlots_All/_18_3_2017/b2j3/HiggsBJet1E_TOPHLEPBB_hct_StackLogY.eps has been created
Info in <TCanvas::Print>: eps file MSPlots/MSPlots_All/_18_3_2017/b2j3/HiggsBJet1E_TOPHLEPBB_hct_StackAreaNorm.eps has been created
Info in <TCanvas::Print>: eps file MSPlots/MSPlots_All/_18_3_2017/b2j3/HiggsBJet1E_TOPHLEPBB_hct_StackAreaNormLogY.eps has been created
Info in <TCanvas::Print>: eps file MSPlots/MSPlots_All/_18_3_2017/b2j3/HiggsBJet1E_TOPHLEPBB_hut_Normalized.eps has been created
Info in <TCanvas::Print>: eps file MSPlots/MSPlots_All/_18_3_2017/b2j3/HiggsBJet1E_TOPHLEPBB_hut_Stack.eps has been created
Info in <TCanvas::Print>: eps file MSPlots/MSPlots_All/_18_3_2017/b2j3/HiggsBJet1E_TOPHLEPBB_hut_StackLogY.eps has been created
Info in <TCanvas::Print>: eps file MSPlots/MSPlots_All/_18_3_2017/b2j3/HiggsBJet1E_TOPHLEPBB_hut_StackAreaNorm.eps has been created
Info in <TCanvas::Print>: eps file MSPlots/MSPlots_All/_18_3_2017/b2j3/HiggsBJet1E_TOPHLEPBB_hut_StackAreaNormLogY.eps has been created
Info in <TCanvas::Print>: eps file MSPlots/MSPlots_All/_18_3_2017/b2j3/HiggsBJet1Eta_TOPHLEPBB_hct_Normalized.eps has been created
Info in <TCanvas::Print>: eps file MSPlots/MSPlots_All/_18_3_2017/b2j3/HiggsBJet1Eta_TOPHLEPBB_hct_Stack.eps has been created
Info in <TCanvas::Print>: eps file MSPlots/MSPlots_All/_18_3_2017/b2j3/HiggsBJet1Eta_TOPHLEPBB_hct_StackLogY.eps has been created
Info in <TCanvas::Print>: eps file MSPlots/MSPlots_All/_18_3_2017/b2j3/HiggsBJet1Eta_TOPHLEPBB_hct_StackAreaNorm.eps has been created
Info in <TCanvas::Print>: eps file MSPlots/MSPlots_All/_18_3_2017/b2j3/HiggsBJet1Eta_TOPHLEPBB_hct_StackAreaNormLogY.eps has been created
Info in <TCanvas::Print>: eps file MSPlots/MSPlots_All/_18_3_2017/b2j3/HiggsBJet1Eta_TOPHLEPBB_hut_Normalized.eps has been created
Info in <TCanvas::Print>: eps file MSPlots/MSPlots_All/_18_3_2017/b2j3/HiggsBJet1Eta_TOPHLEPBB_hut_Stack.eps has been created
Info in <TCanvas::Print>: eps file MSPlots/MSPlots_All/_18_3_2017/b2j3/HiggsBJet1Eta_TOPHLEPBB_hut_StackLogY.eps has been created
Info in <TCanvas::Print>: eps file MSPlots/MSPlots_All/_18_3_2017/b2j3/HiggsBJet1Eta_TOPHLEPBB_hut_StackAreaNorm.eps has been created
Info in <TCanvas::Print>: eps file MSPlots/MSPlots_All/_18_3_2017/b2j3/HiggsBJet1Eta_TOPHLEPBB_hut_StackAreaNormLogY.eps has been created
Info in <TCanvas::Print>: eps file MSPlots/MSPlots_All/_18_3_2017/b2j3/HiggsBJet1HiggsBJet2Dr_TOPHLEPBB_hct_Normalized.eps has been created
Info in <TCanvas::Print>: eps file MSPlots/MSPlots_All/_18_3_2017/b2j3/HiggsBJet1HiggsBJet2Dr_TOPHLEPBB_hct_Stack.eps has been created
Info in <TCanvas::Print>: eps file MSPlots/MSPlots_All/_18_3_2017/b2j3/HiggsBJet1HiggsBJet2Dr_TOPHLEPBB_hct_StackLogY.eps has been created
Info in <TCanvas::Print>: eps file MSPlots/MSPlots_All/_18_3_2017/b2j3/HiggsBJet1HiggsBJet2Dr_TOPHLEPBB_hct_StackAreaNorm.eps has been created
Info in <TCanvas::Print>: eps file MSPlots/MSPlots_All/_18_3_2017/b2j3/HiggsBJet1HiggsBJet2Dr_TOPHLEPBB_hct_StackAreaNormLogY.eps has been created
Info in <TCanvas::Print>: eps file MSPlots/MSPlots_All/_18_3_2017/b2j3/HiggsBJet1HiggsBJet2Dr_TOPHLEPBB_hut_Normalized.eps has been created
Info in <TCanvas::Print>: eps file MSPlots/MSPlots_All/_18_3_2017/b2j3/HiggsBJet1HiggsBJet2Dr_TOPHLEPBB_hut_Stack.eps has been created
Info in <TCanvas::Print>: eps file MSPlots/MSPlots_All/_18_3_2017/b2j3/HiggsBJet1HiggsBJet2Dr_TOPHLEPBB_hut_StackLogY.eps has been created
Info in <TCanvas::Print>: eps file MSPlots/MSPlots_All/_18_3_2017/b2j3/HiggsBJet1HiggsBJet2Dr_TOPHLEPBB_hut_StackAreaNorm.eps has been created
Info in <TCanvas::Print>: eps file MSPlots/MSPlots_All/_18_3_2017/b2j3/HiggsBJet1HiggsBJet2Dr_TOPHLEPBB_hut_StackAreaNormLogY.eps has been created
Info in <TCanvas::Print>: eps file MSPlots/MSPlots_All/_18_3_2017/b2j3/HiggsBJet1Phi_TOPHLEPBB_hct_Normalized.eps has been created
Info in <TCanvas::Print>: eps file MSPlots/MSPlots_All/_18_3_2017/b2j3/HiggsBJet1Phi_TOPHLEPBB_hct_Stack.eps has been created
Info in <TCanvas::Print>: eps file MSPlots/MSPlots_All/_18_3_2017/b2j3/HiggsBJet1Phi_TOPHLEPBB_hct_StackLogY.eps has been created
Info in <TCanvas::Print>: eps file MSPlots/MSPlots_All/_18_3_2017/b2j3/HiggsBJet1Phi_TOPHLEPBB_hct_StackAreaNorm.eps has been created
Info in <TCanvas::Print>: eps file MSPlots/MSPlots_All/_18_3_2017/b2j3/HiggsBJet1Phi_TOPHLEPBB_hct_StackAreaNormLogY.eps has been created
Info in <TCanvas::Print>: eps file MSPlots/MSPlots_All/_18_3_2017/b2j3/HiggsBJet1Phi_TOPHLEPBB_hut_Normalized.eps has been created
Info in <TCanvas::Print>: eps file MSPlots/MSPlots_All/_18_3_2017/b2j3/HiggsBJet1Phi_TOPHLEPBB_hut_Stack.eps has been created
Info in <TCanvas::Print>: eps file MSPlots/MSPlots_All/_18_3_2017/b2j3/HiggsBJet1Phi_TOPHLEPBB_hut_StackLogY.eps has been created
Info in <TCanvas::Print>: eps file MSPlots/MSPlots_All/_18_3_2017/b2j3/HiggsBJet1Phi_TOPHLEPBB_hut_StackAreaNorm.eps has been created
Info in <TCanvas::Print>: eps file MSPlots/MSPlots_All/_18_3_2017/b2j3/HiggsBJet1Phi_TOPHLEPBB_hut_StackAreaNormLogY.eps has been created
Info in <TCanvas::Print>: eps file MSPlots/MSPlots_All/_18_3_2017/b2j3/HiggsBJet1Pt_TOPHLEPBB_hct_Normalized.eps has been created
Info in <TCanvas::Print>: eps file MSPlots/MSPlots_All/_18_3_2017/b2j3/HiggsBJet1Pt_TOPHLEPBB_hct_Stack.eps has been created
Info in <TCanvas::Print>: eps file MSPlots/MSPlots_All/_18_3_2017/b2j3/HiggsBJet1Pt_TOPHLEPBB_hct_StackLogY.eps has been created
Info in <TCanvas::Print>: eps file MSPlots/MSPlots_All/_18_3_2017/b2j3/HiggsBJet1Pt_TOPHLEPBB_hct_StackAreaNorm.eps has been created
Info in <TCanvas::Print>: eps file MSPlots/MSPlots_All/_18_3_2017/b2j3/HiggsBJet1Pt_TOPHLEPBB_hct_StackAreaNormLogY.eps has been created
Info in <TCanvas::Print>: eps file MSPlots/MSPlots_All/_18_3_2017/b2j3/HiggsBJet1Pt_TOPHLEPBB_hut_Normalized.eps has been created
Info in <TCanvas::Print>: eps file MSPlots/MSPlots_All/_18_3_2017/b2j3/HiggsBJet1Pt_TOPHLEPBB_hut_Stack.eps has been created
Info in <TCanvas::Print>: eps file MSPlots/MSPlots_All/_18_3_2017/b2j3/HiggsBJet1Pt_TOPHLEPBB_hut_StackLogY.eps has been created
Info in <TCanvas::Print>: eps file MSPlots/MSPlots_All/_18_3_2017/b2j3/HiggsBJet1Pt_TOPHLEPBB_hut_StackAreaNorm.eps has been created
Info in <TCanvas::Print>: eps file MSPlots/MSPlots_All/_18_3_2017/b2j3/HiggsBJet1Pt_TOPHLEPBB_hut_StackAreaNormLogY.eps has been created
Info in <TCanvas::Print>: eps file MSPlots/MSPlots_All/_18_3_2017/b2j3/HiggsBJet2CSVv2_TOPHLEPBB_hct_Normalized.eps has been created
Info in <TCanvas::Print>: eps file MSPlots/MSPlots_All/_18_3_2017/b2j3/HiggsBJet2CSVv2_TOPHLEPBB_hct_Stack.eps has been created
Info in <TCanvas::Print>: eps file MSPlots/MSPlots_All/_18_3_2017/b2j3/HiggsBJet2CSVv2_TOPHLEPBB_hct_StackLogY.eps has been created
Info in <TCanvas::Print>: eps file MSPlots/MSPlots_All/_18_3_2017/b2j3/HiggsBJet2CSVv2_TOPHLEPBB_hct_StackAreaNorm.eps has been created
Info in <TCanvas::Print>: eps file MSPlots/MSPlots_All/_18_3_2017/b2j3/HiggsBJet2CSVv2_TOPHLEPBB_hct_StackAreaNormLogY.eps has been created
Info in <TCanvas::Print>: eps file MSPlots/MSPlots_All/_18_3_2017/b2j3/HiggsBJet2CSVv2_TOPHLEPBB_hut_Normalized.eps has been created
Info in <TCanvas::Print>: eps file MSPlots/MSPlots_All/_18_3_2017/b2j3/HiggsBJet2CSVv2_TOPHLEPBB_hut_Stack.eps has been created
Info in <TCanvas::Print>: eps file MSPlots/MSPlots_All/_18_3_2017/b2j3/HiggsBJet2CSVv2_TOPHLEPBB_hut_StackLogY.eps has been created
Info in <TCanvas::Print>: eps file MSPlots/MSPlots_All/_18_3_2017/b2j3/HiggsBJet2CSVv2_TOPHLEPBB_hut_StackAreaNorm.eps has been created
Info in <TCanvas::Print>: eps file MSPlots/MSPlots_All/_18_3_2017/b2j3/HiggsBJet2CSVv2_TOPHLEPBB_hut_StackAreaNormLogY.eps has been created
Info in <TCanvas::Print>: eps file MSPlots/MSPlots_All/_18_3_2017/b2j3/HiggsBJet2E_TOPHLEPBB_hct_Normalized.eps has been created
Info in <TCanvas::Print>: eps file MSPlots/MSPlots_All/_18_3_2017/b2j3/HiggsBJet2E_TOPHLEPBB_hct_Stack.eps has been created
Info in <TCanvas::Print>: eps file MSPlots/MSPlots_All/_18_3_2017/b2j3/HiggsBJet2E_TOPHLEPBB_hct_StackLogY.eps has been created
Info in <TCanvas::Print>: eps file MSPlots/MSPlots_All/_18_3_2017/b2j3/HiggsBJet2E_TOPHLEPBB_hct_StackAreaNorm.eps has been created
Info in <TCanvas::Print>: eps file MSPlots/MSPlots_All/_18_3_2017/b2j3/HiggsBJet2E_TOPHLEPBB_hct_StackAreaNormLogY.eps has been created
Info in <TCanvas::Print>: eps file MSPlots/MSPlots_All/_18_3_2017/b2j3/HiggsBJet2E_TOPHLEPBB_hut_Normalized.eps has been created
Info in <TCanvas::Print>: eps file MSPlots/MSPlots_All/_18_3_2017/b2j3/HiggsBJet2E_TOPHLEPBB_hut_Stack.eps has been created
Info in <TCanvas::Print>: eps file MSPlots/MSPlots_All/_18_3_2017/b2j3/HiggsBJet2E_TOPHLEPBB_hut_StackLogY.eps has been created
Info in <TCanvas::Print>: eps file MSPlots/MSPlots_All/_18_3_2017/b2j3/HiggsBJet2E_TOPHLEPBB_hut_StackAreaNorm.eps has been created
Info in <TCanvas::Print>: eps file MSPlots/MSPlots_All/_18_3_2017/b2j3/HiggsBJet2E_TOPHLEPBB_hut_StackAreaNormLogY.eps has been created
Info in <TCanvas::Print>: eps file MSPlots/MSPlots_All/_18_3_2017/b2j3/HiggsBJet2Eta_TOPHLEPBB_hct_Normalized.eps has been created
Info in <TCanvas::Print>: eps file MSPlots/MSPlots_All/_18_3_2017/b2j3/HiggsBJet2Eta_TOPHLEPBB_hct_Stack.eps has been created
Info in <TCanvas::Print>: eps file MSPlots/MSPlots_All/_18_3_2017/b2j3/HiggsBJet2Eta_TOPHLEPBB_hct_StackLogY.eps has been created
Info in <TCanvas::Print>: eps file MSPlots/MSPlots_All/_18_3_2017/b2j3/HiggsBJet2Eta_TOPHLEPBB_hct_StackAreaNorm.eps has been created
Info in <TCanvas::Print>: eps file MSPlots/MSPlots_All/_18_3_2017/b2j3/HiggsBJet2Eta_TOPHLEPBB_hct_StackAreaNormLogY.eps has been created
Info in <TCanvas::Print>: eps file MSPlots/MSPlots_All/_18_3_2017/b2j3/HiggsBJet2Eta_TOPHLEPBB_hut_Normalized.eps has been created
Info in <TCanvas::Print>: eps file MSPlots/MSPlots_All/_18_3_2017/b2j3/HiggsBJet2Eta_TOPHLEPBB_hut_Stack.eps has been created
Info in <TCanvas::Print>: eps file MSPlots/MSPlots_All/_18_3_2017/b2j3/HiggsBJet2Eta_TOPHLEPBB_hut_StackLogY.eps has been created
Info in <TCanvas::Print>: eps file MSPlots/MSPlots_All/_18_3_2017/b2j3/HiggsBJet2Eta_TOPHLEPBB_hut_StackAreaNorm.eps has been created
Info in <TCanvas::Print>: eps file MSPlots/MSPlots_All/_18_3_2017/b2j3/HiggsBJet2Eta_TOPHLEPBB_hut_StackAreaNormLogY.eps has been created
Info in <TCanvas::Print>: eps file MSPlots/MSPlots_All/_18_3_2017/b2j3/HiggsBJet2Phi_TOPHLEPBB_hct_Normalized.eps has been created
Info in <TCanvas::Print>: eps file MSPlots/MSPlots_All/_18_3_2017/b2j3/HiggsBJet2Phi_TOPHLEPBB_hct_Stack.eps has been created
Info in <TCanvas::Print>: eps file MSPlots/MSPlots_All/_18_3_2017/b2j3/HiggsBJet2Phi_TOPHLEPBB_hct_StackLogY.eps has been created
Info in <TCanvas::Print>: eps file MSPlots/MSPlots_All/_18_3_2017/b2j3/HiggsBJet2Phi_TOPHLEPBB_hct_StackAreaNorm.eps has been created
Info in <TCanvas::Print>: eps file MSPlots/MSPlots_All/_18_3_2017/b2j3/HiggsBJet2Phi_TOPHLEPBB_hct_StackAreaNormLogY.eps has been created
Info in <TCanvas::Print>: eps file MSPlots/MSPlots_All/_18_3_2017/b2j3/HiggsBJet2Phi_TOPHLEPBB_hut_Normalized.eps has been created
Info in <TCanvas::Print>: eps file MSPlots/MSPlots_All/_18_3_2017/b2j3/HiggsBJet2Phi_TOPHLEPBB_hut_Stack.eps has been created
Info in <TCanvas::Print>: eps file MSPlots/MSPlots_All/_18_3_2017/b2j3/HiggsBJet2Phi_TOPHLEPBB_hut_StackLogY.eps has been created
Info in <TCanvas::Print>: eps file MSPlots/MSPlots_All/_18_3_2017/b2j3/HiggsBJet2Phi_TOPHLEPBB_hut_StackAreaNorm.eps has been created
Info in <TCanvas::Print>: eps file MSPlots/MSPlots_All/_18_3_2017/b2j3/HiggsBJet2Phi_TOPHLEPBB_hut_StackAreaNormLogY.eps has been created
Info in <TCanvas::Print>: eps file MSPlots/MSPlots_All/_18_3_2017/b2j3/HiggsBJet2Pt_TOPHLEPBB_hct_Normalized.eps has been created
Info in <TCanvas::Print>: eps file MSPlots/MSPlots_All/_18_3_2017/b2j3/HiggsBJet2Pt_TOPHLEPBB_hct_Stack.eps has been created
Info in <TCanvas::Print>: eps file MSPlots/MSPlots_All/_18_3_2017/b2j3/HiggsBJet2Pt_TOPHLEPBB_hct_StackLogY.eps has been created
Info in <TCanvas::Print>: eps file MSPlots/MSPlots_All/_18_3_2017/b2j3/HiggsBJet2Pt_TOPHLEPBB_hct_StackAreaNorm.eps has been created
Info in <TCanvas::Print>: eps file MSPlots/MSPlots_All/_18_3_2017/b2j3/HiggsBJet2Pt_TOPHLEPBB_hct_StackAreaNormLogY.eps has been created
Info in <TCanvas::Print>: eps file MSPlots/MSPlots_All/_18_3_2017/b2j3/HiggsBJet2Pt_TOPHLEPBB_hut_Normalized.eps has been created
Info in <TCanvas::Print>: eps file MSPlots/MSPlots_All/_18_3_2017/b2j3/HiggsBJet2Pt_TOPHLEPBB_hut_Stack.eps has been created
Info in <TCanvas::Print>: eps file MSPlots/MSPlots_All/_18_3_2017/b2j3/HiggsBJet2Pt_TOPHLEPBB_hut_StackLogY.eps has been created
Info in <TCanvas::Print>: eps file MSPlots/MSPlots_All/_18_3_2017/b2j3/HiggsBJet2Pt_TOPHLEPBB_hut_StackAreaNorm.eps has been created
Info in <TCanvas::Print>: eps file MSPlots/MSPlots_All/_18_3_2017/b2j3/HiggsBJet2Pt_TOPHLEPBB_hut_StackAreaNormLogY.eps has been created
Info in <TCanvas::Print>: eps file MSPlots/MSPlots_All/_18_3_2017/b2j3/HiggsEta_TOPHLEPBB_hct_Normalized.eps has been created
Info in <TCanvas::Print>: eps file MSPlots/MSPlots_All/_18_3_2017/b2j3/HiggsEta_TOPHLEPBB_hct_Stack.eps has been created
Info in <TCanvas::Print>: eps file MSPlots/MSPlots_All/_18_3_2017/b2j3/HiggsEta_TOPHLEPBB_hct_StackLogY.eps has been created
Info in <TCanvas::Print>: eps file MSPlots/MSPlots_All/_18_3_2017/b2j3/HiggsEta_TOPHLEPBB_hct_StackAreaNorm.eps has been created
Info in <TCanvas::Print>: eps file MSPlots/MSPlots_All/_18_3_2017/b2j3/HiggsEta_TOPHLEPBB_hct_StackAreaNormLogY.eps has been created
Info in <TCanvas::Print>: eps file MSPlots/MSPlots_All/_18_3_2017/b2j3/HiggsEta_TOPHLEPBB_hut_Normalized.eps has been created
Info in <TCanvas::Print>: eps file MSPlots/MSPlots_All/_18_3_2017/b2j3/HiggsEta_TOPHLEPBB_hut_Stack.eps has been created
Info in <TCanvas::Print>: eps file MSPlots/MSPlots_All/_18_3_2017/b2j3/HiggsEta_TOPHLEPBB_hut_StackLogY.eps has been created
Info in <TCanvas::Print>: eps file MSPlots/MSPlots_All/_18_3_2017/b2j3/HiggsEta_TOPHLEPBB_hut_StackAreaNorm.eps has been created
Info in <TCanvas::Print>: eps file MSPlots/MSPlots_All/_18_3_2017/b2j3/HiggsEta_TOPHLEPBB_hut_StackAreaNormLogY.eps has been created
Info in <TCanvas::Print>: eps file MSPlots/MSPlots_All/_18_3_2017/b2j3/HiggsMass_TOPHLEPBB_hct_Normalized.eps has been created
Info in <TCanvas::Print>: eps file MSPlots/MSPlots_All/_18_3_2017/b2j3/HiggsMass_TOPHLEPBB_hct_Stack.eps has been created
Info in <TCanvas::Print>: eps file MSPlots/MSPlots_All/_18_3_2017/b2j3/HiggsMass_TOPHLEPBB_hct_StackLogY.eps has been created
Info in <TCanvas::Print>: eps file MSPlots/MSPlots_All/_18_3_2017/b2j3/HiggsMass_TOPHLEPBB_hct_StackAreaNorm.eps has been created
Info in <TCanvas::Print>: eps file MSPlots/MSPlots_All/_18_3_2017/b2j3/HiggsMass_TOPHLEPBB_hct_StackAreaNormLogY.eps has been created
Info in <TCanvas::Print>: eps file MSPlots/MSPlots_All/_18_3_2017/b2j3/HiggsMass_TOPHLEPBB_hut_Normalized.eps has been created
Info in <TCanvas::Print>: eps file MSPlots/MSPlots_All/_18_3_2017/b2j3/HiggsMass_TOPHLEPBB_hut_Stack.eps has been created
Info in <TCanvas::Print>: eps file MSPlots/MSPlots_All/_18_3_2017/b2j3/HiggsMass_TOPHLEPBB_hut_StackLogY.eps has been created
Info in <TCanvas::Print>: eps file MSPlots/MSPlots_All/_18_3_2017/b2j3/HiggsMass_TOPHLEPBB_hut_StackAreaNorm.eps has been created
Info in <TCanvas::Print>: eps file MSPlots/MSPlots_All/_18_3_2017/b2j3/HiggsMass_TOPHLEPBB_hut_StackAreaNormLogY.eps has been created
Info in <TCanvas::Print>: eps file MSPlots/MSPlots_All/_18_3_2017/b2j3/HiggsPhi_TOPHLEPBB_hct_Normalized.eps has been created
Info in <TCanvas::Print>: eps file MSPlots/MSPlots_All/_18_3_2017/b2j3/HiggsPhi_TOPHLEPBB_hct_Stack.eps has been created
Info in <TCanvas::Print>: eps file MSPlots/MSPlots_All/_18_3_2017/b2j3/HiggsPhi_TOPHLEPBB_hct_StackLogY.eps has been created
Info in <TCanvas::Print>: eps file MSPlots/MSPlots_All/_18_3_2017/b2j3/HiggsPhi_TOPHLEPBB_hct_StackAreaNorm.eps has been created
Info in <TCanvas::Print>: eps file MSPlots/MSPlots_All/_18_3_2017/b2j3/HiggsPhi_TOPHLEPBB_hct_StackAreaNormLogY.eps has been created
Info in <TCanvas::Print>: eps file MSPlots/MSPlots_All/_18_3_2017/b2j3/HiggsPhi_TOPHLEPBB_hut_Normalized.eps has been created
Info in <TCanvas::Print>: eps file MSPlots/MSPlots_All/_18_3_2017/b2j3/HiggsPhi_TOPHLEPBB_hut_Stack.eps has been created
Info in <TCanvas::Print>: eps file MSPlots/MSPlots_All/_18_3_2017/b2j3/HiggsPhi_TOPHLEPBB_hut_StackLogY.eps has been created
Info in <TCanvas::Print>: eps file MSPlots/MSPlots_All/_18_3_2017/b2j3/HiggsPhi_TOPHLEPBB_hut_StackAreaNorm.eps has been created
Info in <TCanvas::Print>: eps file MSPlots/MSPlots_All/_18_3_2017/b2j3/HiggsPhi_TOPHLEPBB_hut_StackAreaNormLogY.eps has been created
Info in <TCanvas::Print>: eps file MSPlots/MSPlots_All/_18_3_2017/b2j3/HiggsPt_TOPHLEPBB_hct_Normalized.eps has been created
Info in <TCanvas::Print>: eps file MSPlots/MSPlots_All/_18_3_2017/b2j3/HiggsPt_TOPHLEPBB_hct_Stack.eps has been created
Info in <TCanvas::Print>: eps file MSPlots/MSPlots_All/_18_3_2017/b2j3/HiggsPt_TOPHLEPBB_hct_StackLogY.eps has been created
Info in <TCanvas::Print>: eps file MSPlots/MSPlots_All/_18_3_2017/b2j3/HiggsPt_TOPHLEPBB_hct_StackAreaNorm.eps has been created
Info in <TCanvas::Print>: eps file MSPlots/MSPlots_All/_18_3_2017/b2j3/HiggsPt_TOPHLEPBB_hct_StackAreaNormLogY.eps has been created
Info in <TCanvas::Print>: eps file MSPlots/MSPlots_All/_18_3_2017/b2j3/HiggsPt_TOPHLEPBB_hut_Normalized.eps has been created
Info in <TCanvas::Print>: eps file MSPlots/MSPlots_All/_18_3_2017/b2j3/HiggsPt_TOPHLEPBB_hut_Stack.eps has been created
Info in <TCanvas::Print>: eps file MSPlots/MSPlots_All/_18_3_2017/b2j3/HiggsPt_TOPHLEPBB_hut_StackLogY.eps has been created
Info in <TCanvas::Print>: eps file MSPlots/MSPlots_All/_18_3_2017/b2j3/HiggsPt_TOPHLEPBB_hut_StackAreaNorm.eps has been created
Info in <TCanvas::Print>: eps file MSPlots/MSPlots_All/_18_3_2017/b2j3/HiggsPt_TOPHLEPBB_hut_StackAreaNormLogY.eps has been created
Info in <TCanvas::Print>: eps file MSPlots/MSPlots_All/_18_3_2017/b2j3/JetCSVv2_Normalized.eps has been created
Info in <TCanvas::Print>: eps file MSPlots/MSPlots_All/_18_3_2017/b2j3/JetCSVv2_Stack.eps has been created
Info in <TCanvas::Print>: eps file MSPlots/MSPlots_All/_18_3_2017/b2j3/JetCSVv2_StackLogY.eps has been created
Info in <TCanvas::Print>: eps file MSPlots/MSPlots_All/_18_3_2017/b2j3/JetCSVv2_StackAreaNorm.eps has been created
Info in <TCanvas::Print>: eps file MSPlots/MSPlots_All/_18_3_2017/b2j3/JetCSVv2_StackAreaNormLogY.eps has been created
Info in <TCanvas::Print>: eps file MSPlots/MSPlots_All/_18_3_2017/b2j3/JetCvsB_Normalized.eps has been created
Info in <TCanvas::Print>: eps file MSPlots/MSPlots_All/_18_3_2017/b2j3/JetCvsB_Stack.eps has been created
Info in <TCanvas::Print>: eps file MSPlots/MSPlots_All/_18_3_2017/b2j3/JetCvsB_StackLogY.eps has been created
Info in <TCanvas::Print>: eps file MSPlots/MSPlots_All/_18_3_2017/b2j3/JetCvsB_StackAreaNorm.eps has been created
Info in <TCanvas::Print>: eps file MSPlots/MSPlots_All/_18_3_2017/b2j3/JetCvsB_StackAreaNormLogY.eps has been created
Info in <TCanvas::Print>: eps file MSPlots/MSPlots_All/_18_3_2017/b2j3/JetCvsL_Normalized.eps has been created
Info in <TCanvas::Print>: eps file MSPlots/MSPlots_All/_18_3_2017/b2j3/JetCvsL_Stack.eps has been created
Info in <TCanvas::Print>: eps file MSPlots/MSPlots_All/_18_3_2017/b2j3/JetCvsL_StackLogY.eps has been created
Info in <TCanvas::Print>: eps file MSPlots/MSPlots_All/_18_3_2017/b2j3/JetCvsL_StackAreaNorm.eps has been created
Info in <TCanvas::Print>: eps file MSPlots/MSPlots_All/_18_3_2017/b2j3/JetCvsL_StackAreaNormLogY.eps has been created
Info in <TCanvas::Print>: eps file MSPlots/MSPlots_All/_18_3_2017/b2j3/JetEta_Normalized.eps has been created
Info in <TCanvas::Print>: eps file MSPlots/MSPlots_All/_18_3_2017/b2j3/JetEta_Stack.eps has been created
Info in <TCanvas::Print>: eps file MSPlots/MSPlots_All/_18_3_2017/b2j3/JetEta_StackLogY.eps has been created
Info in <TCanvas::Print>: eps file MSPlots/MSPlots_All/_18_3_2017/b2j3/JetEta_StackAreaNorm.eps has been created
Info in <TCanvas::Print>: eps file MSPlots/MSPlots_All/_18_3_2017/b2j3/JetEta_StackAreaNormLogY.eps has been created
Info in <TCanvas::Print>: eps file MSPlots/MSPlots_All/_18_3_2017/b2j3/JetPhi_Normalized.eps has been created
Info in <TCanvas::Print>: eps file MSPlots/MSPlots_All/_18_3_2017/b2j3/JetPhi_Stack.eps has been created
Info in <TCanvas::Print>: eps file MSPlots/MSPlots_All/_18_3_2017/b2j3/JetPhi_StackLogY.eps has been created
Info in <TCanvas::Print>: eps file MSPlots/MSPlots_All/_18_3_2017/b2j3/JetPhi_StackAreaNorm.eps has been created
Info in <TCanvas::Print>: eps file MSPlots/MSPlots_All/_18_3_2017/b2j3/JetPhi_StackAreaNormLogY.eps has been created
Info in <TCanvas::Print>: eps file MSPlots/MSPlots_All/_18_3_2017/b2j3/JetPt_Normalized.eps has been created
Info in <TCanvas::Print>: eps file MSPlots/MSPlots_All/_18_3_2017/b2j3/JetPt_Stack.eps has been created
Info in <TCanvas::Print>: eps file MSPlots/MSPlots_All/_18_3_2017/b2j3/JetPt_StackLogY.eps has been created
Info in <TCanvas::Print>: eps file MSPlots/MSPlots_All/_18_3_2017/b2j3/JetPt_StackAreaNorm.eps has been created
Info in <TCanvas::Print>: eps file MSPlots/MSPlots_All/_18_3_2017/b2j3/JetPt_StackAreaNormLogY.eps has been created
Info in <TCanvas::Print>: eps file MSPlots/MSPlots_All/_18_3_2017/b2j3/JetcMVAv2_Normalized.eps has been created
Info in <TCanvas::Print>: eps file MSPlots/MSPlots_All/_18_3_2017/b2j3/JetcMVAv2_Stack.eps has been created
Info in <TCanvas::Print>: eps file MSPlots/MSPlots_All/_18_3_2017/b2j3/JetcMVAv2_StackLogY.eps has been created
Info in <TCanvas::Print>: eps file MSPlots/MSPlots_All/_18_3_2017/b2j3/JetcMVAv2_StackAreaNorm.eps has been created
Info in <TCanvas::Print>: eps file MSPlots/MSPlots_All/_18_3_2017/b2j3/JetcMVAv2_StackAreaNormLogY.eps has been created
Info in <TCanvas::Print>: eps file MSPlots/MSPlots_All/_18_3_2017/b2j3/LeptonCharge_Normalized.eps has been created
Info in <TCanvas::Print>: eps file MSPlots/MSPlots_All/_18_3_2017/b2j3/LeptonCharge_Stack.eps has been created
Info in <TCanvas::Print>: eps file MSPlots/MSPlots_All/_18_3_2017/b2j3/LeptonCharge_StackLogY.eps has been created
Info in <TCanvas::Print>: eps file MSPlots/MSPlots_All/_18_3_2017/b2j3/LeptonCharge_StackAreaNorm.eps has been created
Info in <TCanvas::Print>: eps file MSPlots/MSPlots_All/_18_3_2017/b2j3/LeptonCharge_StackAreaNormLogY.eps has been created
Info in <TCanvas::Print>: eps file MSPlots/MSPlots_All/_18_3_2017/b2j3/LeptonEta_Normalized.eps has been created
Info in <TCanvas::Print>: eps file MSPlots/MSPlots_All/_18_3_2017/b2j3/LeptonEta_Stack.eps has been created
Info in <TCanvas::Print>: eps file MSPlots/MSPlots_All/_18_3_2017/b2j3/LeptonEta_StackLogY.eps has been created
Info in <TCanvas::Print>: eps file MSPlots/MSPlots_All/_18_3_2017/b2j3/LeptonEta_StackAreaNorm.eps has been created
Info in <TCanvas::Print>: eps file MSPlots/MSPlots_All/_18_3_2017/b2j3/LeptonEta_StackAreaNormLogY.eps has been created
Info in <TCanvas::Print>: eps file MSPlots/MSPlots_All/_18_3_2017/b2j3/LeptonPhi_Normalized.eps has been created
Info in <TCanvas::Print>: eps file MSPlots/MSPlots_All/_18_3_2017/b2j3/LeptonPhi_Stack.eps has been created
Info in <TCanvas::Print>: eps file MSPlots/MSPlots_All/_18_3_2017/b2j3/LeptonPhi_StackLogY.eps has been created
Info in <TCanvas::Print>: eps file MSPlots/MSPlots_All/_18_3_2017/b2j3/LeptonPhi_StackAreaNorm.eps has been created
Info in <TCanvas::Print>: eps file MSPlots/MSPlots_All/_18_3_2017/b2j3/LeptonPhi_StackAreaNormLogY.eps has been created
Info in <TCanvas::Print>: eps file MSPlots/MSPlots_All/_18_3_2017/b2j3/LeptonPt_Normalized.eps has been created
Info in <TCanvas::Print>: eps file MSPlots/MSPlots_All/_18_3_2017/b2j3/LeptonPt_Stack.eps has been created
Info in <TCanvas::Print>: eps file MSPlots/MSPlots_All/_18_3_2017/b2j3/LeptonPt_StackLogY.eps has been created
Info in <TCanvas::Print>: eps file MSPlots/MSPlots_All/_18_3_2017/b2j3/LeptonPt_StackAreaNorm.eps has been created
Info in <TCanvas::Print>: eps file MSPlots/MSPlots_All/_18_3_2017/b2j3/LeptonPt_StackAreaNormLogY.eps has been created
Info in <TCanvas::Print>: eps file MSPlots/MSPlots_All/_18_3_2017/b2j3/MVA_TOPHLEPBB_hct_Normalized.eps has been created
Info in <TCanvas::Print>: eps file MSPlots/MSPlots_All/_18_3_2017/b2j3/MVA_TOPHLEPBB_hct_Stack.eps has been created
Info in <TCanvas::Print>: eps file MSPlots/MSPlots_All/_18_3_2017/b2j3/MVA_TOPHLEPBB_hct_StackLogY.eps has been created
Info in <TCanvas::Print>: eps file MSPlots/MSPlots_All/_18_3_2017/b2j3/MVA_TOPHLEPBB_hct_StackAreaNorm.eps has been created
Info in <TCanvas::Print>: eps file MSPlots/MSPlots_All/_18_3_2017/b2j3/MVA_TOPHLEPBB_hct_StackAreaNormLogY.eps has been created
Info in <TCanvas::Print>: eps file MSPlots/MSPlots_All/_18_3_2017/b2j3/MVA_TOPHLEPBB_hut_Normalized.eps has been created
Info in <TCanvas::Print>: eps file MSPlots/MSPlots_All/_18_3_2017/b2j3/MVA_TOPHLEPBB_hut_Stack.eps has been created
Info in <TCanvas::Print>: eps file MSPlots/MSPlots_All/_18_3_2017/b2j3/MVA_TOPHLEPBB_hut_StackLogY.eps has been created
Info in <TCanvas::Print>: eps file MSPlots/MSPlots_All/_18_3_2017/b2j3/MVA_TOPHLEPBB_hut_StackAreaNorm.eps has been created
Info in <TCanvas::Print>: eps file MSPlots/MSPlots_All/_18_3_2017/b2j3/MVA_TOPHLEPBB_hut_StackAreaNormLogY.eps has been created
Info in <TCanvas::Print>: eps file MSPlots/MSPlots_All/_18_3_2017/b2j3/MVA_TOPTOPLEPHAD_Normalized.eps has been created
Info in <TCanvas::Print>: eps file MSPlots/MSPlots_All/_18_3_2017/b2j3/MVA_TOPTOPLEPHAD_Stack.eps has been created
Info in <TCanvas::Print>: eps file MSPlots/MSPlots_All/_18_3_2017/b2j3/MVA_TOPTOPLEPHAD_StackLogY.eps has been created
Info in <TCanvas::Print>: eps file MSPlots/MSPlots_All/_18_3_2017/b2j3/MVA_TOPTOPLEPHAD_StackAreaNorm.eps has been created
Info in <TCanvas::Print>: eps file MSPlots/MSPlots_All/_18_3_2017/b2j3/MVA_TOPTOPLEPHAD_StackAreaNormLogY.eps has been created
Info in <TCanvas::Print>: eps file MSPlots/MSPlots_All/_18_3_2017/b2j3/MVA_TOPTOPLEPHBB_Normalized.eps has been created
Info in <TCanvas::Print>: eps file MSPlots/MSPlots_All/_18_3_2017/b2j3/MVA_TOPTOPLEPHBB_Stack.eps has been created
Info in <TCanvas::Print>: eps file MSPlots/MSPlots_All/_18_3_2017/b2j3/MVA_TOPTOPLEPHBB_StackLogY.eps has been created
Info in <TCanvas::Print>: eps file MSPlots/MSPlots_All/_18_3_2017/b2j3/MVA_TOPTOPLEPHBB_StackAreaNorm.eps has been created
Info in <TCanvas::Print>: eps file MSPlots/MSPlots_All/_18_3_2017/b2j3/MVA_TOPTOPLEPHBB_StackAreaNormLogY.eps has been created
Info in <TCanvas::Print>: eps file MSPlots/MSPlots_All/_18_3_2017/b2j3/NCSVv2Ljets_Normalized.eps has been created
Info in <TCanvas::Print>: eps file MSPlots/MSPlots_All/_18_3_2017/b2j3/NCSVv2Ljets_Stack.eps has been created
Info in <TCanvas::Print>: eps file MSPlots/MSPlots_All/_18_3_2017/b2j3/NCSVv2Ljets_StackLogY.eps has been created
Info in <TCanvas::Print>: eps file MSPlots/MSPlots_All/_18_3_2017/b2j3/NCSVv2Ljets_StackAreaNorm.eps has been created
Info in <TCanvas::Print>: eps file MSPlots/MSPlots_All/_18_3_2017/b2j3/NCSVv2Ljets_StackAreaNormLogY.eps has been created
Info in <TCanvas::Print>: eps file MSPlots/MSPlots_All/_18_3_2017/b2j3/NCSVv2Mjets_Normalized.eps has been created
Info in <TCanvas::Print>: eps file MSPlots/MSPlots_All/_18_3_2017/b2j3/NCSVv2Mjets_Stack.eps has been created
Info in <TCanvas::Print>: eps file MSPlots/MSPlots_All/_18_3_2017/b2j3/NCSVv2Mjets_StackLogY.eps has been created
Info in <TCanvas::Print>: eps file MSPlots/MSPlots_All/_18_3_2017/b2j3/NCSVv2Mjets_StackAreaNorm.eps has been created
Info in <TCanvas::Print>: eps file MSPlots/MSPlots_All/_18_3_2017/b2j3/NCSVv2Mjets_StackAreaNormLogY.eps has been created
Info in <TCanvas::Print>: eps file MSPlots/MSPlots_All/_18_3_2017/b2j3/NCSVv2Tjets_Normalized.eps has been created
Info in <TCanvas::Print>: eps file MSPlots/MSPlots_All/_18_3_2017/b2j3/NCSVv2Tjets_Stack.eps has been created
Info in <TCanvas::Print>: eps file MSPlots/MSPlots_All/_18_3_2017/b2j3/NCSVv2Tjets_StackLogY.eps has been created
Info in <TCanvas::Print>: eps file MSPlots/MSPlots_All/_18_3_2017/b2j3/NCSVv2Tjets_StackAreaNorm.eps has been created
Info in <TCanvas::Print>: eps file MSPlots/MSPlots_All/_18_3_2017/b2j3/NCSVv2Tjets_StackAreaNormLogY.eps has been created
Info in <TCanvas::Print>: eps file MSPlots/MSPlots_All/_18_3_2017/b2j3/NPV_Normalized.eps has been created
Info in <TCanvas::Print>: eps file MSPlots/MSPlots_All/_18_3_2017/b2j3/NPV_Stack.eps has been created
Info in <TCanvas::Print>: eps file MSPlots/MSPlots_All/_18_3_2017/b2j3/NPV_StackLogY.eps has been created
Info in <TCanvas::Print>: eps file MSPlots/MSPlots_All/_18_3_2017/b2j3/NPV_StackAreaNorm.eps has been created
Info in <TCanvas::Print>: eps file MSPlots/MSPlots_All/_18_3_2017/b2j3/NPV_StackAreaNormLogY.eps has been created
Info in <TCanvas::Print>: eps file MSPlots/MSPlots_All/_18_3_2017/b2j3/Njets_Normalized.eps has been created
Info in <TCanvas::Print>: eps file MSPlots/MSPlots_All/_18_3_2017/b2j3/Njets_Stack.eps has been created
Info in <TCanvas::Print>: eps file MSPlots/MSPlots_All/_18_3_2017/b2j3/Njets_StackLogY.eps has been created
Info in <TCanvas::Print>: eps file MSPlots/MSPlots_All/_18_3_2017/b2j3/Njets_StackAreaNorm.eps has been created
Info in <TCanvas::Print>: eps file MSPlots/MSPlots_All/_18_3_2017/b2j3/Njets_StackAreaNormLogY.eps has been created
Info in <TCanvas::Print>: eps file MSPlots/MSPlots_All/_18_3_2017/b2j3/TopLepBJetCSVv2_TOPHLEPBB_hct_Normalized.eps has been created
Info in <TCanvas::Print>: eps file MSPlots/MSPlots_All/_18_3_2017/b2j3/TopLepBJetCSVv2_TOPHLEPBB_hct_Stack.eps has been created
Info in <TCanvas::Print>: eps file MSPlots/MSPlots_All/_18_3_2017/b2j3/TopLepBJetCSVv2_TOPHLEPBB_hct_StackLogY.eps has been created
Info in <TCanvas::Print>: eps file MSPlots/MSPlots_All/_18_3_2017/b2j3/TopLepBJetCSVv2_TOPHLEPBB_hct_StackAreaNorm.eps has been created
Info in <TCanvas::Print>: eps file MSPlots/MSPlots_All/_18_3_2017/b2j3/TopLepBJetCSVv2_TOPHLEPBB_hct_StackAreaNormLogY.eps has been created
Info in <TCanvas::Print>: eps file MSPlots/MSPlots_All/_18_3_2017/b2j3/TopLepBJetCSVv2_TOPHLEPBB_hut_Normalized.eps has been created
Info in <TCanvas::Print>: eps file MSPlots/MSPlots_All/_18_3_2017/b2j3/TopLepBJetCSVv2_TOPHLEPBB_hut_Stack.eps has been created
Info in <TCanvas::Print>: eps file MSPlots/MSPlots_All/_18_3_2017/b2j3/TopLepBJetCSVv2_TOPHLEPBB_hut_StackLogY.eps has been created
Info in <TCanvas::Print>: eps file MSPlots/MSPlots_All/_18_3_2017/b2j3/TopLepBJetCSVv2_TOPHLEPBB_hut_StackAreaNorm.eps has been created
Info in <TCanvas::Print>: eps file MSPlots/MSPlots_All/_18_3_2017/b2j3/TopLepBJetCSVv2_TOPHLEPBB_hut_StackAreaNormLogY.eps has been created
Info in <TCanvas::Print>: eps file MSPlots/MSPlots_All/_18_3_2017/b2j3/TopLepBJetE_TOPHLEPBB_hct_Normalized.eps has been created
Info in <TCanvas::Print>: eps file MSPlots/MSPlots_All/_18_3_2017/b2j3/TopLepBJetE_TOPHLEPBB_hct_Stack.eps has been created
Info in <TCanvas::Print>: eps file MSPlots/MSPlots_All/_18_3_2017/b2j3/TopLepBJetE_TOPHLEPBB_hct_StackLogY.eps has been created
Info in <TCanvas::Print>: eps file MSPlots/MSPlots_All/_18_3_2017/b2j3/TopLepBJetE_TOPHLEPBB_hct_StackAreaNorm.eps has been created
Info in <TCanvas::Print>: eps file MSPlots/MSPlots_All/_18_3_2017/b2j3/TopLepBJetE_TOPHLEPBB_hct_StackAreaNormLogY.eps has been created
Info in <TCanvas::Print>: eps file MSPlots/MSPlots_All/_18_3_2017/b2j3/TopLepBJetE_TOPHLEPBB_hut_Normalized.eps has been created
Info in <TCanvas::Print>: eps file MSPlots/MSPlots_All/_18_3_2017/b2j3/TopLepBJetE_TOPHLEPBB_hut_Stack.eps has been created
Info in <TCanvas::Print>: eps file MSPlots/MSPlots_All/_18_3_2017/b2j3/TopLepBJetE_TOPHLEPBB_hut_StackLogY.eps has been created
Info in <TCanvas::Print>: eps file MSPlots/MSPlots_All/_18_3_2017/b2j3/TopLepBJetE_TOPHLEPBB_hut_StackAreaNorm.eps has been created
Info in <TCanvas::Print>: eps file MSPlots/MSPlots_All/_18_3_2017/b2j3/TopLepBJetE_TOPHLEPBB_hut_StackAreaNormLogY.eps has been created
Info in <TCanvas::Print>: eps file MSPlots/MSPlots_All/_18_3_2017/b2j3/TopLepBJetEta_TOPHLEPBB_hct_Normalized.eps has been created
Info in <TCanvas::Print>: eps file MSPlots/MSPlots_All/_18_3_2017/b2j3/TopLepBJetEta_TOPHLEPBB_hct_Stack.eps has been created
Info in <TCanvas::Print>: eps file MSPlots/MSPlots_All/_18_3_2017/b2j3/TopLepBJetEta_TOPHLEPBB_hct_StackLogY.eps has been created
Info in <TCanvas::Print>: eps file MSPlots/MSPlots_All/_18_3_2017/b2j3/TopLepBJetEta_TOPHLEPBB_hct_StackAreaNorm.eps has been created
Info in <TCanvas::Print>: eps file MSPlots/MSPlots_All/_18_3_2017/b2j3/TopLepBJetEta_TOPHLEPBB_hct_StackAreaNormLogY.eps has been created
Info in <TCanvas::Print>: eps file MSPlots/MSPlots_All/_18_3_2017/b2j3/TopLepBJetEta_TOPHLEPBB_hut_Normalized.eps has been created
Info in <TCanvas::Print>: eps file MSPlots/MSPlots_All/_18_3_2017/b2j3/TopLepBJetEta_TOPHLEPBB_hut_Stack.eps has been created
Info in <TCanvas::Print>: eps file MSPlots/MSPlots_All/_18_3_2017/b2j3/TopLepBJetEta_TOPHLEPBB_hut_StackLogY.eps has been created
Info in <TCanvas::Print>: eps file MSPlots/MSPlots_All/_18_3_2017/b2j3/TopLepBJetEta_TOPHLEPBB_hut_StackAreaNorm.eps has been created
Info in <TCanvas::Print>: eps file MSPlots/MSPlots_All/_18_3_2017/b2j3/TopLepBJetEta_TOPHLEPBB_hut_StackAreaNormLogY.eps has been created
Info in <TCanvas::Print>: eps file MSPlots/MSPlots_All/_18_3_2017/b2j3/TopLepBJetPhi_TOPHLEPBB_hct_Normalized.eps has been created
Info in <TCanvas::Print>: eps file MSPlots/MSPlots_All/_18_3_2017/b2j3/TopLepBJetPhi_TOPHLEPBB_hct_Stack.eps has been created
Info in <TCanvas::Print>: eps file MSPlots/MSPlots_All/_18_3_2017/b2j3/TopLepBJetPhi_TOPHLEPBB_hct_StackLogY.eps has been created
Info in <TCanvas::Print>: eps file MSPlots/MSPlots_All/_18_3_2017/b2j3/TopLepBJetPhi_TOPHLEPBB_hct_StackAreaNorm.eps has been created
Info in <TCanvas::Print>: eps file MSPlots/MSPlots_All/_18_3_2017/b2j3/TopLepBJetPhi_TOPHLEPBB_hct_StackAreaNormLogY.eps has been created
Info in <TCanvas::Print>: eps file MSPlots/MSPlots_All/_18_3_2017/b2j3/TopLepBJetPhi_TOPHLEPBB_hut_Normalized.eps has been created
Info in <TCanvas::Print>: eps file MSPlots/MSPlots_All/_18_3_2017/b2j3/TopLepBJetPhi_TOPHLEPBB_hut_Stack.eps has been created
Info in <TCanvas::Print>: eps file MSPlots/MSPlots_All/_18_3_2017/b2j3/TopLepBJetPhi_TOPHLEPBB_hut_StackLogY.eps has been created
Info in <TCanvas::Print>: eps file MSPlots/MSPlots_All/_18_3_2017/b2j3/TopLepBJetPhi_TOPHLEPBB_hut_StackAreaNorm.eps has been created
Info in <TCanvas::Print>: eps file MSPlots/MSPlots_All/_18_3_2017/b2j3/TopLepBJetPhi_TOPHLEPBB_hut_StackAreaNormLogY.eps has been created
Info in <TCanvas::Print>: eps file MSPlots/MSPlots_All/_18_3_2017/b2j3/TopLepBJetPt_TOPHLEPBB_hct_Normalized.eps has been created
Info in <TCanvas::Print>: eps file MSPlots/MSPlots_All/_18_3_2017/b2j3/TopLepBJetPt_TOPHLEPBB_hct_Stack.eps has been created
Info in <TCanvas::Print>: eps file MSPlots/MSPlots_All/_18_3_2017/b2j3/TopLepBJetPt_TOPHLEPBB_hct_StackLogY.eps has been created
Info in <TCanvas::Print>: eps file MSPlots/MSPlots_All/_18_3_2017/b2j3/TopLepBJetPt_TOPHLEPBB_hct_StackAreaNorm.eps has been created
Info in <TCanvas::Print>: eps file MSPlots/MSPlots_All/_18_3_2017/b2j3/TopLepBJetPt_TOPHLEPBB_hct_StackAreaNormLogY.eps has been created
Info in <TCanvas::Print>: eps file MSPlots/MSPlots_All/_18_3_2017/b2j3/TopLepBJetPt_TOPHLEPBB_hut_Normalized.eps has been created
Info in <TCanvas::Print>: eps file MSPlots/MSPlots_All/_18_3_2017/b2j3/TopLepBJetPt_TOPHLEPBB_hut_Stack.eps has been created
Info in <TCanvas::Print>: eps file MSPlots/MSPlots_All/_18_3_2017/b2j3/TopLepBJetPt_TOPHLEPBB_hut_StackLogY.eps has been created
Info in <TCanvas::Print>: eps file MSPlots/MSPlots_All/_18_3_2017/b2j3/TopLepBJetPt_TOPHLEPBB_hut_StackAreaNorm.eps has been created
Info in <TCanvas::Print>: eps file MSPlots/MSPlots_All/_18_3_2017/b2j3/TopLepBJetPt_TOPHLEPBB_hut_StackAreaNormLogY.eps has been created
Info in <TCanvas::Print>: eps file MSPlots/MSPlots_All/_18_3_2017/b2j3/TopLepEta_TOPHLEPBB_hct_Normalized.eps has been created
Info in <TCanvas::Print>: eps file MSPlots/MSPlots_All/_18_3_2017/b2j3/TopLepEta_TOPHLEPBB_hct_Stack.eps has been created
Info in <TCanvas::Print>: eps file MSPlots/MSPlots_All/_18_3_2017/b2j3/TopLepEta_TOPHLEPBB_hct_StackLogY.eps has been created
Info in <TCanvas::Print>: eps file MSPlots/MSPlots_All/_18_3_2017/b2j3/TopLepEta_TOPHLEPBB_hct_StackAreaNorm.eps has been created
Info in <TCanvas::Print>: eps file MSPlots/MSPlots_All/_18_3_2017/b2j3/TopLepEta_TOPHLEPBB_hct_StackAreaNormLogY.eps has been created
Info in <TCanvas::Print>: eps file MSPlots/MSPlots_All/_18_3_2017/b2j3/TopLepEta_TOPHLEPBB_hut_Normalized.eps has been created
Info in <TCanvas::Print>: eps file MSPlots/MSPlots_All/_18_3_2017/b2j3/TopLepEta_TOPHLEPBB_hut_Stack.eps has been created
Info in <TCanvas::Print>: eps file MSPlots/MSPlots_All/_18_3_2017/b2j3/TopLepEta_TOPHLEPBB_hut_StackLogY.eps has been created
Info in <TCanvas::Print>: eps file MSPlots/MSPlots_All/_18_3_2017/b2j3/TopLepEta_TOPHLEPBB_hut_StackAreaNorm.eps has been created
Info in <TCanvas::Print>: eps file MSPlots/MSPlots_All/_18_3_2017/b2j3/TopLepEta_TOPHLEPBB_hut_StackAreaNormLogY.eps has been created
Info in <TCanvas::Print>: eps file MSPlots/MSPlots_All/_18_3_2017/b2j3/TopLepHiggsDr_TOPHLEPBB_hct_Normalized.eps has been created
Info in <TCanvas::Print>: eps file MSPlots/MSPlots_All/_18_3_2017/b2j3/TopLepHiggsDr_TOPHLEPBB_hct_Stack.eps has been created
Info in <TCanvas::Print>: eps file MSPlots/MSPlots_All/_18_3_2017/b2j3/TopLepHiggsDr_TOPHLEPBB_hct_StackLogY.eps has been created
Info in <TCanvas::Print>: eps file MSPlots/MSPlots_All/_18_3_2017/b2j3/TopLepHiggsDr_TOPHLEPBB_hct_StackAreaNorm.eps has been created
Info in <TCanvas::Print>: eps file MSPlots/MSPlots_All/_18_3_2017/b2j3/TopLepHiggsDr_TOPHLEPBB_hct_StackAreaNormLogY.eps has been created
Info in <TCanvas::Print>: eps file MSPlots/MSPlots_All/_18_3_2017/b2j3/TopLepHiggsDr_TOPHLEPBB_hut_Normalized.eps has been created
Info in <TCanvas::Print>: eps file MSPlots/MSPlots_All/_18_3_2017/b2j3/TopLepHiggsDr_TOPHLEPBB_hut_Stack.eps has been created
Info in <TCanvas::Print>: eps file MSPlots/MSPlots_All/_18_3_2017/b2j3/TopLepHiggsDr_TOPHLEPBB_hut_StackLogY.eps has been created
Info in <TCanvas::Print>: eps file MSPlots/MSPlots_All/_18_3_2017/b2j3/TopLepHiggsDr_TOPHLEPBB_hut_StackAreaNorm.eps has been created
Info in <TCanvas::Print>: eps file MSPlots/MSPlots_All/_18_3_2017/b2j3/TopLepHiggsDr_TOPHLEPBB_hut_StackAreaNormLogY.eps has been created
Info in <TCanvas::Print>: eps file MSPlots/MSPlots_All/_18_3_2017/b2j3/TopLepMass_TOPHLEPBB_hct_Normalized.eps has been created
Info in <TCanvas::Print>: eps file MSPlots/MSPlots_All/_18_3_2017/b2j3/TopLepMass_TOPHLEPBB_hct_Stack.eps has been created
Info in <TCanvas::Print>: eps file MSPlots/MSPlots_All/_18_3_2017/b2j3/TopLepMass_TOPHLEPBB_hct_StackLogY.eps has been created
Info in <TCanvas::Print>: eps file MSPlots/MSPlots_All/_18_3_2017/b2j3/TopLepMass_TOPHLEPBB_hct_StackAreaNorm.eps has been created
Info in <TCanvas::Print>: eps file MSPlots/MSPlots_All/_18_3_2017/b2j3/TopLepMass_TOPHLEPBB_hct_StackAreaNormLogY.eps has been created
Info in <TCanvas::Print>: eps file MSPlots/MSPlots_All/_18_3_2017/b2j3/TopLepMass_TOPHLEPBB_hut_Normalized.eps has been created
Info in <TCanvas::Print>: eps file MSPlots/MSPlots_All/_18_3_2017/b2j3/TopLepMass_TOPHLEPBB_hut_Stack.eps has been created
Info in <TCanvas::Print>: eps file MSPlots/MSPlots_All/_18_3_2017/b2j3/TopLepMass_TOPHLEPBB_hut_StackLogY.eps has been created
Info in <TCanvas::Print>: eps file MSPlots/MSPlots_All/_18_3_2017/b2j3/TopLepMass_TOPHLEPBB_hut_StackAreaNorm.eps has been created
Info in <TCanvas::Print>: eps file MSPlots/MSPlots_All/_18_3_2017/b2j3/TopLepMass_TOPHLEPBB_hut_StackAreaNormLogY.eps has been created
Info in <TCanvas::Print>: eps file MSPlots/MSPlots_All/_18_3_2017/b2j3/TopLepPhi_TOPHLEPBB_hct_Normalized.eps has been created
Info in <TCanvas::Print>: eps file MSPlots/MSPlots_All/_18_3_2017/b2j3/TopLepPhi_TOPHLEPBB_hct_Stack.eps has been created
Info in <TCanvas::Print>: eps file MSPlots/MSPlots_All/_18_3_2017/b2j3/TopLepPhi_TOPHLEPBB_hct_StackLogY.eps has been created
Info in <TCanvas::Print>: eps file MSPlots/MSPlots_All/_18_3_2017/b2j3/TopLepPhi_TOPHLEPBB_hct_StackAreaNorm.eps has been created
Info in <TCanvas::Print>: eps file MSPlots/MSPlots_All/_18_3_2017/b2j3/TopLepPhi_TOPHLEPBB_hct_StackAreaNormLogY.eps has been created
Info in <TCanvas::Print>: eps file MSPlots/MSPlots_All/_18_3_2017/b2j3/TopLepPhi_TOPHLEPBB_hut_Normalized.eps has been created
Info in <TCanvas::Print>: eps file MSPlots/MSPlots_All/_18_3_2017/b2j3/TopLepPhi_TOPHLEPBB_hut_Stack.eps has been created
Info in <TCanvas::Print>: eps file MSPlots/MSPlots_All/_18_3_2017/b2j3/TopLepPhi_TOPHLEPBB_hut_StackLogY.eps has been created
Info in <TCanvas::Print>: eps file MSPlots/MSPlots_All/_18_3_2017/b2j3/TopLepPhi_TOPHLEPBB_hut_StackAreaNorm.eps has been created
Info in <TCanvas::Print>: eps file MSPlots/MSPlots_All/_18_3_2017/b2j3/TopLepPhi_TOPHLEPBB_hut_StackAreaNormLogY.eps has been created
Info in <TCanvas::Print>: eps file MSPlots/MSPlots_All/_18_3_2017/b2j3/TopLepPt_TOPHLEPBB_hct_Normalized.eps has been created
Info in <TCanvas::Print>: eps file MSPlots/MSPlots_All/_18_3_2017/b2j3/TopLepPt_TOPHLEPBB_hct_Stack.eps has been created
Info in <TCanvas::Print>: eps file MSPlots/MSPlots_All/_18_3_2017/b2j3/TopLepPt_TOPHLEPBB_hct_StackLogY.eps has been created
Info in <TCanvas::Print>: eps file MSPlots/MSPlots_All/_18_3_2017/b2j3/TopLepPt_TOPHLEPBB_hct_StackAreaNorm.eps has been created
Info in <TCanvas::Print>: eps file MSPlots/MSPlots_All/_18_3_2017/b2j3/TopLepPt_TOPHLEPBB_hct_StackAreaNormLogY.eps has been created
Info in <TCanvas::Print>: eps file MSPlots/MSPlots_All/_18_3_2017/b2j3/TopLepPt_TOPHLEPBB_hut_Normalized.eps has been created
Info in <TCanvas::Print>: eps file MSPlots/MSPlots_All/_18_3_2017/b2j3/TopLepPt_TOPHLEPBB_hut_Stack.eps has been created
Info in <TCanvas::Print>: eps file MSPlots/MSPlots_All/_18_3_2017/b2j3/TopLepPt_TOPHLEPBB_hut_StackLogY.eps has been created
Info in <TCanvas::Print>: eps file MSPlots/MSPlots_All/_18_3_2017/b2j3/TopLepPt_TOPHLEPBB_hut_StackAreaNorm.eps has been created
Info in <TCanvas::Print>: eps file MSPlots/MSPlots_All/_18_3_2017/b2j3/TopLepPt_TOPHLEPBB_hut_StackAreaNormLogY.eps has been created
