512+0 records in
512+0 records out
524288 bytes (524 kB) copied, 0.0016899 s, 310 MB/s
/var/torque/mom_priv/jobs/13904282.cream02.iihe.ac.be.SC: line 9: cmsenv: command not found
Info in <TCanvas::Print>: eps file MSPlots/MSPlots_All/_18_3_2017/b2j4/HiggsBJet1CSVv2_TOPHLEPBB_hct_Normalized.eps has been created
Info in <TCanvas::Print>: eps file MSPlots/MSPlots_All/_18_3_2017/b2j4/HiggsBJet1CSVv2_TOPHLEPBB_hct_Stack.eps has been created
Info in <TCanvas::Print>: eps file MSPlots/MSPlots_All/_18_3_2017/b2j4/HiggsBJet1CSVv2_TOPHLEPBB_hct_StackLogY.eps has been created
Info in <TCanvas::Print>: eps file MSPlots/MSPlots_All/_18_3_2017/b2j4/HiggsBJet1CSVv2_TOPHLEPBB_hct_StackAreaNorm.eps has been created
Info in <TCanvas::Print>: eps file MSPlots/MSPlots_All/_18_3_2017/b2j4/HiggsBJet1CSVv2_TOPHLEPBB_hct_StackAreaNormLogY.eps has been created
Info in <TCanvas::Print>: eps file MSPlots/MSPlots_All/_18_3_2017/b2j4/HiggsBJet1CSVv2_TOPHLEPBB_hut_Normalized.eps has been created
Info in <TCanvas::Print>: eps file MSPlots/MSPlots_All/_18_3_2017/b2j4/HiggsBJet1CSVv2_TOPHLEPBB_hut_Stack.eps has been created
Info in <TCanvas::Print>: eps file MSPlots/MSPlots_All/_18_3_2017/b2j4/HiggsBJet1CSVv2_TOPHLEPBB_hut_StackLogY.eps has been created
Info in <TCanvas::Print>: eps file MSPlots/MSPlots_All/_18_3_2017/b2j4/HiggsBJet1CSVv2_TOPHLEPBB_hut_StackAreaNorm.eps has been created
Info in <TCanvas::Print>: eps file MSPlots/MSPlots_All/_18_3_2017/b2j4/HiggsBJet1CSVv2_TOPHLEPBB_hut_StackAreaNormLogY.eps has been created
Info in <TCanvas::Print>: eps file MSPlots/MSPlots_All/_18_3_2017/b2j4/HiggsBJet1CSVv2_TOPTOPLEPHBB_Normalized.eps has been created
Info in <TCanvas::Print>: eps file MSPlots/MSPlots_All/_18_3_2017/b2j4/HiggsBJet1CSVv2_TOPTOPLEPHBB_Stack.eps has been created
Info in <TCanvas::Print>: eps file MSPlots/MSPlots_All/_18_3_2017/b2j4/HiggsBJet1CSVv2_TOPTOPLEPHBB_StackLogY.eps has been created
Info in <TCanvas::Print>: eps file MSPlots/MSPlots_All/_18_3_2017/b2j4/HiggsBJet1CSVv2_TOPTOPLEPHBB_StackAreaNorm.eps has been created
Info in <TCanvas::Print>: eps file MSPlots/MSPlots_All/_18_3_2017/b2j4/HiggsBJet1CSVv2_TOPTOPLEPHBB_StackAreaNormLogY.eps has been created
Info in <TCanvas::Print>: eps file MSPlots/MSPlots_All/_18_3_2017/b2j4/HiggsBJet1E_TOPHLEPBB_hct_Normalized.eps has been created
Info in <TCanvas::Print>: eps file MSPlots/MSPlots_All/_18_3_2017/b2j4/HiggsBJet1E_TOPHLEPBB_hct_Stack.eps has been created
Info in <TCanvas::Print>: eps file MSPlots/MSPlots_All/_18_3_2017/b2j4/HiggsBJet1E_TOPHLEPBB_hct_StackLogY.eps has been created
Info in <TCanvas::Print>: eps file MSPlots/MSPlots_All/_18_3_2017/b2j4/HiggsBJet1E_TOPHLEPBB_hct_StackAreaNorm.eps has been created
Info in <TCanvas::Print>: eps file MSPlots/MSPlots_All/_18_3_2017/b2j4/HiggsBJet1E_TOPHLEPBB_hct_StackAreaNormLogY.eps has been created
Info in <TCanvas::Print>: eps file MSPlots/MSPlots_All/_18_3_2017/b2j4/HiggsBJet1E_TOPHLEPBB_hut_Normalized.eps has been created
Info in <TCanvas::Print>: eps file MSPlots/MSPlots_All/_18_3_2017/b2j4/HiggsBJet1E_TOPHLEPBB_hut_Stack.eps has been created
Info in <TCanvas::Print>: eps file MSPlots/MSPlots_All/_18_3_2017/b2j4/HiggsBJet1E_TOPHLEPBB_hut_StackLogY.eps has been created
Info in <TCanvas::Print>: eps file MSPlots/MSPlots_All/_18_3_2017/b2j4/HiggsBJet1E_TOPHLEPBB_hut_StackAreaNorm.eps has been created
Info in <TCanvas::Print>: eps file MSPlots/MSPlots_All/_18_3_2017/b2j4/HiggsBJet1E_TOPHLEPBB_hut_StackAreaNormLogY.eps has been created
Info in <TCanvas::Print>: eps file MSPlots/MSPlots_All/_18_3_2017/b2j4/HiggsBJet1E_TOPTOPLEPHBB_Normalized.eps has been created
Info in <TCanvas::Print>: eps file MSPlots/MSPlots_All/_18_3_2017/b2j4/HiggsBJet1E_TOPTOPLEPHBB_Stack.eps has been created
Info in <TCanvas::Print>: eps file MSPlots/MSPlots_All/_18_3_2017/b2j4/HiggsBJet1E_TOPTOPLEPHBB_StackLogY.eps has been created
Info in <TCanvas::Print>: eps file MSPlots/MSPlots_All/_18_3_2017/b2j4/HiggsBJet1E_TOPTOPLEPHBB_StackAreaNorm.eps has been created
Info in <TCanvas::Print>: eps file MSPlots/MSPlots_All/_18_3_2017/b2j4/HiggsBJet1E_TOPTOPLEPHBB_StackAreaNormLogY.eps has been created
Info in <TCanvas::Print>: eps file MSPlots/MSPlots_All/_18_3_2017/b2j4/HiggsBJet1Eta_TOPHLEPBB_hct_Normalized.eps has been created
Info in <TCanvas::Print>: eps file MSPlots/MSPlots_All/_18_3_2017/b2j4/HiggsBJet1Eta_TOPHLEPBB_hct_Stack.eps has been created
Info in <TCanvas::Print>: eps file MSPlots/MSPlots_All/_18_3_2017/b2j4/HiggsBJet1Eta_TOPHLEPBB_hct_StackLogY.eps has been created
Info in <TCanvas::Print>: eps file MSPlots/MSPlots_All/_18_3_2017/b2j4/HiggsBJet1Eta_TOPHLEPBB_hct_StackAreaNorm.eps has been created
Info in <TCanvas::Print>: eps file MSPlots/MSPlots_All/_18_3_2017/b2j4/HiggsBJet1Eta_TOPHLEPBB_hct_StackAreaNormLogY.eps has been created
Info in <TCanvas::Print>: eps file MSPlots/MSPlots_All/_18_3_2017/b2j4/HiggsBJet1Eta_TOPHLEPBB_hut_Normalized.eps has been created
Info in <TCanvas::Print>: eps file MSPlots/MSPlots_All/_18_3_2017/b2j4/HiggsBJet1Eta_TOPHLEPBB_hut_Stack.eps has been created
Info in <TCanvas::Print>: eps file MSPlots/MSPlots_All/_18_3_2017/b2j4/HiggsBJet1Eta_TOPHLEPBB_hut_StackLogY.eps has been created
Info in <TCanvas::Print>: eps file MSPlots/MSPlots_All/_18_3_2017/b2j4/HiggsBJet1Eta_TOPHLEPBB_hut_StackAreaNorm.eps has been created
Info in <TCanvas::Print>: eps file MSPlots/MSPlots_All/_18_3_2017/b2j4/HiggsBJet1Eta_TOPHLEPBB_hut_StackAreaNormLogY.eps has been created
Info in <TCanvas::Print>: eps file MSPlots/MSPlots_All/_18_3_2017/b2j4/HiggsBJet1Eta_TOPTOPLEPHBB_Normalized.eps has been created
Info in <TCanvas::Print>: eps file MSPlots/MSPlots_All/_18_3_2017/b2j4/HiggsBJet1Eta_TOPTOPLEPHBB_Stack.eps has been created
Info in <TCanvas::Print>: eps file MSPlots/MSPlots_All/_18_3_2017/b2j4/HiggsBJet1Eta_TOPTOPLEPHBB_StackLogY.eps has been created
Info in <TCanvas::Print>: eps file MSPlots/MSPlots_All/_18_3_2017/b2j4/HiggsBJet1Eta_TOPTOPLEPHBB_StackAreaNorm.eps has been created
Info in <TCanvas::Print>: eps file MSPlots/MSPlots_All/_18_3_2017/b2j4/HiggsBJet1Eta_TOPTOPLEPHBB_StackAreaNormLogY.eps has been created
Info in <TCanvas::Print>: eps file MSPlots/MSPlots_All/_18_3_2017/b2j4/HiggsBJet1HiggsBJet2Dr_TOPHLEPBB_hct_Normalized.eps has been created
Info in <TCanvas::Print>: eps file MSPlots/MSPlots_All/_18_3_2017/b2j4/HiggsBJet1HiggsBJet2Dr_TOPHLEPBB_hct_Stack.eps has been created
Info in <TCanvas::Print>: eps file MSPlots/MSPlots_All/_18_3_2017/b2j4/HiggsBJet1HiggsBJet2Dr_TOPHLEPBB_hct_StackLogY.eps has been created
Info in <TCanvas::Print>: eps file MSPlots/MSPlots_All/_18_3_2017/b2j4/HiggsBJet1HiggsBJet2Dr_TOPHLEPBB_hct_StackAreaNorm.eps has been created
Info in <TCanvas::Print>: eps file MSPlots/MSPlots_All/_18_3_2017/b2j4/HiggsBJet1HiggsBJet2Dr_TOPHLEPBB_hct_StackAreaNormLogY.eps has been created
Info in <TCanvas::Print>: eps file MSPlots/MSPlots_All/_18_3_2017/b2j4/HiggsBJet1HiggsBJet2Dr_TOPHLEPBB_hut_Normalized.eps has been created
Info in <TCanvas::Print>: eps file MSPlots/MSPlots_All/_18_3_2017/b2j4/HiggsBJet1HiggsBJet2Dr_TOPHLEPBB_hut_Stack.eps has been created
Info in <TCanvas::Print>: eps file MSPlots/MSPlots_All/_18_3_2017/b2j4/HiggsBJet1HiggsBJet2Dr_TOPHLEPBB_hut_StackLogY.eps has been created
Info in <TCanvas::Print>: eps file MSPlots/MSPlots_All/_18_3_2017/b2j4/HiggsBJet1HiggsBJet2Dr_TOPHLEPBB_hut_StackAreaNorm.eps has been created
Info in <TCanvas::Print>: eps file MSPlots/MSPlots_All/_18_3_2017/b2j4/HiggsBJet1HiggsBJet2Dr_TOPHLEPBB_hut_StackAreaNormLogY.eps has been created
Info in <TCanvas::Print>: eps file MSPlots/MSPlots_All/_18_3_2017/b2j4/HiggsBJet1HiggsBJet2Dr_TOPTOPLEPHBB_Normalized.eps has been created
Info in <TCanvas::Print>: eps file MSPlots/MSPlots_All/_18_3_2017/b2j4/HiggsBJet1HiggsBJet2Dr_TOPTOPLEPHBB_Stack.eps has been created
Info in <TCanvas::Print>: eps file MSPlots/MSPlots_All/_18_3_2017/b2j4/HiggsBJet1HiggsBJet2Dr_TOPTOPLEPHBB_StackLogY.eps has been created
Info in <TCanvas::Print>: eps file MSPlots/MSPlots_All/_18_3_2017/b2j4/HiggsBJet1HiggsBJet2Dr_TOPTOPLEPHBB_StackAreaNorm.eps has been created
Info in <TCanvas::Print>: eps file MSPlots/MSPlots_All/_18_3_2017/b2j4/HiggsBJet1HiggsBJet2Dr_TOPTOPLEPHBB_StackAreaNormLogY.eps has been created
Info in <TCanvas::Print>: eps file MSPlots/MSPlots_All/_18_3_2017/b2j4/HiggsBJet1Phi_TOPHLEPBB_hct_Normalized.eps has been created
Info in <TCanvas::Print>: eps file MSPlots/MSPlots_All/_18_3_2017/b2j4/HiggsBJet1Phi_TOPHLEPBB_hct_Stack.eps has been created
Info in <TCanvas::Print>: eps file MSPlots/MSPlots_All/_18_3_2017/b2j4/HiggsBJet1Phi_TOPHLEPBB_hct_StackLogY.eps has been created
Info in <TCanvas::Print>: eps file MSPlots/MSPlots_All/_18_3_2017/b2j4/HiggsBJet1Phi_TOPHLEPBB_hct_StackAreaNorm.eps has been created
Info in <TCanvas::Print>: eps file MSPlots/MSPlots_All/_18_3_2017/b2j4/HiggsBJet1Phi_TOPHLEPBB_hct_StackAreaNormLogY.eps has been created
Info in <TCanvas::Print>: eps file MSPlots/MSPlots_All/_18_3_2017/b2j4/HiggsBJet1Phi_TOPHLEPBB_hut_Normalized.eps has been created
Info in <TCanvas::Print>: eps file MSPlots/MSPlots_All/_18_3_2017/b2j4/HiggsBJet1Phi_TOPHLEPBB_hut_Stack.eps has been created
Info in <TCanvas::Print>: eps file MSPlots/MSPlots_All/_18_3_2017/b2j4/HiggsBJet1Phi_TOPHLEPBB_hut_StackLogY.eps has been created
Info in <TCanvas::Print>: eps file MSPlots/MSPlots_All/_18_3_2017/b2j4/HiggsBJet1Phi_TOPHLEPBB_hut_StackAreaNorm.eps has been created
Info in <TCanvas::Print>: eps file MSPlots/MSPlots_All/_18_3_2017/b2j4/HiggsBJet1Phi_TOPHLEPBB_hut_StackAreaNormLogY.eps has been created
Info in <TCanvas::Print>: eps file MSPlots/MSPlots_All/_18_3_2017/b2j4/HiggsBJet1Phi_TOPTOPLEPHBB_Normalized.eps has been created
Info in <TCanvas::Print>: eps file MSPlots/MSPlots_All/_18_3_2017/b2j4/HiggsBJet1Phi_TOPTOPLEPHBB_Stack.eps has been created
Info in <TCanvas::Print>: eps file MSPlots/MSPlots_All/_18_3_2017/b2j4/HiggsBJet1Phi_TOPTOPLEPHBB_StackLogY.eps has been created
Info in <TCanvas::Print>: eps file MSPlots/MSPlots_All/_18_3_2017/b2j4/HiggsBJet1Phi_TOPTOPLEPHBB_StackAreaNorm.eps has been created
Info in <TCanvas::Print>: eps file MSPlots/MSPlots_All/_18_3_2017/b2j4/HiggsBJet1Phi_TOPTOPLEPHBB_StackAreaNormLogY.eps has been created
Info in <TCanvas::Print>: eps file MSPlots/MSPlots_All/_18_3_2017/b2j4/HiggsBJet1Pt_TOPHLEPBB_hct_Normalized.eps has been created
Info in <TCanvas::Print>: eps file MSPlots/MSPlots_All/_18_3_2017/b2j4/HiggsBJet1Pt_TOPHLEPBB_hct_Stack.eps has been created
Info in <TCanvas::Print>: eps file MSPlots/MSPlots_All/_18_3_2017/b2j4/HiggsBJet1Pt_TOPHLEPBB_hct_StackLogY.eps has been created
Info in <TCanvas::Print>: eps file MSPlots/MSPlots_All/_18_3_2017/b2j4/HiggsBJet1Pt_TOPHLEPBB_hct_StackAreaNorm.eps has been created
Info in <TCanvas::Print>: eps file MSPlots/MSPlots_All/_18_3_2017/b2j4/HiggsBJet1Pt_TOPHLEPBB_hct_StackAreaNormLogY.eps has been created
Info in <TCanvas::Print>: eps file MSPlots/MSPlots_All/_18_3_2017/b2j4/HiggsBJet1Pt_TOPHLEPBB_hut_Normalized.eps has been created
Info in <TCanvas::Print>: eps file MSPlots/MSPlots_All/_18_3_2017/b2j4/HiggsBJet1Pt_TOPHLEPBB_hut_Stack.eps has been created
Info in <TCanvas::Print>: eps file MSPlots/MSPlots_All/_18_3_2017/b2j4/HiggsBJet1Pt_TOPHLEPBB_hut_StackLogY.eps has been created
Info in <TCanvas::Print>: eps file MSPlots/MSPlots_All/_18_3_2017/b2j4/HiggsBJet1Pt_TOPHLEPBB_hut_StackAreaNorm.eps has been created
Info in <TCanvas::Print>: eps file MSPlots/MSPlots_All/_18_3_2017/b2j4/HiggsBJet1Pt_TOPHLEPBB_hut_StackAreaNormLogY.eps has been created
Info in <TCanvas::Print>: eps file MSPlots/MSPlots_All/_18_3_2017/b2j4/HiggsBJet1Pt_TOPTOPLEPHBB_Normalized.eps has been created
Info in <TCanvas::Print>: eps file MSPlots/MSPlots_All/_18_3_2017/b2j4/HiggsBJet1Pt_TOPTOPLEPHBB_Stack.eps has been created
Info in <TCanvas::Print>: eps file MSPlots/MSPlots_All/_18_3_2017/b2j4/HiggsBJet1Pt_TOPTOPLEPHBB_StackLogY.eps has been created
Info in <TCanvas::Print>: eps file MSPlots/MSPlots_All/_18_3_2017/b2j4/HiggsBJet1Pt_TOPTOPLEPHBB_StackAreaNorm.eps has been created
Info in <TCanvas::Print>: eps file MSPlots/MSPlots_All/_18_3_2017/b2j4/HiggsBJet1Pt_TOPTOPLEPHBB_StackAreaNormLogY.eps has been created
Info in <TCanvas::Print>: eps file MSPlots/MSPlots_All/_18_3_2017/b2j4/HiggsBJet2CSVv2_TOPHLEPBB_hct_Normalized.eps has been created
Info in <TCanvas::Print>: eps file MSPlots/MSPlots_All/_18_3_2017/b2j4/HiggsBJet2CSVv2_TOPHLEPBB_hct_Stack.eps has been created
Info in <TCanvas::Print>: eps file MSPlots/MSPlots_All/_18_3_2017/b2j4/HiggsBJet2CSVv2_TOPHLEPBB_hct_StackLogY.eps has been created
Info in <TCanvas::Print>: eps file MSPlots/MSPlots_All/_18_3_2017/b2j4/HiggsBJet2CSVv2_TOPHLEPBB_hct_StackAreaNorm.eps has been created
Info in <TCanvas::Print>: eps file MSPlots/MSPlots_All/_18_3_2017/b2j4/HiggsBJet2CSVv2_TOPHLEPBB_hct_StackAreaNormLogY.eps has been created
Info in <TCanvas::Print>: eps file MSPlots/MSPlots_All/_18_3_2017/b2j4/HiggsBJet2CSVv2_TOPHLEPBB_hut_Normalized.eps has been created
Info in <TCanvas::Print>: eps file MSPlots/MSPlots_All/_18_3_2017/b2j4/HiggsBJet2CSVv2_TOPHLEPBB_hut_Stack.eps has been created
Info in <TCanvas::Print>: eps file MSPlots/MSPlots_All/_18_3_2017/b2j4/HiggsBJet2CSVv2_TOPHLEPBB_hut_StackLogY.eps has been created
Info in <TCanvas::Print>: eps file MSPlots/MSPlots_All/_18_3_2017/b2j4/HiggsBJet2CSVv2_TOPHLEPBB_hut_StackAreaNorm.eps has been created
Info in <TCanvas::Print>: eps file MSPlots/MSPlots_All/_18_3_2017/b2j4/HiggsBJet2CSVv2_TOPHLEPBB_hut_StackAreaNormLogY.eps has been created
Info in <TCanvas::Print>: eps file MSPlots/MSPlots_All/_18_3_2017/b2j4/HiggsBJet2CSVv2_TOPTOPLEPHBB_Normalized.eps has been created
Info in <TCanvas::Print>: eps file MSPlots/MSPlots_All/_18_3_2017/b2j4/HiggsBJet2CSVv2_TOPTOPLEPHBB_Stack.eps has been created
Info in <TCanvas::Print>: eps file MSPlots/MSPlots_All/_18_3_2017/b2j4/HiggsBJet2CSVv2_TOPTOPLEPHBB_StackLogY.eps has been created
Info in <TCanvas::Print>: eps file MSPlots/MSPlots_All/_18_3_2017/b2j4/HiggsBJet2CSVv2_TOPTOPLEPHBB_StackAreaNorm.eps has been created
Info in <TCanvas::Print>: eps file MSPlots/MSPlots_All/_18_3_2017/b2j4/HiggsBJet2CSVv2_TOPTOPLEPHBB_StackAreaNormLogY.eps has been created
Info in <TCanvas::Print>: eps file MSPlots/MSPlots_All/_18_3_2017/b2j4/HiggsBJet2E_TOPHLEPBB_hct_Normalized.eps has been created
Info in <TCanvas::Print>: eps file MSPlots/MSPlots_All/_18_3_2017/b2j4/HiggsBJet2E_TOPHLEPBB_hct_Stack.eps has been created
Info in <TCanvas::Print>: eps file MSPlots/MSPlots_All/_18_3_2017/b2j4/HiggsBJet2E_TOPHLEPBB_hct_StackLogY.eps has been created
Info in <TCanvas::Print>: eps file MSPlots/MSPlots_All/_18_3_2017/b2j4/HiggsBJet2E_TOPHLEPBB_hct_StackAreaNorm.eps has been created
Info in <TCanvas::Print>: eps file MSPlots/MSPlots_All/_18_3_2017/b2j4/HiggsBJet2E_TOPHLEPBB_hct_StackAreaNormLogY.eps has been created
Info in <TCanvas::Print>: eps file MSPlots/MSPlots_All/_18_3_2017/b2j4/HiggsBJet2E_TOPHLEPBB_hut_Normalized.eps has been created
Info in <TCanvas::Print>: eps file MSPlots/MSPlots_All/_18_3_2017/b2j4/HiggsBJet2E_TOPHLEPBB_hut_Stack.eps has been created
Info in <TCanvas::Print>: eps file MSPlots/MSPlots_All/_18_3_2017/b2j4/HiggsBJet2E_TOPHLEPBB_hut_StackLogY.eps has been created
Info in <TCanvas::Print>: eps file MSPlots/MSPlots_All/_18_3_2017/b2j4/HiggsBJet2E_TOPHLEPBB_hut_StackAreaNorm.eps has been created
Info in <TCanvas::Print>: eps file MSPlots/MSPlots_All/_18_3_2017/b2j4/HiggsBJet2E_TOPHLEPBB_hut_StackAreaNormLogY.eps has been created
Info in <TCanvas::Print>: eps file MSPlots/MSPlots_All/_18_3_2017/b2j4/HiggsBJet2E_TOPTOPLEPHBB_Normalized.eps has been created
Info in <TCanvas::Print>: eps file MSPlots/MSPlots_All/_18_3_2017/b2j4/HiggsBJet2E_TOPTOPLEPHBB_Stack.eps has been created
Info in <TCanvas::Print>: eps file MSPlots/MSPlots_All/_18_3_2017/b2j4/HiggsBJet2E_TOPTOPLEPHBB_StackLogY.eps has been created
Info in <TCanvas::Print>: eps file MSPlots/MSPlots_All/_18_3_2017/b2j4/HiggsBJet2E_TOPTOPLEPHBB_StackAreaNorm.eps has been created
Info in <TCanvas::Print>: eps file MSPlots/MSPlots_All/_18_3_2017/b2j4/HiggsBJet2E_TOPTOPLEPHBB_StackAreaNormLogY.eps has been created
Info in <TCanvas::Print>: eps file MSPlots/MSPlots_All/_18_3_2017/b2j4/HiggsBJet2Eta_TOPHLEPBB_hct_Normalized.eps has been created
Info in <TCanvas::Print>: eps file MSPlots/MSPlots_All/_18_3_2017/b2j4/HiggsBJet2Eta_TOPHLEPBB_hct_Stack.eps has been created
Info in <TCanvas::Print>: eps file MSPlots/MSPlots_All/_18_3_2017/b2j4/HiggsBJet2Eta_TOPHLEPBB_hct_StackLogY.eps has been created
Info in <TCanvas::Print>: eps file MSPlots/MSPlots_All/_18_3_2017/b2j4/HiggsBJet2Eta_TOPHLEPBB_hct_StackAreaNorm.eps has been created
Info in <TCanvas::Print>: eps file MSPlots/MSPlots_All/_18_3_2017/b2j4/HiggsBJet2Eta_TOPHLEPBB_hct_StackAreaNormLogY.eps has been created
Info in <TCanvas::Print>: eps file MSPlots/MSPlots_All/_18_3_2017/b2j4/HiggsBJet2Eta_TOPHLEPBB_hut_Normalized.eps has been created
Info in <TCanvas::Print>: eps file MSPlots/MSPlots_All/_18_3_2017/b2j4/HiggsBJet2Eta_TOPHLEPBB_hut_Stack.eps has been created
Info in <TCanvas::Print>: eps file MSPlots/MSPlots_All/_18_3_2017/b2j4/HiggsBJet2Eta_TOPHLEPBB_hut_StackLogY.eps has been created
Info in <TCanvas::Print>: eps file MSPlots/MSPlots_All/_18_3_2017/b2j4/HiggsBJet2Eta_TOPHLEPBB_hut_StackAreaNorm.eps has been created
Info in <TCanvas::Print>: eps file MSPlots/MSPlots_All/_18_3_2017/b2j4/HiggsBJet2Eta_TOPHLEPBB_hut_StackAreaNormLogY.eps has been created
Info in <TCanvas::Print>: eps file MSPlots/MSPlots_All/_18_3_2017/b2j4/HiggsBJet2Eta_TOPTOPLEPHBB_Normalized.eps has been created
Info in <TCanvas::Print>: eps file MSPlots/MSPlots_All/_18_3_2017/b2j4/HiggsBJet2Eta_TOPTOPLEPHBB_Stack.eps has been created
Info in <TCanvas::Print>: eps file MSPlots/MSPlots_All/_18_3_2017/b2j4/HiggsBJet2Eta_TOPTOPLEPHBB_StackLogY.eps has been created
Info in <TCanvas::Print>: eps file MSPlots/MSPlots_All/_18_3_2017/b2j4/HiggsBJet2Eta_TOPTOPLEPHBB_StackAreaNorm.eps has been created
Info in <TCanvas::Print>: eps file MSPlots/MSPlots_All/_18_3_2017/b2j4/HiggsBJet2Eta_TOPTOPLEPHBB_StackAreaNormLogY.eps has been created
Info in <TCanvas::Print>: eps file MSPlots/MSPlots_All/_18_3_2017/b2j4/HiggsBJet2Phi_TOPHLEPBB_hct_Normalized.eps has been created
Info in <TCanvas::Print>: eps file MSPlots/MSPlots_All/_18_3_2017/b2j4/HiggsBJet2Phi_TOPHLEPBB_hct_Stack.eps has been created
Info in <TCanvas::Print>: eps file MSPlots/MSPlots_All/_18_3_2017/b2j4/HiggsBJet2Phi_TOPHLEPBB_hct_StackLogY.eps has been created
Info in <TCanvas::Print>: eps file MSPlots/MSPlots_All/_18_3_2017/b2j4/HiggsBJet2Phi_TOPHLEPBB_hct_StackAreaNorm.eps has been created
Info in <TCanvas::Print>: eps file MSPlots/MSPlots_All/_18_3_2017/b2j4/HiggsBJet2Phi_TOPHLEPBB_hct_StackAreaNormLogY.eps has been created
Info in <TCanvas::Print>: eps file MSPlots/MSPlots_All/_18_3_2017/b2j4/HiggsBJet2Phi_TOPHLEPBB_hut_Normalized.eps has been created
Info in <TCanvas::Print>: eps file MSPlots/MSPlots_All/_18_3_2017/b2j4/HiggsBJet2Phi_TOPHLEPBB_hut_Stack.eps has been created
Info in <TCanvas::Print>: eps file MSPlots/MSPlots_All/_18_3_2017/b2j4/HiggsBJet2Phi_TOPHLEPBB_hut_StackLogY.eps has been created
Info in <TCanvas::Print>: eps file MSPlots/MSPlots_All/_18_3_2017/b2j4/HiggsBJet2Phi_TOPHLEPBB_hut_StackAreaNorm.eps has been created
Info in <TCanvas::Print>: eps file MSPlots/MSPlots_All/_18_3_2017/b2j4/HiggsBJet2Phi_TOPHLEPBB_hut_StackAreaNormLogY.eps has been created
Info in <TCanvas::Print>: eps file MSPlots/MSPlots_All/_18_3_2017/b2j4/HiggsBJet2Phi_TOPTOPLEPHBB_Normalized.eps has been created
Info in <TCanvas::Print>: eps file MSPlots/MSPlots_All/_18_3_2017/b2j4/HiggsBJet2Phi_TOPTOPLEPHBB_Stack.eps has been created
Info in <TCanvas::Print>: eps file MSPlots/MSPlots_All/_18_3_2017/b2j4/HiggsBJet2Phi_TOPTOPLEPHBB_StackLogY.eps has been created
Info in <TCanvas::Print>: eps file MSPlots/MSPlots_All/_18_3_2017/b2j4/HiggsBJet2Phi_TOPTOPLEPHBB_StackAreaNorm.eps has been created
Info in <TCanvas::Print>: eps file MSPlots/MSPlots_All/_18_3_2017/b2j4/HiggsBJet2Phi_TOPTOPLEPHBB_StackAreaNormLogY.eps has been created
Info in <TCanvas::Print>: eps file MSPlots/MSPlots_All/_18_3_2017/b2j4/HiggsBJet2Pt_TOPHLEPBB_hct_Normalized.eps has been created
Info in <TCanvas::Print>: eps file MSPlots/MSPlots_All/_18_3_2017/b2j4/HiggsBJet2Pt_TOPHLEPBB_hct_Stack.eps has been created
Info in <TCanvas::Print>: eps file MSPlots/MSPlots_All/_18_3_2017/b2j4/HiggsBJet2Pt_TOPHLEPBB_hct_StackLogY.eps has been created
Info in <TCanvas::Print>: eps file MSPlots/MSPlots_All/_18_3_2017/b2j4/HiggsBJet2Pt_TOPHLEPBB_hct_StackAreaNorm.eps has been created
Info in <TCanvas::Print>: eps file MSPlots/MSPlots_All/_18_3_2017/b2j4/HiggsBJet2Pt_TOPHLEPBB_hct_StackAreaNormLogY.eps has been created
Info in <TCanvas::Print>: eps file MSPlots/MSPlots_All/_18_3_2017/b2j4/HiggsBJet2Pt_TOPHLEPBB_hut_Normalized.eps has been created
Info in <TCanvas::Print>: eps file MSPlots/MSPlots_All/_18_3_2017/b2j4/HiggsBJet2Pt_TOPHLEPBB_hut_Stack.eps has been created
Info in <TCanvas::Print>: eps file MSPlots/MSPlots_All/_18_3_2017/b2j4/HiggsBJet2Pt_TOPHLEPBB_hut_StackLogY.eps has been created
Info in <TCanvas::Print>: eps file MSPlots/MSPlots_All/_18_3_2017/b2j4/HiggsBJet2Pt_TOPHLEPBB_hut_StackAreaNorm.eps has been created
Info in <TCanvas::Print>: eps file MSPlots/MSPlots_All/_18_3_2017/b2j4/HiggsBJet2Pt_TOPHLEPBB_hut_StackAreaNormLogY.eps has been created
Info in <TCanvas::Print>: eps file MSPlots/MSPlots_All/_18_3_2017/b2j4/HiggsBJet2Pt_TOPTOPLEPHBB_Normalized.eps has been created
Info in <TCanvas::Print>: eps file MSPlots/MSPlots_All/_18_3_2017/b2j4/HiggsBJet2Pt_TOPTOPLEPHBB_Stack.eps has been created
Info in <TCanvas::Print>: eps file MSPlots/MSPlots_All/_18_3_2017/b2j4/HiggsBJet2Pt_TOPTOPLEPHBB_StackLogY.eps has been created
Info in <TCanvas::Print>: eps file MSPlots/MSPlots_All/_18_3_2017/b2j4/HiggsBJet2Pt_TOPTOPLEPHBB_StackAreaNorm.eps has been created
Info in <TCanvas::Print>: eps file MSPlots/MSPlots_All/_18_3_2017/b2j4/HiggsBJet2Pt_TOPTOPLEPHBB_StackAreaNormLogY.eps has been created
Info in <TCanvas::Print>: eps file MSPlots/MSPlots_All/_18_3_2017/b2j4/HiggsEta_TOPHLEPBB_hct_Normalized.eps has been created
Info in <TCanvas::Print>: eps file MSPlots/MSPlots_All/_18_3_2017/b2j4/HiggsEta_TOPHLEPBB_hct_Stack.eps has been created
Info in <TCanvas::Print>: eps file MSPlots/MSPlots_All/_18_3_2017/b2j4/HiggsEta_TOPHLEPBB_hct_StackLogY.eps has been created
Info in <TCanvas::Print>: eps file MSPlots/MSPlots_All/_18_3_2017/b2j4/HiggsEta_TOPHLEPBB_hct_StackAreaNorm.eps has been created
Info in <TCanvas::Print>: eps file MSPlots/MSPlots_All/_18_3_2017/b2j4/HiggsEta_TOPHLEPBB_hct_StackAreaNormLogY.eps has been created
Info in <TCanvas::Print>: eps file MSPlots/MSPlots_All/_18_3_2017/b2j4/HiggsEta_TOPHLEPBB_hut_Normalized.eps has been created
Info in <TCanvas::Print>: eps file MSPlots/MSPlots_All/_18_3_2017/b2j4/HiggsEta_TOPHLEPBB_hut_Stack.eps has been created
Info in <TCanvas::Print>: eps file MSPlots/MSPlots_All/_18_3_2017/b2j4/HiggsEta_TOPHLEPBB_hut_StackLogY.eps has been created
Info in <TCanvas::Print>: eps file MSPlots/MSPlots_All/_18_3_2017/b2j4/HiggsEta_TOPHLEPBB_hut_StackAreaNorm.eps has been created
Info in <TCanvas::Print>: eps file MSPlots/MSPlots_All/_18_3_2017/b2j4/HiggsEta_TOPHLEPBB_hut_StackAreaNormLogY.eps has been created
Info in <TCanvas::Print>: eps file MSPlots/MSPlots_All/_18_3_2017/b2j4/HiggsEta_TOPTOPLEPHBB_Normalized.eps has been created
Info in <TCanvas::Print>: eps file MSPlots/MSPlots_All/_18_3_2017/b2j4/HiggsEta_TOPTOPLEPHBB_Stack.eps has been created
Info in <TCanvas::Print>: eps file MSPlots/MSPlots_All/_18_3_2017/b2j4/HiggsEta_TOPTOPLEPHBB_StackLogY.eps has been created
Info in <TCanvas::Print>: eps file MSPlots/MSPlots_All/_18_3_2017/b2j4/HiggsEta_TOPTOPLEPHBB_StackAreaNorm.eps has been created
Info in <TCanvas::Print>: eps file MSPlots/MSPlots_All/_18_3_2017/b2j4/HiggsEta_TOPTOPLEPHBB_StackAreaNormLogY.eps has been created
Info in <TCanvas::Print>: eps file MSPlots/MSPlots_All/_18_3_2017/b2j4/HiggsMass_TOPHLEPBB_hct_Normalized.eps has been created
Info in <TCanvas::Print>: eps file MSPlots/MSPlots_All/_18_3_2017/b2j4/HiggsMass_TOPHLEPBB_hct_Stack.eps has been created
Info in <TCanvas::Print>: eps file MSPlots/MSPlots_All/_18_3_2017/b2j4/HiggsMass_TOPHLEPBB_hct_StackLogY.eps has been created
Info in <TCanvas::Print>: eps file MSPlots/MSPlots_All/_18_3_2017/b2j4/HiggsMass_TOPHLEPBB_hct_StackAreaNorm.eps has been created
Info in <TCanvas::Print>: eps file MSPlots/MSPlots_All/_18_3_2017/b2j4/HiggsMass_TOPHLEPBB_hct_StackAreaNormLogY.eps has been created
Info in <TCanvas::Print>: eps file MSPlots/MSPlots_All/_18_3_2017/b2j4/HiggsMass_TOPHLEPBB_hut_Normalized.eps has been created
Info in <TCanvas::Print>: eps file MSPlots/MSPlots_All/_18_3_2017/b2j4/HiggsMass_TOPHLEPBB_hut_Stack.eps has been created
Info in <TCanvas::Print>: eps file MSPlots/MSPlots_All/_18_3_2017/b2j4/HiggsMass_TOPHLEPBB_hut_StackLogY.eps has been created
Info in <TCanvas::Print>: eps file MSPlots/MSPlots_All/_18_3_2017/b2j4/HiggsMass_TOPHLEPBB_hut_StackAreaNorm.eps has been created
Info in <TCanvas::Print>: eps file MSPlots/MSPlots_All/_18_3_2017/b2j4/HiggsMass_TOPHLEPBB_hut_StackAreaNormLogY.eps has been created
Info in <TCanvas::Print>: eps file MSPlots/MSPlots_All/_18_3_2017/b2j4/HiggsMass_TOPTOPLEPHBB_Normalized.eps has been created
Info in <TCanvas::Print>: eps file MSPlots/MSPlots_All/_18_3_2017/b2j4/HiggsMass_TOPTOPLEPHBB_Stack.eps has been created
Info in <TCanvas::Print>: eps file MSPlots/MSPlots_All/_18_3_2017/b2j4/HiggsMass_TOPTOPLEPHBB_StackLogY.eps has been created
Info in <TCanvas::Print>: eps file MSPlots/MSPlots_All/_18_3_2017/b2j4/HiggsMass_TOPTOPLEPHBB_StackAreaNorm.eps has been created
Info in <TCanvas::Print>: eps file MSPlots/MSPlots_All/_18_3_2017/b2j4/HiggsMass_TOPTOPLEPHBB_StackAreaNormLogY.eps has been created
Info in <TCanvas::Print>: eps file MSPlots/MSPlots_All/_18_3_2017/b2j4/HiggsPhi_TOPHLEPBB_hct_Normalized.eps has been created
Info in <TCanvas::Print>: eps file MSPlots/MSPlots_All/_18_3_2017/b2j4/HiggsPhi_TOPHLEPBB_hct_Stack.eps has been created
Info in <TCanvas::Print>: eps file MSPlots/MSPlots_All/_18_3_2017/b2j4/HiggsPhi_TOPHLEPBB_hct_StackLogY.eps has been created
Info in <TCanvas::Print>: eps file MSPlots/MSPlots_All/_18_3_2017/b2j4/HiggsPhi_TOPHLEPBB_hct_StackAreaNorm.eps has been created
Info in <TCanvas::Print>: eps file MSPlots/MSPlots_All/_18_3_2017/b2j4/HiggsPhi_TOPHLEPBB_hct_StackAreaNormLogY.eps has been created
Info in <TCanvas::Print>: eps file MSPlots/MSPlots_All/_18_3_2017/b2j4/HiggsPhi_TOPHLEPBB_hut_Normalized.eps has been created
Info in <TCanvas::Print>: eps file MSPlots/MSPlots_All/_18_3_2017/b2j4/HiggsPhi_TOPHLEPBB_hut_Stack.eps has been created
Info in <TCanvas::Print>: eps file MSPlots/MSPlots_All/_18_3_2017/b2j4/HiggsPhi_TOPHLEPBB_hut_StackLogY.eps has been created
Info in <TCanvas::Print>: eps file MSPlots/MSPlots_All/_18_3_2017/b2j4/HiggsPhi_TOPHLEPBB_hut_StackAreaNorm.eps has been created
Info in <TCanvas::Print>: eps file MSPlots/MSPlots_All/_18_3_2017/b2j4/HiggsPhi_TOPHLEPBB_hut_StackAreaNormLogY.eps has been created
Info in <TCanvas::Print>: eps file MSPlots/MSPlots_All/_18_3_2017/b2j4/HiggsPhi_TOPTOPLEPHBB_Normalized.eps has been created
Info in <TCanvas::Print>: eps file MSPlots/MSPlots_All/_18_3_2017/b2j4/HiggsPhi_TOPTOPLEPHBB_Stack.eps has been created
Info in <TCanvas::Print>: eps file MSPlots/MSPlots_All/_18_3_2017/b2j4/HiggsPhi_TOPTOPLEPHBB_StackLogY.eps has been created
Info in <TCanvas::Print>: eps file MSPlots/MSPlots_All/_18_3_2017/b2j4/HiggsPhi_TOPTOPLEPHBB_StackAreaNorm.eps has been created
Info in <TCanvas::Print>: eps file MSPlots/MSPlots_All/_18_3_2017/b2j4/HiggsPhi_TOPTOPLEPHBB_StackAreaNormLogY.eps has been created
Info in <TCanvas::Print>: eps file MSPlots/MSPlots_All/_18_3_2017/b2j4/HiggsPt_TOPHLEPBB_hct_Normalized.eps has been created
Info in <TCanvas::Print>: eps file MSPlots/MSPlots_All/_18_3_2017/b2j4/HiggsPt_TOPHLEPBB_hct_Stack.eps has been created
Info in <TCanvas::Print>: eps file MSPlots/MSPlots_All/_18_3_2017/b2j4/HiggsPt_TOPHLEPBB_hct_StackLogY.eps has been created
Info in <TCanvas::Print>: eps file MSPlots/MSPlots_All/_18_3_2017/b2j4/HiggsPt_TOPHLEPBB_hct_StackAreaNorm.eps has been created
Info in <TCanvas::Print>: eps file MSPlots/MSPlots_All/_18_3_2017/b2j4/HiggsPt_TOPHLEPBB_hct_StackAreaNormLogY.eps has been created
Info in <TCanvas::Print>: eps file MSPlots/MSPlots_All/_18_3_2017/b2j4/HiggsPt_TOPHLEPBB_hut_Normalized.eps has been created
Info in <TCanvas::Print>: eps file MSPlots/MSPlots_All/_18_3_2017/b2j4/HiggsPt_TOPHLEPBB_hut_Stack.eps has been created
Info in <TCanvas::Print>: eps file MSPlots/MSPlots_All/_18_3_2017/b2j4/HiggsPt_TOPHLEPBB_hut_StackLogY.eps has been created
Info in <TCanvas::Print>: eps file MSPlots/MSPlots_All/_18_3_2017/b2j4/HiggsPt_TOPHLEPBB_hut_StackAreaNorm.eps has been created
Info in <TCanvas::Print>: eps file MSPlots/MSPlots_All/_18_3_2017/b2j4/HiggsPt_TOPHLEPBB_hut_StackAreaNormLogY.eps has been created
Info in <TCanvas::Print>: eps file MSPlots/MSPlots_All/_18_3_2017/b2j4/HiggsPt_TOPTOPLEPHBB_Normalized.eps has been created
Info in <TCanvas::Print>: eps file MSPlots/MSPlots_All/_18_3_2017/b2j4/HiggsPt_TOPTOPLEPHBB_Stack.eps has been created
Info in <TCanvas::Print>: eps file MSPlots/MSPlots_All/_18_3_2017/b2j4/HiggsPt_TOPTOPLEPHBB_StackLogY.eps has been created
Info in <TCanvas::Print>: eps file MSPlots/MSPlots_All/_18_3_2017/b2j4/HiggsPt_TOPTOPLEPHBB_StackAreaNorm.eps has been created
Info in <TCanvas::Print>: eps file MSPlots/MSPlots_All/_18_3_2017/b2j4/HiggsPt_TOPTOPLEPHBB_StackAreaNormLogY.eps has been created
Info in <TCanvas::Print>: eps file MSPlots/MSPlots_All/_18_3_2017/b2j4/JetCSVv2_Normalized.eps has been created
Info in <TCanvas::Print>: eps file MSPlots/MSPlots_All/_18_3_2017/b2j4/JetCSVv2_Stack.eps has been created
Info in <TCanvas::Print>: eps file MSPlots/MSPlots_All/_18_3_2017/b2j4/JetCSVv2_StackLogY.eps has been created
Info in <TCanvas::Print>: eps file MSPlots/MSPlots_All/_18_3_2017/b2j4/JetCSVv2_StackAreaNorm.eps has been created
Info in <TCanvas::Print>: eps file MSPlots/MSPlots_All/_18_3_2017/b2j4/JetCSVv2_StackAreaNormLogY.eps has been created
Info in <TCanvas::Print>: eps file MSPlots/MSPlots_All/_18_3_2017/b2j4/JetCvsB_Normalized.eps has been created
Info in <TCanvas::Print>: eps file MSPlots/MSPlots_All/_18_3_2017/b2j4/JetCvsB_Stack.eps has been created
Info in <TCanvas::Print>: eps file MSPlots/MSPlots_All/_18_3_2017/b2j4/JetCvsB_StackLogY.eps has been created
Info in <TCanvas::Print>: eps file MSPlots/MSPlots_All/_18_3_2017/b2j4/JetCvsB_StackAreaNorm.eps has been created
Info in <TCanvas::Print>: eps file MSPlots/MSPlots_All/_18_3_2017/b2j4/JetCvsB_StackAreaNormLogY.eps has been created
Info in <TCanvas::Print>: eps file MSPlots/MSPlots_All/_18_3_2017/b2j4/JetCvsL_Normalized.eps has been created
Info in <TCanvas::Print>: eps file MSPlots/MSPlots_All/_18_3_2017/b2j4/JetCvsL_Stack.eps has been created
Info in <TCanvas::Print>: eps file MSPlots/MSPlots_All/_18_3_2017/b2j4/JetCvsL_StackLogY.eps has been created
Info in <TCanvas::Print>: eps file MSPlots/MSPlots_All/_18_3_2017/b2j4/JetCvsL_StackAreaNorm.eps has been created
Info in <TCanvas::Print>: eps file MSPlots/MSPlots_All/_18_3_2017/b2j4/JetCvsL_StackAreaNormLogY.eps has been created
Info in <TCanvas::Print>: eps file MSPlots/MSPlots_All/_18_3_2017/b2j4/JetEta_Normalized.eps has been created
Info in <TCanvas::Print>: eps file MSPlots/MSPlots_All/_18_3_2017/b2j4/JetEta_Stack.eps has been created
Info in <TCanvas::Print>: eps file MSPlots/MSPlots_All/_18_3_2017/b2j4/JetEta_StackLogY.eps has been created
Info in <TCanvas::Print>: eps file MSPlots/MSPlots_All/_18_3_2017/b2j4/JetEta_StackAreaNorm.eps has been created
Info in <TCanvas::Print>: eps file MSPlots/MSPlots_All/_18_3_2017/b2j4/JetEta_StackAreaNormLogY.eps has been created
Info in <TCanvas::Print>: eps file MSPlots/MSPlots_All/_18_3_2017/b2j4/JetPhi_Normalized.eps has been created
Info in <TCanvas::Print>: eps file MSPlots/MSPlots_All/_18_3_2017/b2j4/JetPhi_Stack.eps has been created
Info in <TCanvas::Print>: eps file MSPlots/MSPlots_All/_18_3_2017/b2j4/JetPhi_StackLogY.eps has been created
Info in <TCanvas::Print>: eps file MSPlots/MSPlots_All/_18_3_2017/b2j4/JetPhi_StackAreaNorm.eps has been created
Info in <TCanvas::Print>: eps file MSPlots/MSPlots_All/_18_3_2017/b2j4/JetPhi_StackAreaNormLogY.eps has been created
Info in <TCanvas::Print>: eps file MSPlots/MSPlots_All/_18_3_2017/b2j4/JetPt_Normalized.eps has been created
Info in <TCanvas::Print>: eps file MSPlots/MSPlots_All/_18_3_2017/b2j4/JetPt_Stack.eps has been created
Info in <TCanvas::Print>: eps file MSPlots/MSPlots_All/_18_3_2017/b2j4/JetPt_StackLogY.eps has been created
Info in <TCanvas::Print>: eps file MSPlots/MSPlots_All/_18_3_2017/b2j4/JetPt_StackAreaNorm.eps has been created
Info in <TCanvas::Print>: eps file MSPlots/MSPlots_All/_18_3_2017/b2j4/JetPt_StackAreaNormLogY.eps has been created
Info in <TCanvas::Print>: eps file MSPlots/MSPlots_All/_18_3_2017/b2j4/JetcMVAv2_Normalized.eps has been created
Info in <TCanvas::Print>: eps file MSPlots/MSPlots_All/_18_3_2017/b2j4/JetcMVAv2_Stack.eps has been created
Info in <TCanvas::Print>: eps file MSPlots/MSPlots_All/_18_3_2017/b2j4/JetcMVAv2_StackLogY.eps has been created
Info in <TCanvas::Print>: eps file MSPlots/MSPlots_All/_18_3_2017/b2j4/JetcMVAv2_StackAreaNorm.eps has been created
Info in <TCanvas::Print>: eps file MSPlots/MSPlots_All/_18_3_2017/b2j4/JetcMVAv2_StackAreaNormLogY.eps has been created
Info in <TCanvas::Print>: eps file MSPlots/MSPlots_All/_18_3_2017/b2j4/LeptonCharge_Normalized.eps has been created
Info in <TCanvas::Print>: eps file MSPlots/MSPlots_All/_18_3_2017/b2j4/LeptonCharge_Stack.eps has been created
Info in <TCanvas::Print>: eps file MSPlots/MSPlots_All/_18_3_2017/b2j4/LeptonCharge_StackLogY.eps has been created
Info in <TCanvas::Print>: eps file MSPlots/MSPlots_All/_18_3_2017/b2j4/LeptonCharge_StackAreaNorm.eps has been created
Info in <TCanvas::Print>: eps file MSPlots/MSPlots_All/_18_3_2017/b2j4/LeptonCharge_StackAreaNormLogY.eps has been created
Info in <TCanvas::Print>: eps file MSPlots/MSPlots_All/_18_3_2017/b2j4/LeptonEta_Normalized.eps has been created
Info in <TCanvas::Print>: eps file MSPlots/MSPlots_All/_18_3_2017/b2j4/LeptonEta_Stack.eps has been created
Info in <TCanvas::Print>: eps file MSPlots/MSPlots_All/_18_3_2017/b2j4/LeptonEta_StackLogY.eps has been created
Info in <TCanvas::Print>: eps file MSPlots/MSPlots_All/_18_3_2017/b2j4/LeptonEta_StackAreaNorm.eps has been created
Info in <TCanvas::Print>: eps file MSPlots/MSPlots_All/_18_3_2017/b2j4/LeptonEta_StackAreaNormLogY.eps has been created
Info in <TCanvas::Print>: eps file MSPlots/MSPlots_All/_18_3_2017/b2j4/LeptonPhi_Normalized.eps has been created
Info in <TCanvas::Print>: eps file MSPlots/MSPlots_All/_18_3_2017/b2j4/LeptonPhi_Stack.eps has been created
Info in <TCanvas::Print>: eps file MSPlots/MSPlots_All/_18_3_2017/b2j4/LeptonPhi_StackLogY.eps has been created
Info in <TCanvas::Print>: eps file MSPlots/MSPlots_All/_18_3_2017/b2j4/LeptonPhi_StackAreaNorm.eps has been created
Info in <TCanvas::Print>: eps file MSPlots/MSPlots_All/_18_3_2017/b2j4/LeptonPhi_StackAreaNormLogY.eps has been created
Info in <TCanvas::Print>: eps file MSPlots/MSPlots_All/_18_3_2017/b2j4/LeptonPt_Normalized.eps has been created
Info in <TCanvas::Print>: eps file MSPlots/MSPlots_All/_18_3_2017/b2j4/LeptonPt_Stack.eps has been created
Info in <TCanvas::Print>: eps file MSPlots/MSPlots_All/_18_3_2017/b2j4/LeptonPt_StackLogY.eps has been created
Info in <TCanvas::Print>: eps file MSPlots/MSPlots_All/_18_3_2017/b2j4/LeptonPt_StackAreaNorm.eps has been created
Info in <TCanvas::Print>: eps file MSPlots/MSPlots_All/_18_3_2017/b2j4/LeptonPt_StackAreaNormLogY.eps has been created
Info in <TCanvas::Print>: eps file MSPlots/MSPlots_All/_18_3_2017/b2j4/MVA_TOPHLEPBB_hct_Normalized.eps has been created
Info in <TCanvas::Print>: eps file MSPlots/MSPlots_All/_18_3_2017/b2j4/MVA_TOPHLEPBB_hct_Stack.eps has been created
Info in <TCanvas::Print>: eps file MSPlots/MSPlots_All/_18_3_2017/b2j4/MVA_TOPHLEPBB_hct_StackLogY.eps has been created
Info in <TCanvas::Print>: eps file MSPlots/MSPlots_All/_18_3_2017/b2j4/MVA_TOPHLEPBB_hct_StackAreaNorm.eps has been created
Info in <TCanvas::Print>: eps file MSPlots/MSPlots_All/_18_3_2017/b2j4/MVA_TOPHLEPBB_hct_StackAreaNormLogY.eps has been created
Info in <TCanvas::Print>: eps file MSPlots/MSPlots_All/_18_3_2017/b2j4/MVA_TOPHLEPBB_hut_Normalized.eps has been created
Info in <TCanvas::Print>: eps file MSPlots/MSPlots_All/_18_3_2017/b2j4/MVA_TOPHLEPBB_hut_Stack.eps has been created
Info in <TCanvas::Print>: eps file MSPlots/MSPlots_All/_18_3_2017/b2j4/MVA_TOPHLEPBB_hut_StackLogY.eps has been created
Info in <TCanvas::Print>: eps file MSPlots/MSPlots_All/_18_3_2017/b2j4/MVA_TOPHLEPBB_hut_StackAreaNorm.eps has been created
Info in <TCanvas::Print>: eps file MSPlots/MSPlots_All/_18_3_2017/b2j4/MVA_TOPHLEPBB_hut_StackAreaNormLogY.eps has been created
Info in <TCanvas::Print>: eps file MSPlots/MSPlots_All/_18_3_2017/b2j4/MVA_TOPTOPLEPHAD_Normalized.eps has been created
Info in <TCanvas::Print>: eps file MSPlots/MSPlots_All/_18_3_2017/b2j4/MVA_TOPTOPLEPHAD_Stack.eps has been created
Info in <TCanvas::Print>: eps file MSPlots/MSPlots_All/_18_3_2017/b2j4/MVA_TOPTOPLEPHAD_StackLogY.eps has been created
Info in <TCanvas::Print>: eps file MSPlots/MSPlots_All/_18_3_2017/b2j4/MVA_TOPTOPLEPHAD_StackAreaNorm.eps has been created
Info in <TCanvas::Print>: eps file MSPlots/MSPlots_All/_18_3_2017/b2j4/MVA_TOPTOPLEPHAD_StackAreaNormLogY.eps has been created
Info in <TCanvas::Print>: eps file MSPlots/MSPlots_All/_18_3_2017/b2j4/MVA_TOPTOPLEPHBB_Normalized.eps has been created
Info in <TCanvas::Print>: eps file MSPlots/MSPlots_All/_18_3_2017/b2j4/MVA_TOPTOPLEPHBB_Stack.eps has been created
Info in <TCanvas::Print>: eps file MSPlots/MSPlots_All/_18_3_2017/b2j4/MVA_TOPTOPLEPHBB_StackLogY.eps has been created
Info in <TCanvas::Print>: eps file MSPlots/MSPlots_All/_18_3_2017/b2j4/MVA_TOPTOPLEPHBB_StackAreaNorm.eps has been created
Info in <TCanvas::Print>: eps file MSPlots/MSPlots_All/_18_3_2017/b2j4/MVA_TOPTOPLEPHBB_StackAreaNormLogY.eps has been created
Info in <TCanvas::Print>: eps file MSPlots/MSPlots_All/_18_3_2017/b2j4/NCSVv2Ljets_Normalized.eps has been created
Info in <TCanvas::Print>: eps file MSPlots/MSPlots_All/_18_3_2017/b2j4/NCSVv2Ljets_Stack.eps has been created
Info in <TCanvas::Print>: eps file MSPlots/MSPlots_All/_18_3_2017/b2j4/NCSVv2Ljets_StackLogY.eps has been created
Info in <TCanvas::Print>: eps file MSPlots/MSPlots_All/_18_3_2017/b2j4/NCSVv2Ljets_StackAreaNorm.eps has been created
Info in <TCanvas::Print>: eps file MSPlots/MSPlots_All/_18_3_2017/b2j4/NCSVv2Ljets_StackAreaNormLogY.eps has been created
Info in <TCanvas::Print>: eps file MSPlots/MSPlots_All/_18_3_2017/b2j4/NCSVv2Mjets_Normalized.eps has been created
Info in <TCanvas::Print>: eps file MSPlots/MSPlots_All/_18_3_2017/b2j4/NCSVv2Mjets_Stack.eps has been created
Info in <TCanvas::Print>: eps file MSPlots/MSPlots_All/_18_3_2017/b2j4/NCSVv2Mjets_StackLogY.eps has been created
Info in <TCanvas::Print>: eps file MSPlots/MSPlots_All/_18_3_2017/b2j4/NCSVv2Mjets_StackAreaNorm.eps has been created
Info in <TCanvas::Print>: eps file MSPlots/MSPlots_All/_18_3_2017/b2j4/NCSVv2Mjets_StackAreaNormLogY.eps has been created
Info in <TCanvas::Print>: eps file MSPlots/MSPlots_All/_18_3_2017/b2j4/NCSVv2Tjets_Normalized.eps has been created
Info in <TCanvas::Print>: eps file MSPlots/MSPlots_All/_18_3_2017/b2j4/NCSVv2Tjets_Stack.eps has been created
Info in <TCanvas::Print>: eps file MSPlots/MSPlots_All/_18_3_2017/b2j4/NCSVv2Tjets_StackLogY.eps has been created
Info in <TCanvas::Print>: eps file MSPlots/MSPlots_All/_18_3_2017/b2j4/NCSVv2Tjets_StackAreaNorm.eps has been created
Info in <TCanvas::Print>: eps file MSPlots/MSPlots_All/_18_3_2017/b2j4/NCSVv2Tjets_StackAreaNormLogY.eps has been created
Info in <TCanvas::Print>: eps file MSPlots/MSPlots_All/_18_3_2017/b2j4/NPV_Normalized.eps has been created
Info in <TCanvas::Print>: eps file MSPlots/MSPlots_All/_18_3_2017/b2j4/NPV_Stack.eps has been created
Info in <TCanvas::Print>: eps file MSPlots/MSPlots_All/_18_3_2017/b2j4/NPV_StackLogY.eps has been created
Info in <TCanvas::Print>: eps file MSPlots/MSPlots_All/_18_3_2017/b2j4/NPV_StackAreaNorm.eps has been created
Info in <TCanvas::Print>: eps file MSPlots/MSPlots_All/_18_3_2017/b2j4/NPV_StackAreaNormLogY.eps has been created
Info in <TCanvas::Print>: eps file MSPlots/MSPlots_All/_18_3_2017/b2j4/Njets_Normalized.eps has been created
Info in <TCanvas::Print>: eps file MSPlots/MSPlots_All/_18_3_2017/b2j4/Njets_Stack.eps has been created
Info in <TCanvas::Print>: eps file MSPlots/MSPlots_All/_18_3_2017/b2j4/Njets_StackLogY.eps has been created
Info in <TCanvas::Print>: eps file MSPlots/MSPlots_All/_18_3_2017/b2j4/Njets_StackAreaNorm.eps has been created
Info in <TCanvas::Print>: eps file MSPlots/MSPlots_All/_18_3_2017/b2j4/Njets_StackAreaNormLogY.eps has been created
Info in <TCanvas::Print>: eps file MSPlots/MSPlots_All/_18_3_2017/b2j4/TopHadBJetCSVv2_TOPTOPLEPHAD_Normalized.eps has been created
Info in <TCanvas::Print>: eps file MSPlots/MSPlots_All/_18_3_2017/b2j4/TopHadBJetCSVv2_TOPTOPLEPHAD_Stack.eps has been created
Info in <TCanvas::Print>: eps file MSPlots/MSPlots_All/_18_3_2017/b2j4/TopHadBJetCSVv2_TOPTOPLEPHAD_StackLogY.eps has been created
Info in <TCanvas::Print>: eps file MSPlots/MSPlots_All/_18_3_2017/b2j4/TopHadBJetCSVv2_TOPTOPLEPHAD_StackAreaNorm.eps has been created
Info in <TCanvas::Print>: eps file MSPlots/MSPlots_All/_18_3_2017/b2j4/TopHadBJetCSVv2_TOPTOPLEPHAD_StackAreaNormLogY.eps has been created
Info in <TCanvas::Print>: eps file MSPlots/MSPlots_All/_18_3_2017/b2j4/TopHadBJetE_TOPTOPLEPHAD_Normalized.eps has been created
Info in <TCanvas::Print>: eps file MSPlots/MSPlots_All/_18_3_2017/b2j4/TopHadBJetE_TOPTOPLEPHAD_Stack.eps has been created
Info in <TCanvas::Print>: eps file MSPlots/MSPlots_All/_18_3_2017/b2j4/TopHadBJetE_TOPTOPLEPHAD_StackLogY.eps has been created
Info in <TCanvas::Print>: eps file MSPlots/MSPlots_All/_18_3_2017/b2j4/TopHadBJetE_TOPTOPLEPHAD_StackAreaNorm.eps has been created
Info in <TCanvas::Print>: eps file MSPlots/MSPlots_All/_18_3_2017/b2j4/TopHadBJetE_TOPTOPLEPHAD_StackAreaNormLogY.eps has been created
Info in <TCanvas::Print>: eps file MSPlots/MSPlots_All/_18_3_2017/b2j4/TopHadBJetEta_TOPTOPLEPHAD_Normalized.eps has been created
Info in <TCanvas::Print>: eps file MSPlots/MSPlots_All/_18_3_2017/b2j4/TopHadBJetEta_TOPTOPLEPHAD_Stack.eps has been created
Info in <TCanvas::Print>: eps file MSPlots/MSPlots_All/_18_3_2017/b2j4/TopHadBJetEta_TOPTOPLEPHAD_StackLogY.eps has been created
Info in <TCanvas::Print>: eps file MSPlots/MSPlots_All/_18_3_2017/b2j4/TopHadBJetEta_TOPTOPLEPHAD_StackAreaNorm.eps has been created
Info in <TCanvas::Print>: eps file MSPlots/MSPlots_All/_18_3_2017/b2j4/TopHadBJetEta_TOPTOPLEPHAD_StackAreaNormLogY.eps has been created
Info in <TCanvas::Print>: eps file MSPlots/MSPlots_All/_18_3_2017/b2j4/TopHadBJetLep_SumInclCharge_TOPTOPLEPHAD_Normalized.eps has been created
Info in <TCanvas::Print>: eps file MSPlots/MSPlots_All/_18_3_2017/b2j4/TopHadBJetLep_SumInclCharge_TOPTOPLEPHAD_Stack.eps has been created
Info in <TCanvas::Print>: eps file MSPlots/MSPlots_All/_18_3_2017/b2j4/TopHadBJetLep_SumInclCharge_TOPTOPLEPHAD_StackLogY.eps has been created
Info in <TCanvas::Print>: eps file MSPlots/MSPlots_All/_18_3_2017/b2j4/TopHadBJetLep_SumInclCharge_TOPTOPLEPHAD_StackAreaNorm.eps has been created
Info in <TCanvas::Print>: eps file MSPlots/MSPlots_All/_18_3_2017/b2j4/TopHadBJetLep_SumInclCharge_TOPTOPLEPHAD_StackAreaNormLogY.eps has been created
Info in <TCanvas::Print>: eps file MSPlots/MSPlots_All/_18_3_2017/b2j4/TopHadBJetPhi_TOPTOPLEPHAD_Normalized.eps has been created
Info in <TCanvas::Print>: eps file MSPlots/MSPlots_All/_18_3_2017/b2j4/TopHadBJetPhi_TOPTOPLEPHAD_Stack.eps has been created
Info in <TCanvas::Print>: eps file MSPlots/MSPlots_All/_18_3_2017/b2j4/TopHadBJetPhi_TOPTOPLEPHAD_StackLogY.eps has been created
Info in <TCanvas::Print>: eps file MSPlots/MSPlots_All/_18_3_2017/b2j4/TopHadBJetPhi_TOPTOPLEPHAD_StackAreaNorm.eps has been created
Info in <TCanvas::Print>: eps file MSPlots/MSPlots_All/_18_3_2017/b2j4/TopHadBJetPhi_TOPTOPLEPHAD_StackAreaNormLogY.eps has been created
Info in <TCanvas::Print>: eps file MSPlots/MSPlots_All/_18_3_2017/b2j4/TopHadBJetPt_TOPTOPLEPHAD_Normalized.eps has been created
Info in <TCanvas::Print>: eps file MSPlots/MSPlots_All/_18_3_2017/b2j4/TopHadBJetPt_TOPTOPLEPHAD_Stack.eps has been created
Info in <TCanvas::Print>: eps file MSPlots/MSPlots_All/_18_3_2017/b2j4/TopHadBJetPt_TOPTOPLEPHAD_StackLogY.eps has been created
Info in <TCanvas::Print>: eps file MSPlots/MSPlots_All/_18_3_2017/b2j4/TopHadBJetPt_TOPTOPLEPHAD_StackAreaNorm.eps has been created
Info in <TCanvas::Print>: eps file MSPlots/MSPlots_All/_18_3_2017/b2j4/TopHadBJetPt_TOPTOPLEPHAD_StackAreaNormLogY.eps has been created
Info in <TCanvas::Print>: eps file MSPlots/MSPlots_All/_18_3_2017/b2j4/TopHadBJetTopLepBJet_SumInclCharge_TOPTOPLEPHAD_Normalized.eps has been created
Info in <TCanvas::Print>: eps file MSPlots/MSPlots_All/_18_3_2017/b2j4/TopHadBJetTopLepBJet_SumInclCharge_TOPTOPLEPHAD_Stack.eps has been created
Info in <TCanvas::Print>: eps file MSPlots/MSPlots_All/_18_3_2017/b2j4/TopHadBJetTopLepBJet_SumInclCharge_TOPTOPLEPHAD_StackLogY.eps has been created
Info in <TCanvas::Print>: eps file MSPlots/MSPlots_All/_18_3_2017/b2j4/TopHadBJetTopLepBJet_SumInclCharge_TOPTOPLEPHAD_StackAreaNorm.eps has been created
Info in <TCanvas::Print>: eps file MSPlots/MSPlots_All/_18_3_2017/b2j4/TopHadBJetTopLepBJet_SumInclCharge_TOPTOPLEPHAD_StackAreaNormLogY.eps has been created
Info in <TCanvas::Print>: eps file MSPlots/MSPlots_All/_18_3_2017/b2j4/TopHadEta_TOPTOPLEPHAD_Normalized.eps has been created
Info in <TCanvas::Print>: eps file MSPlots/MSPlots_All/_18_3_2017/b2j4/TopHadEta_TOPTOPLEPHAD_Stack.eps has been created
Info in <TCanvas::Print>: eps file MSPlots/MSPlots_All/_18_3_2017/b2j4/TopHadEta_TOPTOPLEPHAD_StackLogY.eps has been created
Info in <TCanvas::Print>: eps file MSPlots/MSPlots_All/_18_3_2017/b2j4/TopHadEta_TOPTOPLEPHAD_StackAreaNorm.eps has been created
Info in <TCanvas::Print>: eps file MSPlots/MSPlots_All/_18_3_2017/b2j4/TopHadEta_TOPTOPLEPHAD_StackAreaNormLogY.eps has been created
Info in <TCanvas::Print>: eps file MSPlots/MSPlots_All/_18_3_2017/b2j4/TopHadEta_TOPTOPLEPHBB_Normalized.eps has been created
Info in <TCanvas::Print>: eps file MSPlots/MSPlots_All/_18_3_2017/b2j4/TopHadEta_TOPTOPLEPHBB_Stack.eps has been created
Info in <TCanvas::Print>: eps file MSPlots/MSPlots_All/_18_3_2017/b2j4/TopHadEta_TOPTOPLEPHBB_StackLogY.eps has been created
Info in <TCanvas::Print>: eps file MSPlots/MSPlots_All/_18_3_2017/b2j4/TopHadEta_TOPTOPLEPHBB_StackAreaNorm.eps has been created
Info in <TCanvas::Print>: eps file MSPlots/MSPlots_All/_18_3_2017/b2j4/TopHadEta_TOPTOPLEPHBB_StackAreaNormLogY.eps has been created
Info in <TCanvas::Print>: eps file MSPlots/MSPlots_All/_18_3_2017/b2j4/TopHadMass_TOPTOPLEPHAD_Normalized.eps has been created
Info in <TCanvas::Print>: eps file MSPlots/MSPlots_All/_18_3_2017/b2j4/TopHadMass_TOPTOPLEPHAD_Stack.eps has been created
Info in <TCanvas::Print>: eps file MSPlots/MSPlots_All/_18_3_2017/b2j4/TopHadMass_TOPTOPLEPHAD_StackLogY.eps has been created
Info in <TCanvas::Print>: eps file MSPlots/MSPlots_All/_18_3_2017/b2j4/TopHadMass_TOPTOPLEPHAD_StackAreaNorm.eps has been created
Info in <TCanvas::Print>: eps file MSPlots/MSPlots_All/_18_3_2017/b2j4/TopHadMass_TOPTOPLEPHAD_StackAreaNormLogY.eps has been created
Info in <TCanvas::Print>: eps file MSPlots/MSPlots_All/_18_3_2017/b2j4/TopHadMass_TOPTOPLEPHBB_Normalized.eps has been created
Info in <TCanvas::Print>: eps file MSPlots/MSPlots_All/_18_3_2017/b2j4/TopHadMass_TOPTOPLEPHBB_Stack.eps has been created
Info in <TCanvas::Print>: eps file MSPlots/MSPlots_All/_18_3_2017/b2j4/TopHadMass_TOPTOPLEPHBB_StackLogY.eps has been created
Info in <TCanvas::Print>: eps file MSPlots/MSPlots_All/_18_3_2017/b2j4/TopHadMass_TOPTOPLEPHBB_StackAreaNorm.eps has been created
Info in <TCanvas::Print>: eps file MSPlots/MSPlots_All/_18_3_2017/b2j4/TopHadMass_TOPTOPLEPHBB_StackAreaNormLogY.eps has been created
Info in <TCanvas::Print>: eps file MSPlots/MSPlots_All/_18_3_2017/b2j4/TopHadNonBJetCSVv2_TOPTOPLEPHBB_Normalized.eps has been created
Info in <TCanvas::Print>: eps file MSPlots/MSPlots_All/_18_3_2017/b2j4/TopHadNonBJetCSVv2_TOPTOPLEPHBB_Stack.eps has been created
Info in <TCanvas::Print>: eps file MSPlots/MSPlots_All/_18_3_2017/b2j4/TopHadNonBJetCSVv2_TOPTOPLEPHBB_StackLogY.eps has been created
Info in <TCanvas::Print>: eps file MSPlots/MSPlots_All/_18_3_2017/b2j4/TopHadNonBJetCSVv2_TOPTOPLEPHBB_StackAreaNorm.eps has been created
Info in <TCanvas::Print>: eps file MSPlots/MSPlots_All/_18_3_2017/b2j4/TopHadNonBJetCSVv2_TOPTOPLEPHBB_StackAreaNormLogY.eps has been created
Info in <TCanvas::Print>: eps file MSPlots/MSPlots_All/_18_3_2017/b2j4/TopHadNonBJetE_TOPTOPLEPHBB_Normalized.eps has been created
Info in <TCanvas::Print>: eps file MSPlots/MSPlots_All/_18_3_2017/b2j4/TopHadNonBJetE_TOPTOPLEPHBB_Stack.eps has been created
Info in <TCanvas::Print>: eps file MSPlots/MSPlots_All/_18_3_2017/b2j4/TopHadNonBJetE_TOPTOPLEPHBB_StackLogY.eps has been created
Info in <TCanvas::Print>: eps file MSPlots/MSPlots_All/_18_3_2017/b2j4/TopHadNonBJetE_TOPTOPLEPHBB_StackAreaNorm.eps has been created
Info in <TCanvas::Print>: eps file MSPlots/MSPlots_All/_18_3_2017/b2j4/TopHadNonBJetE_TOPTOPLEPHBB_StackAreaNormLogY.eps has been created
Info in <TCanvas::Print>: eps file MSPlots/MSPlots_All/_18_3_2017/b2j4/TopHadNonBJetEta_TOPTOPLEPHBB_Normalized.eps has been created
Info in <TCanvas::Print>: eps file MSPlots/MSPlots_All/_18_3_2017/b2j4/TopHadNonBJetEta_TOPTOPLEPHBB_Stack.eps has been created
Info in <TCanvas::Print>: eps file MSPlots/MSPlots_All/_18_3_2017/b2j4/TopHadNonBJetEta_TOPTOPLEPHBB_StackLogY.eps has been created
Info in <TCanvas::Print>: eps file MSPlots/MSPlots_All/_18_3_2017/b2j4/TopHadNonBJetEta_TOPTOPLEPHBB_StackAreaNorm.eps has been created
Info in <TCanvas::Print>: eps file MSPlots/MSPlots_All/_18_3_2017/b2j4/TopHadNonBJetEta_TOPTOPLEPHBB_StackAreaNormLogY.eps has been created
Info in <TCanvas::Print>: eps file MSPlots/MSPlots_All/_18_3_2017/b2j4/TopHadNonBJetLep_SumInclCharge_TOPTOPLEPHBB_Normalized.eps has been created
Info in <TCanvas::Print>: eps file MSPlots/MSPlots_All/_18_3_2017/b2j4/TopHadNonBJetLep_SumInclCharge_TOPTOPLEPHBB_Stack.eps has been created
Info in <TCanvas::Print>: eps file MSPlots/MSPlots_All/_18_3_2017/b2j4/TopHadNonBJetLep_SumInclCharge_TOPTOPLEPHBB_StackLogY.eps has been created
Info in <TCanvas::Print>: eps file MSPlots/MSPlots_All/_18_3_2017/b2j4/TopHadNonBJetLep_SumInclCharge_TOPTOPLEPHBB_StackAreaNorm.eps has been created
Info in <TCanvas::Print>: eps file MSPlots/MSPlots_All/_18_3_2017/b2j4/TopHadNonBJetLep_SumInclCharge_TOPTOPLEPHBB_StackAreaNormLogY.eps has been created
Info in <TCanvas::Print>: eps file MSPlots/MSPlots_All/_18_3_2017/b2j4/TopHadNonBJetPhi_TOPTOPLEPHBB_Normalized.eps has been created
Info in <TCanvas::Print>: eps file MSPlots/MSPlots_All/_18_3_2017/b2j4/TopHadNonBJetPhi_TOPTOPLEPHBB_Stack.eps has been created
Info in <TCanvas::Print>: eps file MSPlots/MSPlots_All/_18_3_2017/b2j4/TopHadNonBJetPhi_TOPTOPLEPHBB_StackLogY.eps has been created
Info in <TCanvas::Print>: eps file MSPlots/MSPlots_All/_18_3_2017/b2j4/TopHadNonBJetPhi_TOPTOPLEPHBB_StackAreaNorm.eps has been created
Info in <TCanvas::Print>: eps file MSPlots/MSPlots_All/_18_3_2017/b2j4/TopHadNonBJetPhi_TOPTOPLEPHBB_StackAreaNormLogY.eps has been created
Info in <TCanvas::Print>: eps file MSPlots/MSPlots_All/_18_3_2017/b2j4/TopHadNonBJetPt_TOPTOPLEPHBB_Normalized.eps has been created
Info in <TCanvas::Print>: eps file MSPlots/MSPlots_All/_18_3_2017/b2j4/TopHadNonBJetPt_TOPTOPLEPHBB_Stack.eps has been created
Info in <TCanvas::Print>: eps file MSPlots/MSPlots_All/_18_3_2017/b2j4/TopHadNonBJetPt_TOPTOPLEPHBB_StackLogY.eps has been created
Info in <TCanvas::Print>: eps file MSPlots/MSPlots_All/_18_3_2017/b2j4/TopHadNonBJetPt_TOPTOPLEPHBB_StackAreaNorm.eps has been created
Info in <TCanvas::Print>: eps file MSPlots/MSPlots_All/_18_3_2017/b2j4/TopHadNonBJetPt_TOPTOPLEPHBB_StackAreaNormLogY.eps has been created
Info in <TCanvas::Print>: eps file MSPlots/MSPlots_All/_18_3_2017/b2j4/TopHadNonBJetTopLepBJet_SumInclCharge_TOPTOPLEPHBB_Normalized.eps has been created
Info in <TCanvas::Print>: eps file MSPlots/MSPlots_All/_18_3_2017/b2j4/TopHadNonBJetTopLepBJet_SumInclCharge_TOPTOPLEPHBB_Stack.eps has been created
Info in <TCanvas::Print>: eps file MSPlots/MSPlots_All/_18_3_2017/b2j4/TopHadNonBJetTopLepBJet_SumInclCharge_TOPTOPLEPHBB_StackLogY.eps has been created
Info in <TCanvas::Print>: eps file MSPlots/MSPlots_All/_18_3_2017/b2j4/TopHadNonBJetTopLepBJet_SumInclCharge_TOPTOPLEPHBB_StackAreaNorm.eps has been created
Info in <TCanvas::Print>: eps file MSPlots/MSPlots_All/_18_3_2017/b2j4/TopHadNonBJetTopLepBJet_SumInclCharge_TOPTOPLEPHBB_StackAreaNormLogY.eps has been created
Info in <TCanvas::Print>: eps file MSPlots/MSPlots_All/_18_3_2017/b2j4/TopHadPhi_TOPTOPLEPHAD_Normalized.eps has been created
Info in <TCanvas::Print>: eps file MSPlots/MSPlots_All/_18_3_2017/b2j4/TopHadPhi_TOPTOPLEPHAD_Stack.eps has been created
Info in <TCanvas::Print>: eps file MSPlots/MSPlots_All/_18_3_2017/b2j4/TopHadPhi_TOPTOPLEPHAD_StackLogY.eps has been created
Info in <TCanvas::Print>: eps file MSPlots/MSPlots_All/_18_3_2017/b2j4/TopHadPhi_TOPTOPLEPHAD_StackAreaNorm.eps has been created
Info in <TCanvas::Print>: eps file MSPlots/MSPlots_All/_18_3_2017/b2j4/TopHadPhi_TOPTOPLEPHAD_StackAreaNormLogY.eps has been created
Info in <TCanvas::Print>: eps file MSPlots/MSPlots_All/_18_3_2017/b2j4/TopHadPhi_TOPTOPLEPHBB_Normalized.eps has been created
Info in <TCanvas::Print>: eps file MSPlots/MSPlots_All/_18_3_2017/b2j4/TopHadPhi_TOPTOPLEPHBB_Stack.eps has been created
Info in <TCanvas::Print>: eps file MSPlots/MSPlots_All/_18_3_2017/b2j4/TopHadPhi_TOPTOPLEPHBB_StackLogY.eps has been created
Info in <TCanvas::Print>: eps file MSPlots/MSPlots_All/_18_3_2017/b2j4/TopHadPhi_TOPTOPLEPHBB_StackAreaNorm.eps has been created
Info in <TCanvas::Print>: eps file MSPlots/MSPlots_All/_18_3_2017/b2j4/TopHadPhi_TOPTOPLEPHBB_StackAreaNormLogY.eps has been created
Info in <TCanvas::Print>: eps file MSPlots/MSPlots_All/_18_3_2017/b2j4/TopHadPt_TOPTOPLEPHAD_Normalized.eps has been created
Info in <TCanvas::Print>: eps file MSPlots/MSPlots_All/_18_3_2017/b2j4/TopHadPt_TOPTOPLEPHAD_Stack.eps has been created
Info in <TCanvas::Print>: eps file MSPlots/MSPlots_All/_18_3_2017/b2j4/TopHadPt_TOPTOPLEPHAD_StackLogY.eps has been created
Info in <TCanvas::Print>: eps file MSPlots/MSPlots_All/_18_3_2017/b2j4/TopHadPt_TOPTOPLEPHAD_StackAreaNorm.eps has been created
Info in <TCanvas::Print>: eps file MSPlots/MSPlots_All/_18_3_2017/b2j4/TopHadPt_TOPTOPLEPHAD_StackAreaNormLogY.eps has been created
Info in <TCanvas::Print>: eps file MSPlots/MSPlots_All/_18_3_2017/b2j4/TopHadPt_TOPTOPLEPHBB_Normalized.eps has been created
Info in <TCanvas::Print>: eps file MSPlots/MSPlots_All/_18_3_2017/b2j4/TopHadPt_TOPTOPLEPHBB_Stack.eps has been created
Info in <TCanvas::Print>: eps file MSPlots/MSPlots_All/_18_3_2017/b2j4/TopHadPt_TOPTOPLEPHBB_StackLogY.eps has been created
Info in <TCanvas::Print>: eps file MSPlots/MSPlots_All/_18_3_2017/b2j4/TopHadPt_TOPTOPLEPHBB_StackAreaNorm.eps has been created
Info in <TCanvas::Print>: eps file MSPlots/MSPlots_All/_18_3_2017/b2j4/TopHadPt_TOPTOPLEPHBB_StackAreaNormLogY.eps has been created
Info in <TCanvas::Print>: eps file MSPlots/MSPlots_All/_18_3_2017/b2j4/TopHadWEta_TOPTOPLEPHAD_Normalized.eps has been created
Info in <TCanvas::Print>: eps file MSPlots/MSPlots_All/_18_3_2017/b2j4/TopHadWEta_TOPTOPLEPHAD_Stack.eps has been created
Info in <TCanvas::Print>: eps file MSPlots/MSPlots_All/_18_3_2017/b2j4/TopHadWEta_TOPTOPLEPHAD_StackLogY.eps has been created
Info in <TCanvas::Print>: eps file MSPlots/MSPlots_All/_18_3_2017/b2j4/TopHadWEta_TOPTOPLEPHAD_StackAreaNorm.eps has been created
Info in <TCanvas::Print>: eps file MSPlots/MSPlots_All/_18_3_2017/b2j4/TopHadWEta_TOPTOPLEPHAD_StackAreaNormLogY.eps has been created
Info in <TCanvas::Print>: eps file MSPlots/MSPlots_All/_18_3_2017/b2j4/TopHadWMass_TOPTOPLEPHAD_Normalized.eps has been created
Info in <TCanvas::Print>: eps file MSPlots/MSPlots_All/_18_3_2017/b2j4/TopHadWMass_TOPTOPLEPHAD_Stack.eps has been created
Info in <TCanvas::Print>: eps file MSPlots/MSPlots_All/_18_3_2017/b2j4/TopHadWMass_TOPTOPLEPHAD_StackLogY.eps has been created
Info in <TCanvas::Print>: eps file MSPlots/MSPlots_All/_18_3_2017/b2j4/TopHadWMass_TOPTOPLEPHAD_StackAreaNorm.eps has been created
Info in <TCanvas::Print>: eps file MSPlots/MSPlots_All/_18_3_2017/b2j4/TopHadWMass_TOPTOPLEPHAD_StackAreaNormLogY.eps has been created
Info in <TCanvas::Print>: eps file MSPlots/MSPlots_All/_18_3_2017/b2j4/TopHadWNonBJet1CSVv2_TOPTOPLEPHAD_Normalized.eps has been created
Info in <TCanvas::Print>: eps file MSPlots/MSPlots_All/_18_3_2017/b2j4/TopHadWNonBJet1CSVv2_TOPTOPLEPHAD_Stack.eps has been created
Info in <TCanvas::Print>: eps file MSPlots/MSPlots_All/_18_3_2017/b2j4/TopHadWNonBJet1CSVv2_TOPTOPLEPHAD_StackLogY.eps has been created
Info in <TCanvas::Print>: eps file MSPlots/MSPlots_All/_18_3_2017/b2j4/TopHadWNonBJet1CSVv2_TOPTOPLEPHAD_StackAreaNorm.eps has been created
Info in <TCanvas::Print>: eps file MSPlots/MSPlots_All/_18_3_2017/b2j4/TopHadWNonBJet1CSVv2_TOPTOPLEPHAD_StackAreaNormLogY.eps has been created
Info in <TCanvas::Print>: eps file MSPlots/MSPlots_All/_18_3_2017/b2j4/TopHadWNonBJet1E_TOPTOPLEPHAD_Normalized.eps has been created
Info in <TCanvas::Print>: eps file MSPlots/MSPlots_All/_18_3_2017/b2j4/TopHadWNonBJet1E_TOPTOPLEPHAD_Stack.eps has been created
Info in <TCanvas::Print>: eps file MSPlots/MSPlots_All/_18_3_2017/b2j4/TopHadWNonBJet1E_TOPTOPLEPHAD_StackLogY.eps has been created
Info in <TCanvas::Print>: eps file MSPlots/MSPlots_All/_18_3_2017/b2j4/TopHadWNonBJet1E_TOPTOPLEPHAD_StackAreaNorm.eps has been created
Info in <TCanvas::Print>: eps file MSPlots/MSPlots_All/_18_3_2017/b2j4/TopHadWNonBJet1E_TOPTOPLEPHAD_StackAreaNormLogY.eps has been created
Info in <TCanvas::Print>: eps file MSPlots/MSPlots_All/_18_3_2017/b2j4/TopHadWNonBJet1Eta_TOPTOPLEPHAD_Normalized.eps has been created
Info in <TCanvas::Print>: eps file MSPlots/MSPlots_All/_18_3_2017/b2j4/TopHadWNonBJet1Eta_TOPTOPLEPHAD_Stack.eps has been created
Info in <TCanvas::Print>: eps file MSPlots/MSPlots_All/_18_3_2017/b2j4/TopHadWNonBJet1Eta_TOPTOPLEPHAD_StackLogY.eps has been created
Info in <TCanvas::Print>: eps file MSPlots/MSPlots_All/_18_3_2017/b2j4/TopHadWNonBJet1Eta_TOPTOPLEPHAD_StackAreaNorm.eps has been created
Info in <TCanvas::Print>: eps file MSPlots/MSPlots_All/_18_3_2017/b2j4/TopHadWNonBJet1Eta_TOPTOPLEPHAD_StackAreaNormLogY.eps has been created
Info in <TCanvas::Print>: eps file MSPlots/MSPlots_All/_18_3_2017/b2j4/TopHadWNonBJet1Phi_TOPTOPLEPHAD_Normalized.eps has been created
Info in <TCanvas::Print>: eps file MSPlots/MSPlots_All/_18_3_2017/b2j4/TopHadWNonBJet1Phi_TOPTOPLEPHAD_Stack.eps has been created
Info in <TCanvas::Print>: eps file MSPlots/MSPlots_All/_18_3_2017/b2j4/TopHadWNonBJet1Phi_TOPTOPLEPHAD_StackLogY.eps has been created
Info in <TCanvas::Print>: eps file MSPlots/MSPlots_All/_18_3_2017/b2j4/TopHadWNonBJet1Phi_TOPTOPLEPHAD_StackAreaNorm.eps has been created
Info in <TCanvas::Print>: eps file MSPlots/MSPlots_All/_18_3_2017/b2j4/TopHadWNonBJet1Phi_TOPTOPLEPHAD_StackAreaNormLogY.eps has been created
Info in <TCanvas::Print>: eps file MSPlots/MSPlots_All/_18_3_2017/b2j4/TopHadWNonBJet1Pt_TOPTOPLEPHAD_Normalized.eps has been created
Info in <TCanvas::Print>: eps file MSPlots/MSPlots_All/_18_3_2017/b2j4/TopHadWNonBJet1Pt_TOPTOPLEPHAD_Stack.eps has been created
Info in <TCanvas::Print>: eps file MSPlots/MSPlots_All/_18_3_2017/b2j4/TopHadWNonBJet1Pt_TOPTOPLEPHAD_StackLogY.eps has been created
Info in <TCanvas::Print>: eps file MSPlots/MSPlots_All/_18_3_2017/b2j4/TopHadWNonBJet1Pt_TOPTOPLEPHAD_StackAreaNorm.eps has been created
Info in <TCanvas::Print>: eps file MSPlots/MSPlots_All/_18_3_2017/b2j4/TopHadWNonBJet1Pt_TOPTOPLEPHAD_StackAreaNormLogY.eps has been created
Info in <TCanvas::Print>: eps file MSPlots/MSPlots_All/_18_3_2017/b2j4/TopHadWNonBJet2CSVv2_TOPTOPLEPHAD_Normalized.eps has been created
Info in <TCanvas::Print>: eps file MSPlots/MSPlots_All/_18_3_2017/b2j4/TopHadWNonBJet2CSVv2_TOPTOPLEPHAD_Stack.eps has been created
Info in <TCanvas::Print>: eps file MSPlots/MSPlots_All/_18_3_2017/b2j4/TopHadWNonBJet2CSVv2_TOPTOPLEPHAD_StackLogY.eps has been created
Info in <TCanvas::Print>: eps file MSPlots/MSPlots_All/_18_3_2017/b2j4/TopHadWNonBJet2CSVv2_TOPTOPLEPHAD_StackAreaNorm.eps has been created
Info in <TCanvas::Print>: eps file MSPlots/MSPlots_All/_18_3_2017/b2j4/TopHadWNonBJet2CSVv2_TOPTOPLEPHAD_StackAreaNormLogY.eps has been created
Info in <TCanvas::Print>: eps file MSPlots/MSPlots_All/_18_3_2017/b2j4/TopHadWNonBJet2E_TOPTOPLEPHAD_Normalized.eps has been created
Info in <TCanvas::Print>: eps file MSPlots/MSPlots_All/_18_3_2017/b2j4/TopHadWNonBJet2E_TOPTOPLEPHAD_Stack.eps has been created
Info in <TCanvas::Print>: eps file MSPlots/MSPlots_All/_18_3_2017/b2j4/TopHadWNonBJet2E_TOPTOPLEPHAD_StackLogY.eps has been created
Info in <TCanvas::Print>: eps file MSPlots/MSPlots_All/_18_3_2017/b2j4/TopHadWNonBJet2E_TOPTOPLEPHAD_StackAreaNorm.eps has been created
Info in <TCanvas::Print>: eps file MSPlots/MSPlots_All/_18_3_2017/b2j4/TopHadWNonBJet2E_TOPTOPLEPHAD_StackAreaNormLogY.eps has been created
Info in <TCanvas::Print>: eps file MSPlots/MSPlots_All/_18_3_2017/b2j4/TopHadWNonBJet2Eta_TOPTOPLEPHAD_Normalized.eps has been created
Info in <TCanvas::Print>: eps file MSPlots/MSPlots_All/_18_3_2017/b2j4/TopHadWNonBJet2Eta_TOPTOPLEPHAD_Stack.eps has been created
Info in <TCanvas::Print>: eps file MSPlots/MSPlots_All/_18_3_2017/b2j4/TopHadWNonBJet2Eta_TOPTOPLEPHAD_StackLogY.eps has been created
Info in <TCanvas::Print>: eps file MSPlots/MSPlots_All/_18_3_2017/b2j4/TopHadWNonBJet2Eta_TOPTOPLEPHAD_StackAreaNorm.eps has been created
Info in <TCanvas::Print>: eps file MSPlots/MSPlots_All/_18_3_2017/b2j4/TopHadWNonBJet2Eta_TOPTOPLEPHAD_StackAreaNormLogY.eps has been created
Info in <TCanvas::Print>: eps file MSPlots/MSPlots_All/_18_3_2017/b2j4/TopHadWNonBJet2Phi_TOPTOPLEPHAD_Normalized.eps has been created
Info in <TCanvas::Print>: eps file MSPlots/MSPlots_All/_18_3_2017/b2j4/TopHadWNonBJet2Phi_TOPTOPLEPHAD_Stack.eps has been created
Info in <TCanvas::Print>: eps file MSPlots/MSPlots_All/_18_3_2017/b2j4/TopHadWNonBJet2Phi_TOPTOPLEPHAD_StackLogY.eps has been created
Info in <TCanvas::Print>: eps file MSPlots/MSPlots_All/_18_3_2017/b2j4/TopHadWNonBJet2Phi_TOPTOPLEPHAD_StackAreaNorm.eps has been created
Info in <TCanvas::Print>: eps file MSPlots/MSPlots_All/_18_3_2017/b2j4/TopHadWNonBJet2Phi_TOPTOPLEPHAD_StackAreaNormLogY.eps has been created
Info in <TCanvas::Print>: eps file MSPlots/MSPlots_All/_18_3_2017/b2j4/TopHadWNonBJet2Pt_TOPTOPLEPHAD_Normalized.eps has been created
Info in <TCanvas::Print>: eps file MSPlots/MSPlots_All/_18_3_2017/b2j4/TopHadWNonBJet2Pt_TOPTOPLEPHAD_Stack.eps has been created
Info in <TCanvas::Print>: eps file MSPlots/MSPlots_All/_18_3_2017/b2j4/TopHadWNonBJet2Pt_TOPTOPLEPHAD_StackLogY.eps has been created
Info in <TCanvas::Print>: eps file MSPlots/MSPlots_All/_18_3_2017/b2j4/TopHadWNonBJet2Pt_TOPTOPLEPHAD_StackAreaNorm.eps has been created
Info in <TCanvas::Print>: eps file MSPlots/MSPlots_All/_18_3_2017/b2j4/TopHadWNonBJet2Pt_TOPTOPLEPHAD_StackAreaNormLogY.eps has been created
Info in <TCanvas::Print>: eps file MSPlots/MSPlots_All/_18_3_2017/b2j4/TopHadWPhi_TOPTOPLEPHAD_Normalized.eps has been created
Info in <TCanvas::Print>: eps file MSPlots/MSPlots_All/_18_3_2017/b2j4/TopHadWPhi_TOPTOPLEPHAD_Stack.eps has been created
Info in <TCanvas::Print>: eps file MSPlots/MSPlots_All/_18_3_2017/b2j4/TopHadWPhi_TOPTOPLEPHAD_StackLogY.eps has been created
Info in <TCanvas::Print>: eps file MSPlots/MSPlots_All/_18_3_2017/b2j4/TopHadWPhi_TOPTOPLEPHAD_StackAreaNorm.eps has been created
Info in <TCanvas::Print>: eps file MSPlots/MSPlots_All/_18_3_2017/b2j4/TopHadWPhi_TOPTOPLEPHAD_StackAreaNormLogY.eps has been created
Info in <TCanvas::Print>: eps file MSPlots/MSPlots_All/_18_3_2017/b2j4/TopHadWPt_TOPTOPLEPHAD_Normalized.eps has been created
Info in <TCanvas::Print>: eps file MSPlots/MSPlots_All/_18_3_2017/b2j4/TopHadWPt_TOPTOPLEPHAD_Stack.eps has been created
Info in <TCanvas::Print>: eps file MSPlots/MSPlots_All/_18_3_2017/b2j4/TopHadWPt_TOPTOPLEPHAD_StackLogY.eps has been created
Info in <TCanvas::Print>: eps file MSPlots/MSPlots_All/_18_3_2017/b2j4/TopHadWPt_TOPTOPLEPHAD_StackAreaNorm.eps has been created
Info in <TCanvas::Print>: eps file MSPlots/MSPlots_All/_18_3_2017/b2j4/TopHadWPt_TOPTOPLEPHAD_StackAreaNormLogY.eps has been created
Info in <TCanvas::Print>: eps file MSPlots/MSPlots_All/_18_3_2017/b2j4/TopLepBJetCSVv2_TOPHLEPBB_hct_Normalized.eps has been created
Info in <TCanvas::Print>: eps file MSPlots/MSPlots_All/_18_3_2017/b2j4/TopLepBJetCSVv2_TOPHLEPBB_hct_Stack.eps has been created
Info in <TCanvas::Print>: eps file MSPlots/MSPlots_All/_18_3_2017/b2j4/TopLepBJetCSVv2_TOPHLEPBB_hct_StackLogY.eps has been created
Info in <TCanvas::Print>: eps file MSPlots/MSPlots_All/_18_3_2017/b2j4/TopLepBJetCSVv2_TOPHLEPBB_hct_StackAreaNorm.eps has been created
Info in <TCanvas::Print>: eps file MSPlots/MSPlots_All/_18_3_2017/b2j4/TopLepBJetCSVv2_TOPHLEPBB_hct_StackAreaNormLogY.eps has been created
Info in <TCanvas::Print>: eps file MSPlots/MSPlots_All/_18_3_2017/b2j4/TopLepBJetCSVv2_TOPHLEPBB_hut_Normalized.eps has been created
Info in <TCanvas::Print>: eps file MSPlots/MSPlots_All/_18_3_2017/b2j4/TopLepBJetCSVv2_TOPHLEPBB_hut_Stack.eps has been created
Info in <TCanvas::Print>: eps file MSPlots/MSPlots_All/_18_3_2017/b2j4/TopLepBJetCSVv2_TOPHLEPBB_hut_StackLogY.eps has been created
Info in <TCanvas::Print>: eps file MSPlots/MSPlots_All/_18_3_2017/b2j4/TopLepBJetCSVv2_TOPHLEPBB_hut_StackAreaNorm.eps has been created
Info in <TCanvas::Print>: eps file MSPlots/MSPlots_All/_18_3_2017/b2j4/TopLepBJetCSVv2_TOPHLEPBB_hut_StackAreaNormLogY.eps has been created
Info in <TCanvas::Print>: eps file MSPlots/MSPlots_All/_18_3_2017/b2j4/TopLepBJetCSVv2_TOPTOPLEPHAD_Normalized.eps has been created
Info in <TCanvas::Print>: eps file MSPlots/MSPlots_All/_18_3_2017/b2j4/TopLepBJetCSVv2_TOPTOPLEPHAD_Stack.eps has been created
Info in <TCanvas::Print>: eps file MSPlots/MSPlots_All/_18_3_2017/b2j4/TopLepBJetCSVv2_TOPTOPLEPHAD_StackLogY.eps has been created
Info in <TCanvas::Print>: eps file MSPlots/MSPlots_All/_18_3_2017/b2j4/TopLepBJetCSVv2_TOPTOPLEPHAD_StackAreaNorm.eps has been created
Info in <TCanvas::Print>: eps file MSPlots/MSPlots_All/_18_3_2017/b2j4/TopLepBJetCSVv2_TOPTOPLEPHAD_StackAreaNormLogY.eps has been created
Info in <TCanvas::Print>: eps file MSPlots/MSPlots_All/_18_3_2017/b2j4/TopLepBJetCSVv2_TOPTOPLEPHBB_Normalized.eps has been created
Info in <TCanvas::Print>: eps file MSPlots/MSPlots_All/_18_3_2017/b2j4/TopLepBJetCSVv2_TOPTOPLEPHBB_Stack.eps has been created
Info in <TCanvas::Print>: eps file MSPlots/MSPlots_All/_18_3_2017/b2j4/TopLepBJetCSVv2_TOPTOPLEPHBB_StackLogY.eps has been created
Info in <TCanvas::Print>: eps file MSPlots/MSPlots_All/_18_3_2017/b2j4/TopLepBJetCSVv2_TOPTOPLEPHBB_StackAreaNorm.eps has been created
Info in <TCanvas::Print>: eps file MSPlots/MSPlots_All/_18_3_2017/b2j4/TopLepBJetCSVv2_TOPTOPLEPHBB_StackAreaNormLogY.eps has been created
Info in <TCanvas::Print>: eps file MSPlots/MSPlots_All/_18_3_2017/b2j4/TopLepBJetE_TOPHLEPBB_hct_Normalized.eps has been created
Info in <TCanvas::Print>: eps file MSPlots/MSPlots_All/_18_3_2017/b2j4/TopLepBJetE_TOPHLEPBB_hct_Stack.eps has been created
Info in <TCanvas::Print>: eps file MSPlots/MSPlots_All/_18_3_2017/b2j4/TopLepBJetE_TOPHLEPBB_hct_StackLogY.eps has been created
Info in <TCanvas::Print>: eps file MSPlots/MSPlots_All/_18_3_2017/b2j4/TopLepBJetE_TOPHLEPBB_hct_StackAreaNorm.eps has been created
Info in <TCanvas::Print>: eps file MSPlots/MSPlots_All/_18_3_2017/b2j4/TopLepBJetE_TOPHLEPBB_hct_StackAreaNormLogY.eps has been created
Info in <TCanvas::Print>: eps file MSPlots/MSPlots_All/_18_3_2017/b2j4/TopLepBJetE_TOPHLEPBB_hut_Normalized.eps has been created
Info in <TCanvas::Print>: eps file MSPlots/MSPlots_All/_18_3_2017/b2j4/TopLepBJetE_TOPHLEPBB_hut_Stack.eps has been created
Info in <TCanvas::Print>: eps file MSPlots/MSPlots_All/_18_3_2017/b2j4/TopLepBJetE_TOPHLEPBB_hut_StackLogY.eps has been created
Info in <TCanvas::Print>: eps file MSPlots/MSPlots_All/_18_3_2017/b2j4/TopLepBJetE_TOPHLEPBB_hut_StackAreaNorm.eps has been created
Info in <TCanvas::Print>: eps file MSPlots/MSPlots_All/_18_3_2017/b2j4/TopLepBJetE_TOPHLEPBB_hut_StackAreaNormLogY.eps has been created
Info in <TCanvas::Print>: eps file MSPlots/MSPlots_All/_18_3_2017/b2j4/TopLepBJetE_TOPTOPLEPHAD_Normalized.eps has been created
Info in <TCanvas::Print>: eps file MSPlots/MSPlots_All/_18_3_2017/b2j4/TopLepBJetE_TOPTOPLEPHAD_Stack.eps has been created
Info in <TCanvas::Print>: eps file MSPlots/MSPlots_All/_18_3_2017/b2j4/TopLepBJetE_TOPTOPLEPHAD_StackLogY.eps has been created
Info in <TCanvas::Print>: eps file MSPlots/MSPlots_All/_18_3_2017/b2j4/TopLepBJetE_TOPTOPLEPHAD_StackAreaNorm.eps has been created
Info in <TCanvas::Print>: eps file MSPlots/MSPlots_All/_18_3_2017/b2j4/TopLepBJetE_TOPTOPLEPHAD_StackAreaNormLogY.eps has been created
Info in <TCanvas::Print>: eps file MSPlots/MSPlots_All/_18_3_2017/b2j4/TopLepBJetE_TOPTOPLEPHBB_Normalized.eps has been created
Info in <TCanvas::Print>: eps file MSPlots/MSPlots_All/_18_3_2017/b2j4/TopLepBJetE_TOPTOPLEPHBB_Stack.eps has been created
Info in <TCanvas::Print>: eps file MSPlots/MSPlots_All/_18_3_2017/b2j4/TopLepBJetE_TOPTOPLEPHBB_StackLogY.eps has been created
Info in <TCanvas::Print>: eps file MSPlots/MSPlots_All/_18_3_2017/b2j4/TopLepBJetE_TOPTOPLEPHBB_StackAreaNorm.eps has been created
Info in <TCanvas::Print>: eps file MSPlots/MSPlots_All/_18_3_2017/b2j4/TopLepBJetE_TOPTOPLEPHBB_StackAreaNormLogY.eps has been created
Info in <TCanvas::Print>: eps file MSPlots/MSPlots_All/_18_3_2017/b2j4/TopLepBJetEta_TOPHLEPBB_hct_Normalized.eps has been created
Info in <TCanvas::Print>: eps file MSPlots/MSPlots_All/_18_3_2017/b2j4/TopLepBJetEta_TOPHLEPBB_hct_Stack.eps has been created
Info in <TCanvas::Print>: eps file MSPlots/MSPlots_All/_18_3_2017/b2j4/TopLepBJetEta_TOPHLEPBB_hct_StackLogY.eps has been created
Info in <TCanvas::Print>: eps file MSPlots/MSPlots_All/_18_3_2017/b2j4/TopLepBJetEta_TOPHLEPBB_hct_StackAreaNorm.eps has been created
Info in <TCanvas::Print>: eps file MSPlots/MSPlots_All/_18_3_2017/b2j4/TopLepBJetEta_TOPHLEPBB_hct_StackAreaNormLogY.eps has been created
Info in <TCanvas::Print>: eps file MSPlots/MSPlots_All/_18_3_2017/b2j4/TopLepBJetEta_TOPHLEPBB_hut_Normalized.eps has been created
Info in <TCanvas::Print>: eps file MSPlots/MSPlots_All/_18_3_2017/b2j4/TopLepBJetEta_TOPHLEPBB_hut_Stack.eps has been created
Info in <TCanvas::Print>: eps file MSPlots/MSPlots_All/_18_3_2017/b2j4/TopLepBJetEta_TOPHLEPBB_hut_StackLogY.eps has been created
Info in <TCanvas::Print>: eps file MSPlots/MSPlots_All/_18_3_2017/b2j4/TopLepBJetEta_TOPHLEPBB_hut_StackAreaNorm.eps has been created
Info in <TCanvas::Print>: eps file MSPlots/MSPlots_All/_18_3_2017/b2j4/TopLepBJetEta_TOPHLEPBB_hut_StackAreaNormLogY.eps has been created
Info in <TCanvas::Print>: eps file MSPlots/MSPlots_All/_18_3_2017/b2j4/TopLepBJetEta_TOPTOPLEPHAD_Normalized.eps has been created
Info in <TCanvas::Print>: eps file MSPlots/MSPlots_All/_18_3_2017/b2j4/TopLepBJetEta_TOPTOPLEPHAD_Stack.eps has been created
Info in <TCanvas::Print>: eps file MSPlots/MSPlots_All/_18_3_2017/b2j4/TopLepBJetEta_TOPTOPLEPHAD_StackLogY.eps has been created
Info in <TCanvas::Print>: eps file MSPlots/MSPlots_All/_18_3_2017/b2j4/TopLepBJetEta_TOPTOPLEPHAD_StackAreaNorm.eps has been created
Info in <TCanvas::Print>: eps file MSPlots/MSPlots_All/_18_3_2017/b2j4/TopLepBJetEta_TOPTOPLEPHAD_StackAreaNormLogY.eps has been created
Info in <TCanvas::Print>: eps file MSPlots/MSPlots_All/_18_3_2017/b2j4/TopLepBJetEta_TOPTOPLEPHBB_Normalized.eps has been created
Info in <TCanvas::Print>: eps file MSPlots/MSPlots_All/_18_3_2017/b2j4/TopLepBJetEta_TOPTOPLEPHBB_Stack.eps has been created
Info in <TCanvas::Print>: eps file MSPlots/MSPlots_All/_18_3_2017/b2j4/TopLepBJetEta_TOPTOPLEPHBB_StackLogY.eps has been created
Info in <TCanvas::Print>: eps file MSPlots/MSPlots_All/_18_3_2017/b2j4/TopLepBJetEta_TOPTOPLEPHBB_StackAreaNorm.eps has been created
Info in <TCanvas::Print>: eps file MSPlots/MSPlots_All/_18_3_2017/b2j4/TopLepBJetEta_TOPTOPLEPHBB_StackAreaNormLogY.eps has been created
Info in <TCanvas::Print>: eps file MSPlots/MSPlots_All/_18_3_2017/b2j4/TopLepBJetPhi_TOPHLEPBB_hct_Normalized.eps has been created
Info in <TCanvas::Print>: eps file MSPlots/MSPlots_All/_18_3_2017/b2j4/TopLepBJetPhi_TOPHLEPBB_hct_Stack.eps has been created
Info in <TCanvas::Print>: eps file MSPlots/MSPlots_All/_18_3_2017/b2j4/TopLepBJetPhi_TOPHLEPBB_hct_StackLogY.eps has been created
Info in <TCanvas::Print>: eps file MSPlots/MSPlots_All/_18_3_2017/b2j4/TopLepBJetPhi_TOPHLEPBB_hct_StackAreaNorm.eps has been created
Info in <TCanvas::Print>: eps file MSPlots/MSPlots_All/_18_3_2017/b2j4/TopLepBJetPhi_TOPHLEPBB_hct_StackAreaNormLogY.eps has been created
Info in <TCanvas::Print>: eps file MSPlots/MSPlots_All/_18_3_2017/b2j4/TopLepBJetPhi_TOPHLEPBB_hut_Normalized.eps has been created
Info in <TCanvas::Print>: eps file MSPlots/MSPlots_All/_18_3_2017/b2j4/TopLepBJetPhi_TOPHLEPBB_hut_Stack.eps has been created
Info in <TCanvas::Print>: eps file MSPlots/MSPlots_All/_18_3_2017/b2j4/TopLepBJetPhi_TOPHLEPBB_hut_StackLogY.eps has been created
Info in <TCanvas::Print>: eps file MSPlots/MSPlots_All/_18_3_2017/b2j4/TopLepBJetPhi_TOPHLEPBB_hut_StackAreaNorm.eps has been created
Info in <TCanvas::Print>: eps file MSPlots/MSPlots_All/_18_3_2017/b2j4/TopLepBJetPhi_TOPHLEPBB_hut_StackAreaNormLogY.eps has been created
Info in <TCanvas::Print>: eps file MSPlots/MSPlots_All/_18_3_2017/b2j4/TopLepBJetPhi_TOPTOPLEPHAD_Normalized.eps has been created
Info in <TCanvas::Print>: eps file MSPlots/MSPlots_All/_18_3_2017/b2j4/TopLepBJetPhi_TOPTOPLEPHAD_Stack.eps has been created
Info in <TCanvas::Print>: eps file MSPlots/MSPlots_All/_18_3_2017/b2j4/TopLepBJetPhi_TOPTOPLEPHAD_StackLogY.eps has been created
Info in <TCanvas::Print>: eps file MSPlots/MSPlots_All/_18_3_2017/b2j4/TopLepBJetPhi_TOPTOPLEPHAD_StackAreaNorm.eps has been created
Info in <TCanvas::Print>: eps file MSPlots/MSPlots_All/_18_3_2017/b2j4/TopLepBJetPhi_TOPTOPLEPHAD_StackAreaNormLogY.eps has been created
Info in <TCanvas::Print>: eps file MSPlots/MSPlots_All/_18_3_2017/b2j4/TopLepBJetPhi_TOPTOPLEPHBB_Normalized.eps has been created
Info in <TCanvas::Print>: eps file MSPlots/MSPlots_All/_18_3_2017/b2j4/TopLepBJetPhi_TOPTOPLEPHBB_Stack.eps has been created
Info in <TCanvas::Print>: eps file MSPlots/MSPlots_All/_18_3_2017/b2j4/TopLepBJetPhi_TOPTOPLEPHBB_StackLogY.eps has been created
Info in <TCanvas::Print>: eps file MSPlots/MSPlots_All/_18_3_2017/b2j4/TopLepBJetPhi_TOPTOPLEPHBB_StackAreaNorm.eps has been created
Info in <TCanvas::Print>: eps file MSPlots/MSPlots_All/_18_3_2017/b2j4/TopLepBJetPhi_TOPTOPLEPHBB_StackAreaNormLogY.eps has been created
Info in <TCanvas::Print>: eps file MSPlots/MSPlots_All/_18_3_2017/b2j4/TopLepBJetPt_TOPHLEPBB_hct_Normalized.eps has been created
Info in <TCanvas::Print>: eps file MSPlots/MSPlots_All/_18_3_2017/b2j4/TopLepBJetPt_TOPHLEPBB_hct_Stack.eps has been created
Info in <TCanvas::Print>: eps file MSPlots/MSPlots_All/_18_3_2017/b2j4/TopLepBJetPt_TOPHLEPBB_hct_StackLogY.eps has been created
Info in <TCanvas::Print>: eps file MSPlots/MSPlots_All/_18_3_2017/b2j4/TopLepBJetPt_TOPHLEPBB_hct_StackAreaNorm.eps has been created
Info in <TCanvas::Print>: eps file MSPlots/MSPlots_All/_18_3_2017/b2j4/TopLepBJetPt_TOPHLEPBB_hct_StackAreaNormLogY.eps has been created
Info in <TCanvas::Print>: eps file MSPlots/MSPlots_All/_18_3_2017/b2j4/TopLepBJetPt_TOPHLEPBB_hut_Normalized.eps has been created
Info in <TCanvas::Print>: eps file MSPlots/MSPlots_All/_18_3_2017/b2j4/TopLepBJetPt_TOPHLEPBB_hut_Stack.eps has been created
Info in <TCanvas::Print>: eps file MSPlots/MSPlots_All/_18_3_2017/b2j4/TopLepBJetPt_TOPHLEPBB_hut_StackLogY.eps has been created
Info in <TCanvas::Print>: eps file MSPlots/MSPlots_All/_18_3_2017/b2j4/TopLepBJetPt_TOPHLEPBB_hut_StackAreaNorm.eps has been created
Info in <TCanvas::Print>: eps file MSPlots/MSPlots_All/_18_3_2017/b2j4/TopLepBJetPt_TOPHLEPBB_hut_StackAreaNormLogY.eps has been created
Info in <TCanvas::Print>: eps file MSPlots/MSPlots_All/_18_3_2017/b2j4/TopLepBJetPt_TOPTOPLEPHAD_Normalized.eps has been created
Info in <TCanvas::Print>: eps file MSPlots/MSPlots_All/_18_3_2017/b2j4/TopLepBJetPt_TOPTOPLEPHAD_Stack.eps has been created
Info in <TCanvas::Print>: eps file MSPlots/MSPlots_All/_18_3_2017/b2j4/TopLepBJetPt_TOPTOPLEPHAD_StackLogY.eps has been created
Info in <TCanvas::Print>: eps file MSPlots/MSPlots_All/_18_3_2017/b2j4/TopLepBJetPt_TOPTOPLEPHAD_StackAreaNorm.eps has been created
Info in <TCanvas::Print>: eps file MSPlots/MSPlots_All/_18_3_2017/b2j4/TopLepBJetPt_TOPTOPLEPHAD_StackAreaNormLogY.eps has been created
Info in <TCanvas::Print>: eps file MSPlots/MSPlots_All/_18_3_2017/b2j4/TopLepBJetPt_TOPTOPLEPHBB_Normalized.eps has been created
Info in <TCanvas::Print>: eps file MSPlots/MSPlots_All/_18_3_2017/b2j4/TopLepBJetPt_TOPTOPLEPHBB_Stack.eps has been created
Info in <TCanvas::Print>: eps file MSPlots/MSPlots_All/_18_3_2017/b2j4/TopLepBJetPt_TOPTOPLEPHBB_StackLogY.eps has been created
Info in <TCanvas::Print>: eps file MSPlots/MSPlots_All/_18_3_2017/b2j4/TopLepBJetPt_TOPTOPLEPHBB_StackAreaNorm.eps has been created
Info in <TCanvas::Print>: eps file MSPlots/MSPlots_All/_18_3_2017/b2j4/TopLepBJetPt_TOPTOPLEPHBB_StackAreaNormLogY.eps has been created
Info in <TCanvas::Print>: eps file MSPlots/MSPlots_All/_18_3_2017/b2j4/TopLepEta_TOPHLEPBB_hct_Normalized.eps has been created
Info in <TCanvas::Print>: eps file MSPlots/MSPlots_All/_18_3_2017/b2j4/TopLepEta_TOPHLEPBB_hct_Stack.eps has been created
Info in <TCanvas::Print>: eps file MSPlots/MSPlots_All/_18_3_2017/b2j4/TopLepEta_TOPHLEPBB_hct_StackLogY.eps has been created
Info in <TCanvas::Print>: eps file MSPlots/MSPlots_All/_18_3_2017/b2j4/TopLepEta_TOPHLEPBB_hct_StackAreaNorm.eps has been created
Info in <TCanvas::Print>: eps file MSPlots/MSPlots_All/_18_3_2017/b2j4/TopLepEta_TOPHLEPBB_hct_StackAreaNormLogY.eps has been created
Info in <TCanvas::Print>: eps file MSPlots/MSPlots_All/_18_3_2017/b2j4/TopLepEta_TOPHLEPBB_hut_Normalized.eps has been created
Info in <TCanvas::Print>: eps file MSPlots/MSPlots_All/_18_3_2017/b2j4/TopLepEta_TOPHLEPBB_hut_Stack.eps has been created
Info in <TCanvas::Print>: eps file MSPlots/MSPlots_All/_18_3_2017/b2j4/TopLepEta_TOPHLEPBB_hut_StackLogY.eps has been created
Info in <TCanvas::Print>: eps file MSPlots/MSPlots_All/_18_3_2017/b2j4/TopLepEta_TOPHLEPBB_hut_StackAreaNorm.eps has been created
Info in <TCanvas::Print>: eps file MSPlots/MSPlots_All/_18_3_2017/b2j4/TopLepEta_TOPHLEPBB_hut_StackAreaNormLogY.eps has been created
Info in <TCanvas::Print>: eps file MSPlots/MSPlots_All/_18_3_2017/b2j4/TopLepEta_TOPTOPLEPHAD_Normalized.eps has been created
Info in <TCanvas::Print>: eps file MSPlots/MSPlots_All/_18_3_2017/b2j4/TopLepEta_TOPTOPLEPHAD_Stack.eps has been created
Info in <TCanvas::Print>: eps file MSPlots/MSPlots_All/_18_3_2017/b2j4/TopLepEta_TOPTOPLEPHAD_StackLogY.eps has been created
Info in <TCanvas::Print>: eps file MSPlots/MSPlots_All/_18_3_2017/b2j4/TopLepEta_TOPTOPLEPHAD_StackAreaNorm.eps has been created
Info in <TCanvas::Print>: eps file MSPlots/MSPlots_All/_18_3_2017/b2j4/TopLepEta_TOPTOPLEPHAD_StackAreaNormLogY.eps has been created
Info in <TCanvas::Print>: eps file MSPlots/MSPlots_All/_18_3_2017/b2j4/TopLepEta_TOPTOPLEPHBB_Normalized.eps has been created
Info in <TCanvas::Print>: eps file MSPlots/MSPlots_All/_18_3_2017/b2j4/TopLepEta_TOPTOPLEPHBB_Stack.eps has been created
Info in <TCanvas::Print>: eps file MSPlots/MSPlots_All/_18_3_2017/b2j4/TopLepEta_TOPTOPLEPHBB_StackLogY.eps has been created
Info in <TCanvas::Print>: eps file MSPlots/MSPlots_All/_18_3_2017/b2j4/TopLepEta_TOPTOPLEPHBB_StackAreaNorm.eps has been created
Info in <TCanvas::Print>: eps file MSPlots/MSPlots_All/_18_3_2017/b2j4/TopLepEta_TOPTOPLEPHBB_StackAreaNormLogY.eps has been created
Info in <TCanvas::Print>: eps file MSPlots/MSPlots_All/_18_3_2017/b2j4/TopLepHiggsDr_TOPHLEPBB_hct_Normalized.eps has been created
Info in <TCanvas::Print>: eps file MSPlots/MSPlots_All/_18_3_2017/b2j4/TopLepHiggsDr_TOPHLEPBB_hct_Stack.eps has been created
Info in <TCanvas::Print>: eps file MSPlots/MSPlots_All/_18_3_2017/b2j4/TopLepHiggsDr_TOPHLEPBB_hct_StackLogY.eps has been created
Info in <TCanvas::Print>: eps file MSPlots/MSPlots_All/_18_3_2017/b2j4/TopLepHiggsDr_TOPHLEPBB_hct_StackAreaNorm.eps has been created
Info in <TCanvas::Print>: eps file MSPlots/MSPlots_All/_18_3_2017/b2j4/TopLepHiggsDr_TOPHLEPBB_hct_StackAreaNormLogY.eps has been created
Info in <TCanvas::Print>: eps file MSPlots/MSPlots_All/_18_3_2017/b2j4/TopLepHiggsDr_TOPHLEPBB_hut_Normalized.eps has been created
Info in <TCanvas::Print>: eps file MSPlots/MSPlots_All/_18_3_2017/b2j4/TopLepHiggsDr_TOPHLEPBB_hut_Stack.eps has been created
Info in <TCanvas::Print>: eps file MSPlots/MSPlots_All/_18_3_2017/b2j4/TopLepHiggsDr_TOPHLEPBB_hut_StackLogY.eps has been created
Info in <TCanvas::Print>: eps file MSPlots/MSPlots_All/_18_3_2017/b2j4/TopLepHiggsDr_TOPHLEPBB_hut_StackAreaNorm.eps has been created
Info in <TCanvas::Print>: eps file MSPlots/MSPlots_All/_18_3_2017/b2j4/TopLepHiggsDr_TOPHLEPBB_hut_StackAreaNormLogY.eps has been created
Info in <TCanvas::Print>: eps file MSPlots/MSPlots_All/_18_3_2017/b2j4/TopLepHiggsDr_TOPTOPLEPHBB_Normalized.eps has been created
Info in <TCanvas::Print>: eps file MSPlots/MSPlots_All/_18_3_2017/b2j4/TopLepHiggsDr_TOPTOPLEPHBB_Stack.eps has been created
Info in <TCanvas::Print>: eps file MSPlots/MSPlots_All/_18_3_2017/b2j4/TopLepHiggsDr_TOPTOPLEPHBB_StackLogY.eps has been created
Info in <TCanvas::Print>: eps file MSPlots/MSPlots_All/_18_3_2017/b2j4/TopLepHiggsDr_TOPTOPLEPHBB_StackAreaNorm.eps has been created
Info in <TCanvas::Print>: eps file MSPlots/MSPlots_All/_18_3_2017/b2j4/TopLepHiggsDr_TOPTOPLEPHBB_StackAreaNormLogY.eps has been created
Info in <TCanvas::Print>: eps file MSPlots/MSPlots_All/_18_3_2017/b2j4/TopLepMass_TOPHLEPBB_hct_Normalized.eps has been created
Info in <TCanvas::Print>: eps file MSPlots/MSPlots_All/_18_3_2017/b2j4/TopLepMass_TOPHLEPBB_hct_Stack.eps has been created
Info in <TCanvas::Print>: eps file MSPlots/MSPlots_All/_18_3_2017/b2j4/TopLepMass_TOPHLEPBB_hct_StackLogY.eps has been created
Info in <TCanvas::Print>: eps file MSPlots/MSPlots_All/_18_3_2017/b2j4/TopLepMass_TOPHLEPBB_hct_StackAreaNorm.eps has been created
Info in <TCanvas::Print>: eps file MSPlots/MSPlots_All/_18_3_2017/b2j4/TopLepMass_TOPHLEPBB_hct_StackAreaNormLogY.eps has been created
Info in <TCanvas::Print>: eps file MSPlots/MSPlots_All/_18_3_2017/b2j4/TopLepMass_TOPHLEPBB_hut_Normalized.eps has been created
Info in <TCanvas::Print>: eps file MSPlots/MSPlots_All/_18_3_2017/b2j4/TopLepMass_TOPHLEPBB_hut_Stack.eps has been created
Info in <TCanvas::Print>: eps file MSPlots/MSPlots_All/_18_3_2017/b2j4/TopLepMass_TOPHLEPBB_hut_StackLogY.eps has been created
Info in <TCanvas::Print>: eps file MSPlots/MSPlots_All/_18_3_2017/b2j4/TopLepMass_TOPHLEPBB_hut_StackAreaNorm.eps has been created
Info in <TCanvas::Print>: eps file MSPlots/MSPlots_All/_18_3_2017/b2j4/TopLepMass_TOPHLEPBB_hut_StackAreaNormLogY.eps has been created
Info in <TCanvas::Print>: eps file MSPlots/MSPlots_All/_18_3_2017/b2j4/TopLepMass_TOPTOPLEPHAD_Normalized.eps has been created
Info in <TCanvas::Print>: eps file MSPlots/MSPlots_All/_18_3_2017/b2j4/TopLepMass_TOPTOPLEPHAD_Stack.eps has been created
Info in <TCanvas::Print>: eps file MSPlots/MSPlots_All/_18_3_2017/b2j4/TopLepMass_TOPTOPLEPHAD_StackLogY.eps has been created
Info in <TCanvas::Print>: eps file MSPlots/MSPlots_All/_18_3_2017/b2j4/TopLepMass_TOPTOPLEPHAD_StackAreaNorm.eps has been created
Info in <TCanvas::Print>: eps file MSPlots/MSPlots_All/_18_3_2017/b2j4/TopLepMass_TOPTOPLEPHAD_StackAreaNormLogY.eps has been created
Info in <TCanvas::Print>: eps file MSPlots/MSPlots_All/_18_3_2017/b2j4/TopLepMass_TOPTOPLEPHBB_Normalized.eps has been created
Info in <TCanvas::Print>: eps file MSPlots/MSPlots_All/_18_3_2017/b2j4/TopLepMass_TOPTOPLEPHBB_Stack.eps has been created
Info in <TCanvas::Print>: eps file MSPlots/MSPlots_All/_18_3_2017/b2j4/TopLepMass_TOPTOPLEPHBB_StackLogY.eps has been created
Info in <TCanvas::Print>: eps file MSPlots/MSPlots_All/_18_3_2017/b2j4/TopLepMass_TOPTOPLEPHBB_StackAreaNorm.eps has been created
Info in <TCanvas::Print>: eps file MSPlots/MSPlots_All/_18_3_2017/b2j4/TopLepMass_TOPTOPLEPHBB_StackAreaNormLogY.eps has been created
Info in <TCanvas::Print>: eps file MSPlots/MSPlots_All/_18_3_2017/b2j4/TopLepPhi_TOPHLEPBB_hct_Normalized.eps has been created
Info in <TCanvas::Print>: eps file MSPlots/MSPlots_All/_18_3_2017/b2j4/TopLepPhi_TOPHLEPBB_hct_Stack.eps has been created
Info in <TCanvas::Print>: eps file MSPlots/MSPlots_All/_18_3_2017/b2j4/TopLepPhi_TOPHLEPBB_hct_StackLogY.eps has been created
Info in <TCanvas::Print>: eps file MSPlots/MSPlots_All/_18_3_2017/b2j4/TopLepPhi_TOPHLEPBB_hct_StackAreaNorm.eps has been created
Info in <TCanvas::Print>: eps file MSPlots/MSPlots_All/_18_3_2017/b2j4/TopLepPhi_TOPHLEPBB_hct_StackAreaNormLogY.eps has been created
Info in <TCanvas::Print>: eps file MSPlots/MSPlots_All/_18_3_2017/b2j4/TopLepPhi_TOPHLEPBB_hut_Normalized.eps has been created
Info in <TCanvas::Print>: eps file MSPlots/MSPlots_All/_18_3_2017/b2j4/TopLepPhi_TOPHLEPBB_hut_Stack.eps has been created
Info in <TCanvas::Print>: eps file MSPlots/MSPlots_All/_18_3_2017/b2j4/TopLepPhi_TOPHLEPBB_hut_StackLogY.eps has been created
Info in <TCanvas::Print>: eps file MSPlots/MSPlots_All/_18_3_2017/b2j4/TopLepPhi_TOPHLEPBB_hut_StackAreaNorm.eps has been created
Info in <TCanvas::Print>: eps file MSPlots/MSPlots_All/_18_3_2017/b2j4/TopLepPhi_TOPHLEPBB_hut_StackAreaNormLogY.eps has been created
Info in <TCanvas::Print>: eps file MSPlots/MSPlots_All/_18_3_2017/b2j4/TopLepPhi_TOPTOPLEPHAD_Normalized.eps has been created
Info in <TCanvas::Print>: eps file MSPlots/MSPlots_All/_18_3_2017/b2j4/TopLepPhi_TOPTOPLEPHAD_Stack.eps has been created
Info in <TCanvas::Print>: eps file MSPlots/MSPlots_All/_18_3_2017/b2j4/TopLepPhi_TOPTOPLEPHAD_StackLogY.eps has been created
Info in <TCanvas::Print>: eps file MSPlots/MSPlots_All/_18_3_2017/b2j4/TopLepPhi_TOPTOPLEPHAD_StackAreaNorm.eps has been created
Info in <TCanvas::Print>: eps file MSPlots/MSPlots_All/_18_3_2017/b2j4/TopLepPhi_TOPTOPLEPHAD_StackAreaNormLogY.eps has been created
Info in <TCanvas::Print>: eps file MSPlots/MSPlots_All/_18_3_2017/b2j4/TopLepPhi_TOPTOPLEPHBB_Normalized.eps has been created
Info in <TCanvas::Print>: eps file MSPlots/MSPlots_All/_18_3_2017/b2j4/TopLepPhi_TOPTOPLEPHBB_Stack.eps has been created
Info in <TCanvas::Print>: eps file MSPlots/MSPlots_All/_18_3_2017/b2j4/TopLepPhi_TOPTOPLEPHBB_StackLogY.eps has been created
Info in <TCanvas::Print>: eps file MSPlots/MSPlots_All/_18_3_2017/b2j4/TopLepPhi_TOPTOPLEPHBB_StackAreaNorm.eps has been created
Info in <TCanvas::Print>: eps file MSPlots/MSPlots_All/_18_3_2017/b2j4/TopLepPhi_TOPTOPLEPHBB_StackAreaNormLogY.eps has been created
Info in <TCanvas::Print>: eps file MSPlots/MSPlots_All/_18_3_2017/b2j4/TopLepPt_TOPHLEPBB_hct_Normalized.eps has been created
Info in <TCanvas::Print>: eps file MSPlots/MSPlots_All/_18_3_2017/b2j4/TopLepPt_TOPHLEPBB_hct_Stack.eps has been created
Info in <TCanvas::Print>: eps file MSPlots/MSPlots_All/_18_3_2017/b2j4/TopLepPt_TOPHLEPBB_hct_StackLogY.eps has been created
Info in <TCanvas::Print>: eps file MSPlots/MSPlots_All/_18_3_2017/b2j4/TopLepPt_TOPHLEPBB_hct_StackAreaNorm.eps has been created
Info in <TCanvas::Print>: eps file MSPlots/MSPlots_All/_18_3_2017/b2j4/TopLepPt_TOPHLEPBB_hct_StackAreaNormLogY.eps has been created
Info in <TCanvas::Print>: eps file MSPlots/MSPlots_All/_18_3_2017/b2j4/TopLepPt_TOPHLEPBB_hut_Normalized.eps has been created
Info in <TCanvas::Print>: eps file MSPlots/MSPlots_All/_18_3_2017/b2j4/TopLepPt_TOPHLEPBB_hut_Stack.eps has been created
Info in <TCanvas::Print>: eps file MSPlots/MSPlots_All/_18_3_2017/b2j4/TopLepPt_TOPHLEPBB_hut_StackLogY.eps has been created
Info in <TCanvas::Print>: eps file MSPlots/MSPlots_All/_18_3_2017/b2j4/TopLepPt_TOPHLEPBB_hut_StackAreaNorm.eps has been created
Info in <TCanvas::Print>: eps file MSPlots/MSPlots_All/_18_3_2017/b2j4/TopLepPt_TOPHLEPBB_hut_StackAreaNormLogY.eps has been created
Info in <TCanvas::Print>: eps file MSPlots/MSPlots_All/_18_3_2017/b2j4/TopLepPt_TOPTOPLEPHAD_Normalized.eps has been created
Info in <TCanvas::Print>: eps file MSPlots/MSPlots_All/_18_3_2017/b2j4/TopLepPt_TOPTOPLEPHAD_Stack.eps has been created
Info in <TCanvas::Print>: eps file MSPlots/MSPlots_All/_18_3_2017/b2j4/TopLepPt_TOPTOPLEPHAD_StackLogY.eps has been created
Info in <TCanvas::Print>: eps file MSPlots/MSPlots_All/_18_3_2017/b2j4/TopLepPt_TOPTOPLEPHAD_StackAreaNorm.eps has been created
Info in <TCanvas::Print>: eps file MSPlots/MSPlots_All/_18_3_2017/b2j4/TopLepPt_TOPTOPLEPHAD_StackAreaNormLogY.eps has been created
Info in <TCanvas::Print>: eps file MSPlots/MSPlots_All/_18_3_2017/b2j4/TopLepPt_TOPTOPLEPHBB_Normalized.eps has been created
Info in <TCanvas::Print>: eps file MSPlots/MSPlots_All/_18_3_2017/b2j4/TopLepPt_TOPTOPLEPHBB_Stack.eps has been created
Info in <TCanvas::Print>: eps file MSPlots/MSPlots_All/_18_3_2017/b2j4/TopLepPt_TOPTOPLEPHBB_StackLogY.eps has been created
Info in <TCanvas::Print>: eps file MSPlots/MSPlots_All/_18_3_2017/b2j4/TopLepPt_TOPTOPLEPHBB_StackAreaNorm.eps has been created
Info in <TCanvas::Print>: eps file MSPlots/MSPlots_All/_18_3_2017/b2j4/TopLepPt_TOPTOPLEPHBB_StackAreaNormLogY.eps has been created
Info in <TCanvas::Print>: eps file MSPlots/MSPlots_All/_18_3_2017/b2j4/TopLepTopHadDr_TOPTOPLEPHAD_Normalized.eps has been created
Info in <TCanvas::Print>: eps file MSPlots/MSPlots_All/_18_3_2017/b2j4/TopLepTopHadDr_TOPTOPLEPHAD_Stack.eps has been created
Info in <TCanvas::Print>: eps file MSPlots/MSPlots_All/_18_3_2017/b2j4/TopLepTopHadDr_TOPTOPLEPHAD_StackLogY.eps has been created
Info in <TCanvas::Print>: eps file MSPlots/MSPlots_All/_18_3_2017/b2j4/TopLepTopHadDr_TOPTOPLEPHAD_StackAreaNorm.eps has been created
Info in <TCanvas::Print>: eps file MSPlots/MSPlots_All/_18_3_2017/b2j4/TopLepTopHadDr_TOPTOPLEPHAD_StackAreaNormLogY.eps has been created
Info in <TCanvas::Print>: eps file MSPlots/MSPlots_All/_18_3_2017/b2j4/TopLepTopHadDr_TOPTOPLEPHBB_Normalized.eps has been created
Info in <TCanvas::Print>: eps file MSPlots/MSPlots_All/_18_3_2017/b2j4/TopLepTopHadDr_TOPTOPLEPHBB_Stack.eps has been created
Info in <TCanvas::Print>: eps file MSPlots/MSPlots_All/_18_3_2017/b2j4/TopLepTopHadDr_TOPTOPLEPHBB_StackLogY.eps has been created
Info in <TCanvas::Print>: eps file MSPlots/MSPlots_All/_18_3_2017/b2j4/TopLepTopHadDr_TOPTOPLEPHBB_StackAreaNorm.eps has been created
Info in <TCanvas::Print>: eps file MSPlots/MSPlots_All/_18_3_2017/b2j4/TopLepTopHadDr_TOPTOPLEPHBB_StackAreaNormLogY.eps has been created
Info in <TCanvas::Print>: eps file MSPlots/MSPlots_All/_18_3_2017/b2j4/WJet1WJet2Dr_TOPTOPLEPHAD_Normalized.eps has been created
Info in <TCanvas::Print>: eps file MSPlots/MSPlots_All/_18_3_2017/b2j4/WJet1WJet2Dr_TOPTOPLEPHAD_Stack.eps has been created
Info in <TCanvas::Print>: eps file MSPlots/MSPlots_All/_18_3_2017/b2j4/WJet1WJet2Dr_TOPTOPLEPHAD_StackLogY.eps has been created
Info in <TCanvas::Print>: eps file MSPlots/MSPlots_All/_18_3_2017/b2j4/WJet1WJet2Dr_TOPTOPLEPHAD_StackAreaNorm.eps has been created
Info in <TCanvas::Print>: eps file MSPlots/MSPlots_All/_18_3_2017/b2j4/WJet1WJet2Dr_TOPTOPLEPHAD_StackAreaNormLogY.eps has been created
