------------------------------------------------------------------------------------------------
Begin program
 - Category: b4j4
------------------------------------------------------------------------------------------------
 ... Making the TreeProcessor .xml files 

Searching list of sample used for  Mu  channel!
found  34 datasets

Searching list of sample used for  El  channel!
found  34 datasets
used config file: config/FullMcBkgdSamples_Mu_TreeProcessor.xml
 - split TTBar dataset into ...TTJets_ll, TTJets_cc and TTJets_ll
Dataset:  :TTG_amcJESPlus
                 nEntries: 396990
Dataset:  :TTG_amcJESMinus
                 nEntries: 383816
Dataset:  :TTG_amcJERPlus
                 nEntries: 390618
Dataset:  :TTG_amcJERMinus
                 nEntries: 390324
Dataset:  :TTG_amc
                 nEntries: 390781
Dataset:  :WH_amcJESPlus
                 nEntries: 66726
Dataset:  :WH_amcJESMinus
                 nEntries: 61579
Dataset:  :WH_amcJERPlus
                 nEntries: 64142
Dataset:  :WH_amcJERMinus
                 nEntries: 64182
Dataset:  :WH_amc
                 nEntries: 64158
Dataset:  :WWJESPlus
                 nEntries: 131
Dataset:  :WWJESMinus
                 nEntries: 120
Dataset:  :WWJERPlus
                 nEntries: 126
Dataset:  :WWJERMinus
                 nEntries: 126
Dataset:  :WW
                 nEntries: 126
Dataset:  :ZZ_amcJESPlus
                 nEntries: 312
Dataset:  :ZZ_amcJESMinus
                 nEntries: 284
Dataset:  :ZZ_amcJERPlus
                 nEntries: 295
Dataset:  :ZZ_amcJERMinus
                 nEntries: 297
Dataset:  :ZZ_amc
                 nEntries: 297
Dataset:  :ttWJESPlus
                 nEntries: 418033
Dataset:  :ttWJESMinus
                 nEntries: 405951
Dataset:  :ttWJERPlus
                 nEntries: 402515
Dataset:  :ttWJERMinus
                 nEntries: 398548
Dataset:  :ttW
                 nEntries: 412099
Dataset:  :ttZJESPlus
                 nEntries: 1277842
Dataset:  :ttZJESMinus
                 nEntries: 1241973
Dataset:  :ttZJERPlus
                 nEntries: 1260943
Dataset:  :ttZJERMinus
                 nEntries: 1245258
Dataset:  :ttZ
                 nEntries: 1259487
Dataset:  :TTHJESPlus
                 nEntries: 408640
Dataset:  :TTHJESMinus
                 nEntries: 401078
Dataset:  :TTHJERPlus
                 nEntries: 399471
Dataset:  :TTHJERMinus
                 nEntries: 399848
Dataset:  :TTH
                 nEntries: 404974
Dataset:  :DYJets50_amcJESPlus
                 nEntries: 2551
Dataset:  :DYJets50_amcJESMinus
                 nEntries: 2300
Dataset:  :DYJets50_amcJERPlus
                 nEntries: 2412
Dataset:  :DYJets50_amcJERMinus
                 nEntries: 2428
Dataset:  :DYJets50_amc
                 nEntries: 2433
Dataset:  :DYJets10-50JESPlus
                 nEntries: 36
Dataset:  :DYJets10-50JESMinus
                 nEntries: 29
Dataset:  :DYJets10-50JERPlus
                 nEntries: 32
Dataset:  :DYJets10-50JERMinus
                 nEntries: 31
Dataset:  :DYJets10-50
                 nEntries: 32
Dataset:  :ST-s_amcJESPlus
                 nEntries: 20311
Dataset:  :ST-s_amcJESMinus
                 nEntries: 18753
Dataset:  :ST-s_amcJERPlus
                 nEntries: 19512
Dataset:  :ST-s_amcJERMinus
                 nEntries: 19497
Dataset:  :ST-s_amc
                 nEntries: 19509
Dataset:  :ST-t-topJESPlus
                 nEntries: 295667
Dataset:  :ST-t-topJESMinus
                 nEntries: 273135
Dataset:  :ST-t-topJERPlus
                 nEntries: 283948
Dataset:  :ST-t-topJERMinus
                 nEntries: 284429
Dataset:  :ST-t-top
                 nEntries: 284486
Dataset:  :ST-t-antitopJESPlus
                 nEntries: 185406
Dataset:  :ST-t-antitopJESMinus
                 nEntries: 171381
Dataset:  :ST-t-antitopJERPlus
                 nEntries: 177914
Dataset:  :ST-t-antitopJERMinus
                 nEntries: 178338
Dataset:  :ST-t-antitop
                 nEntries: 177403
Dataset:  :ST-Top-tWJESPlus
                 nEntries: 106953
Dataset:  :ST-Top-tWJESMinus
                 nEntries: 100217
Dataset:  :ST-Top-tWJERPlus
                 nEntries: 103834
Dataset:  :ST-Top-tWJERMinus
                 nEntries: 103860
Dataset:  :ST-Top-tW
                 nEntries: 103859
Dataset:  :ST-AntiTop-tWJESPlus
                 nEntries: 105958
Dataset:  :ST-AntiTop-tWJESMinus
                 nEntries: 99648
Dataset:  :ST-AntiTop-tWJERPlus
                 nEntries: 102798
Dataset:  :ST-AntiTop-tWJERMinus
                 nEntries: 102820
Dataset:  :ST-AntiTop-tW
                 nEntries: 102809
Dataset:  :WJets_4JESPlus
                 nEntries: 10579
Dataset:  :WJets_4JESMinus
                 nEntries: 9756
Dataset:  :WJets_4JERPlus
                 nEntries: 10148
Dataset:  :WJets_4JERMinus
                 nEntries: 10170
Dataset:  :WJets_4
                 nEntries: 10173
Dataset:  :WJets_3JESPlus
                 nEntries: 3934
Dataset:  :WJets_3JESMinus
                 nEntries: 3447
Dataset:  :WJets_3JERPlus
                 nEntries: 3683
Dataset:  :WJets_3JERMinus
                 nEntries: 3683
Dataset:  :WJets_3
                 nEntries: 3687
Dataset:  :WJets_2JESPlus
                 nEntries: 368
Dataset:  :WJets_2JESMinus
                 nEntries: 285
Dataset:  :WJets_2JERPlus
                 nEntries: 330
Dataset:  :WJets_2JERMinus
                 nEntries: 328
Dataset:  :WJets_2
                 nEntries: 328
Dataset:  :WJets_1JESPlus
                 nEntries: 121
Dataset:  :WJets_1JESMinus
                 nEntries: 94
Dataset:  :WJets_1JERPlus
                 nEntries: 104
Dataset:  :WJets_1JERMinus
                 nEntries: 104
Dataset:  :WJets_1
                 nEntries: 104
Dataset:  :TTJets_powhegJESPlus
                 nEntries: 2835754
Dataset:  :TTJets_powhegJESMinus
                 nEntries: 2709714
Dataset:  :TTJets_powhegJERPlus
                 nEntries: 2773161
Dataset:  :TTJets_powhegJERMinus
                 nEntries: 2776219
Dataset:  :TTJets_powheg
                 nEntries: 2774827
